<?xml version="1.0" encoding="utf-8"?>
<TestRun id="93d136ac-7762-4f6c-9898-97e51ee2edd3" name="tim@QUANTUM 2025-12-09 11:41:13" runUser="QUANTUM\tim" xmlns="http://microsoft.com/schemas/VisualStudio/TeamTest/2010">
  <Times creation="2025-12-09T11:41:13.9278133-10:00" queuing="2025-12-09T11:41:13.9278141-10:00" start="2025-12-09T11:41:12.0061927-10:00" finish="2025-12-09T11:41:17.0820980-10:00" />
  <TestSettings name="default" id="fd0f0c7d-4242-459e-b0d8-989c2948a001">
    <Deployment runDeploymentRoot="tim_QUANTUM_2025-12-09_11_41_13" />
  </TestSettings>
  <Results>
    <UnitTestResult executionId="013c55cb-ecb3-45ce-b9f5-77ab8553b740" testId="b7449a2f-e6fd-28a1-5110-57010c20fbcb" testName="pto.track.services.tests.ResourceServiceTests.GetResourcesAsync_ReturnsDtosNotEntities" computerName="QUANTUM" duration="00:00:00.0301291" startTime="2025-12-09T11:41:15.8987718-10:00" endTime="2025-12-09T11:41:15.9288205-10:00" testType="13cdc9d9-ddb5-4fa4-a97d-d965ccfc6d4b" outcome="Passed" testListId="8c84fa94-04c1-424b-9868-57a2d4851a1d" relativeResultsDirectory="013c55cb-ecb3-45ce-b9f5-77ab8553b740" />
    <UnitTestResult executionId="86f904ea-e8a9-4da5-b9ac-b41b3118831d" testId="bc6c1199-94a6-b15a-df10-67c6c643a513" testName="pto.track.services.tests.GroupServiceTests.UpdateGroupAsync_WithValidId_UpdatesGroup" computerName="QUANTUM" duration="00:00:00.0391691" startTime="2025-12-09T11:41:15.8016989-10:00" endTime="2025-12-09T11:41:15.8353780-10:00" testType="13cdc9d9-ddb5-4fa4-a97d-d965ccfc6d4b" outcome="Passed" testListId="8c84fa94-04c1-424b-9868-57a2d4851a1d" relativeResultsDirectory="86f904ea-e8a9-4da5-b9ac-b41b3118831d" />
    <UnitTestResult executionId="6c0d00d1-e022-4cd8-b8e5-46a6e039c380" testId="27f063db-1841-7a9c-8412-f2544bc7ddc3" testName="pto.track.services.tests.DtoSerializationTests.UpdateEventDto_DeserializesFromCamelCase" computerName="QUANTUM" duration="00:00:00.0047741" startTime="2025-12-09T11:41:13.9192428-10:00" endTime="2025-12-09T11:41:13.9195260-10:00" testType="13cdc9d9-ddb5-4fa4-a97d-d965ccfc6d4b" outcome="Passed" testListId="8c84fa94-04c1-424b-9868-57a2d4851a1d" relativeResultsDirectory="6c0d00d1-e022-4cd8-b8e5-46a6e039c380" />
    <UnitTestResult executionId="eb1e5444-d3f4-4cbb-a1b3-657acd3545df" testId="6fea1d63-02a0-fabd-d2bc-4d0fec166ac5" testName="pto.track.services.tests.EventServiceTests.DeleteEventAsync_WithValidId_DeletesEvent" computerName="QUANTUM" duration="00:00:00.0883895" startTime="2025-12-09T11:41:15.7832445-10:00" endTime="2025-12-09T11:41:15.8660458-10:00" testType="13cdc9d9-ddb5-4fa4-a97d-d965ccfc6d4b" outcome="Passed" testListId="8c84fa94-04c1-424b-9868-57a2d4851a1d" relativeResultsDirectory="eb1e5444-d3f4-4cbb-a1b3-657acd3545df" />
    <UnitTestResult executionId="c6474acc-c68c-4877-aefa-10e2737a0aea" testId="75918744-01df-e580-7b0c-bd7beee47b56" testName="pto.track.services.tests.ResourceServiceTests.GetResourcesByGroupAsync_UsesNoTracking" computerName="QUANTUM" duration="00:00:00.0220496" startTime="2025-12-09T11:41:15.8761740-10:00" endTime="2025-12-09T11:41:15.8979416-10:00" testType="13cdc9d9-ddb5-4fa4-a97d-d965ccfc6d4b" outcome="Passed" testListId="8c84fa94-04c1-424b-9868-57a2d4851a1d" relativeResultsDirectory="c6474acc-c68c-4877-aefa-10e2737a0aea" />
    <UnitTestResult executionId="f86560df-fe02-4f66-b3c5-2fec7c90262e" testId="c69b0bc3-1919-8643-fa57-f9841baa4b05" testName="pto.track.services.tests.EventServiceTests.CreateEventAsync_WithNullableFields_CreatesSuccessfully" computerName="QUANTUM" duration="00:00:00.0224547" startTime="2025-12-09T11:41:15.8681133-10:00" endTime="2025-12-09T11:41:15.8929841-10:00" testType="13cdc9d9-ddb5-4fa4-a97d-d965ccfc6d4b" outcome="Passed" testListId="8c84fa94-04c1-424b-9868-57a2d4851a1d" relativeResultsDirectory="f86560df-fe02-4f66-b3c5-2fec7c90262e" />
    <UnitTestResult executionId="8222aad9-fc41-465c-b190-d712886d0eec" testId="4d070c82-2cc4-8254-57d5-df0a53c2a523" testName="pto.track.services.tests.ResourceServiceTests.GetActiveResourcesAsync_FiltersInactiveResources" computerName="QUANTUM" duration="00:00:00.0165884" startTime="2025-12-09T11:41:16.0918586-10:00" endTime="2025-12-09T11:41:16.1079567-10:00" testType="13cdc9d9-ddb5-4fa4-a97d-d965ccfc6d4b" outcome="Passed" testListId="8c84fa94-04c1-424b-9868-57a2d4851a1d" relativeResultsDirectory="8222aad9-fc41-465c-b190-d712886d0eec" />
    <UnitTestResult executionId="03b4c7b7-92b0-467b-9e76-9801340495a6" testId="b90ded28-9c26-a950-fa5c-c35b5430700d" testName="pto.track.services.tests.Specifications.ResourceGroupSpecificationTests.ResourceGroupSpec_IncludesActiveAndInactiveResources" computerName="QUANTUM" duration="00:00:00.0082763" startTime="2025-12-09T11:41:15.8259579-10:00" endTime="2025-12-09T11:41:15.8331326-10:00" testType="13cdc9d9-ddb5-4fa4-a97d-d965ccfc6d4b" outcome="Passed" testListId="8c84fa94-04c1-424b-9868-57a2d4851a1d" relativeResultsDirectory="03b4c7b7-92b0-467b-9e76-9801340495a6" />
    <UnitTestResult executionId="f0a2990d-2370-44c0-8b86-d268155a0be9" testId="62f93075-b7ff-cd86-f9f3-7129273ed7fd" testName="pto.track.services.tests.GroupServiceTests.GetGroupsAsync_UsesNoTracking" computerName="QUANTUM" duration="00:00:00.0195331" startTime="2025-12-09T11:41:15.8935854-10:00" endTime="2025-12-09T11:41:15.9121473-10:00" testType="13cdc9d9-ddb5-4fa4-a97d-d965ccfc6d4b" outcome="Passed" testListId="8c84fa94-04c1-424b-9868-57a2d4851a1d" relativeResultsDirectory="f0a2990d-2370-44c0-8b86-d268155a0be9" />
    <UnitTestResult executionId="34634ed4-63ab-477c-b447-249a4db8e43b" testId="0c00ab7c-f003-b790-502a-26ddcf0e5405" testName="pto.track.services.tests.AbsenceServiceTests.GetAbsenceRequestByIdAsync_WithApproverInfo_ReturnsCompleteData" computerName="QUANTUM" duration="00:00:00.1278592" startTime="2025-12-09T11:41:16.0558606-10:00" endTime="2025-12-09T11:41:16.1793587-10:00" testType="13cdc9d9-ddb5-4fa4-a97d-d965ccfc6d4b" outcome="Passed" testListId="8c84fa94-04c1-424b-9868-57a2d4851a1d" relativeResultsDirectory="34634ed4-63ab-477c-b447-249a4db8e43b" />
    <UnitTestResult executionId="f8ccebef-d1b2-4ec8-bf55-0d9ef349ee69" testId="e79a789d-654e-ae8a-7219-33d1145cce3e" testName="pto.track.services.tests.EventServiceTests.GetEventsAsync_WithEventsInDateRange_ReturnsMatchingEvents" computerName="QUANTUM" duration="00:00:00.0262926" startTime="2025-12-09T11:41:15.9452420-10:00" endTime="2025-12-09T11:41:15.9658501-10:00" testType="13cdc9d9-ddb5-4fa4-a97d-d965ccfc6d4b" outcome="Passed" testListId="8c84fa94-04c1-424b-9868-57a2d4851a1d" relativeResultsDirectory="f8ccebef-d1b2-4ec8-bf55-0d9ef349ee69" />
    <UnitTestResult executionId="b192db00-f05c-4f6f-9fa0-388fbe058a17" testId="9d7d81fa-2b1a-a6a7-523e-52eebbec0f48" testName="pto.track.services.tests.EventServiceTests.DeleteEventAsync_WithInvalidId_ThrowsException" computerName="QUANTUM" duration="00:00:00.0182200" startTime="2025-12-09T11:41:15.8932644-10:00" endTime="2025-12-09T11:41:15.9111195-10:00" testType="13cdc9d9-ddb5-4fa4-a97d-d965ccfc6d4b" outcome="Passed" testListId="8c84fa94-04c1-424b-9868-57a2d4851a1d" relativeResultsDirectory="b192db00-f05c-4f6f-9fa0-388fbe058a17" />
    <UnitTestResult executionId="2409a186-5488-40b4-ac00-e00f53ed6c5e" testId="999ab155-7d35-0eb6-ca16-906a4b3e6efb" testName="pto.track.services.tests.AbsenceServiceTests.CreateAbsenceRequestAsync_WithCancelledToken_ThrowsOperationCancelledException" computerName="QUANTUM" duration="00:00:00.0137301" startTime="2025-12-09T11:41:16.2937314-10:00" endTime="2025-12-09T11:41:16.3068775-10:00" testType="13cdc9d9-ddb5-4fa4-a97d-d965ccfc6d4b" outcome="Passed" testListId="8c84fa94-04c1-424b-9868-57a2d4851a1d" relativeResultsDirectory="2409a186-5488-40b4-ac00-e00f53ed6c5e" />
    <UnitTestResult executionId="7d45cc34-0b9c-4d4b-818b-231ea2254159" testId="68f4271d-86ab-5699-f1a5-cedb64cfb5ac" testName="pto.track.services.tests.UnitOfWorkTests.CommitTransactionAsync_CommitsTransaction" computerName="QUANTUM" duration="00:00:00.1559698" startTime="2025-12-09T11:41:15.5610632-10:00" endTime="2025-12-09T11:41:15.7143415-10:00" testType="13cdc9d9-ddb5-4fa4-a97d-d965ccfc6d4b" outcome="Passed" testListId="8c84fa94-04c1-424b-9868-57a2d4851a1d" relativeResultsDirectory="7d45cc34-0b9c-4d4b-818b-231ea2254159" />
    <UnitTestResult executionId="3afdf89f-0ff2-4aa1-b1bd-ded2e66607dd" testId="8b893477-c3d5-3647-6f6b-0cfcd2cbf1dc" testName="pto.track.services.tests.DtoSerializationTests.EventDto_DoesNotSerializeWithPascalCase" computerName="QUANTUM" duration="00:00:00.0003195" startTime="2025-12-09T11:41:13.9104207-10:00" endTime="2025-12-09T11:41:13.9106573-10:00" testType="13cdc9d9-ddb5-4fa4-a97d-d965ccfc6d4b" outcome="Passed" testListId="8c84fa94-04c1-424b-9868-57a2d4851a1d" relativeResultsDirectory="3afdf89f-0ff2-4aa1-b1bd-ded2e66607dd" />
    <UnitTestResult executionId="1a075216-1a82-4b7f-a7f6-92f9b9e48089" testId="f41e51a3-4c52-7ed6-53af-bc6c12f4e026" testName="pto.track.services.tests.GroupServiceTests.DeleteGroupAsync_WithValidId_DeletesGroup" computerName="QUANTUM" duration="00:00:01.9264852" startTime="2025-12-09T11:41:13.6946438-10:00" endTime="2025-12-09T11:41:15.6264201-10:00" testType="13cdc9d9-ddb5-4fa4-a97d-d965ccfc6d4b" outcome="Passed" testListId="8c84fa94-04c1-424b-9868-57a2d4851a1d" relativeResultsDirectory="1a075216-1a82-4b7f-a7f6-92f9b9e48089" />
    <UnitTestResult executionId="bbbd8a52-4d06-4304-91b1-3f30d0d5fce1" testId="28fc2683-177d-b6c6-fdea-3176e70f1ed8" testName="pto.track.services.tests.AbsenceServiceTests.ApproveAbsenceRequestAsync_WithAlreadyApproved_ReturnsFalse" computerName="QUANTUM" duration="00:00:00.0079860" startTime="2025-12-09T11:41:16.2267795-10:00" endTime="2025-12-09T11:41:16.2346730-10:00" testType="13cdc9d9-ddb5-4fa4-a97d-d965ccfc6d4b" outcome="Passed" testListId="8c84fa94-04c1-424b-9868-57a2d4851a1d" relativeResultsDirectory="bbbd8a52-4d06-4304-91b1-3f30d0d5fce1" />
    <UnitTestResult executionId="e412f982-4ef6-4da4-b366-3a443c0eeb9e" testId="46a227c2-68ab-070e-98e7-a40d7b6410d6" testName="pto.track.services.tests.AbsenceServiceTests.GetAbsenceRequestByIdAsync_WithValidId_ReturnsRequest" computerName="QUANTUM" duration="00:00:00.0232185" startTime="2025-12-09T11:41:16.3084920-10:00" endTime="2025-12-09T11:41:16.3304018-10:00" testType="13cdc9d9-ddb5-4fa4-a97d-d965ccfc6d4b" outcome="Passed" testListId="8c84fa94-04c1-424b-9868-57a2d4851a1d" relativeResultsDirectory="e412f982-4ef6-4da4-b366-3a443c0eeb9e" />
    <UnitTestResult executionId="1ac6e0ec-bb15-45e0-99cf-d75a4eb85d08" testId="f8211814-e0d0-2caa-3bc8-fe66b8402902" testName="pto.track.services.tests.GroupServiceTests.GetGroupsAsync_WithMultipleGroups_ReturnsAll" computerName="QUANTUM" duration="00:00:00.0227404" startTime="2025-12-09T11:41:16.0239071-10:00" endTime="2025-12-09T11:41:16.0453994-10:00" testType="13cdc9d9-ddb5-4fa4-a97d-d965ccfc6d4b" outcome="Passed" testListId="8c84fa94-04c1-424b-9868-57a2d4851a1d" relativeResultsDirectory="1ac6e0ec-bb15-45e0-99cf-d75a4eb85d08" />
    <UnitTestResult executionId="0ae08e26-1938-4a3a-8d17-3ef7dc439346" testId="25cbaaf0-3036-4595-606d-abdca121d607" testName="pto.track.services.tests.GroupServiceTests.GetGroupsAsync_WithNoGroups_ReturnsEmpty" computerName="QUANTUM" duration="00:00:00.0229351" startTime="2025-12-09T11:41:15.8545572-10:00" endTime="2025-12-09T11:41:15.8764350-10:00" testType="13cdc9d9-ddb5-4fa4-a97d-d965ccfc6d4b" outcome="Passed" testListId="8c84fa94-04c1-424b-9868-57a2d4851a1d" relativeResultsDirectory="0ae08e26-1938-4a3a-8d17-3ef7dc439346" />
    <UnitTestResult executionId="e5a0c113-643d-4a0a-ad8e-106e40dd3b6f" testId="2e726055-bd79-8131-9660-4ef2c8030008" testName="pto.track.services.tests.EventServiceTests.GetEventByIdAsync_WithValidId_ReturnsEvent" computerName="QUANTUM" duration="00:00:00.0232545" startTime="2025-12-09T11:41:15.9878517-10:00" endTime="2025-12-09T11:41:16.0010659-10:00" testType="13cdc9d9-ddb5-4fa4-a97d-d965ccfc6d4b" outcome="Passed" testListId="8c84fa94-04c1-424b-9868-57a2d4851a1d" relativeResultsDirectory="e5a0c113-643d-4a0a-ad8e-106e40dd3b6f" />
    <UnitTestResult executionId="ba0a4ae0-4731-4206-ac82-043b4b39d447" testId="c5b1ff28-50bd-bac0-0fe5-d6c6a24314c6" testName="pto.track.services.tests.Specifications.AbsenceSpecificationTests.AbsencesByStatusSpec_FiltersMultipleStatuses" computerName="QUANTUM" duration="00:00:00.2147316" startTime="2025-12-09T11:41:15.7642084-10:00" endTime="2025-12-09T11:41:15.9776138-10:00" testType="13cdc9d9-ddb5-4fa4-a97d-d965ccfc6d4b" outcome="Passed" testListId="8c84fa94-04c1-424b-9868-57a2d4851a1d" relativeResultsDirectory="ba0a4ae0-4731-4206-ac82-043b4b39d447" />
    <UnitTestResult executionId="a3fe7892-90a8-4781-b3c2-f469eab652d6" testId="5c56245c-c796-7656-3806-623df79f2df2" testName="pto.track.services.tests.ResultTests.SuccessResult_WithData_CreatesSuccessfulResultWithData" computerName="QUANTUM" duration="00:00:00.0011145" startTime="2025-12-09T11:41:13.8867691-10:00" endTime="2025-12-09T11:41:13.8869898-10:00" testType="13cdc9d9-ddb5-4fa4-a97d-d965ccfc6d4b" outcome="Passed" testListId="8c84fa94-04c1-424b-9868-57a2d4851a1d" relativeResultsDirectory="a3fe7892-90a8-4781-b3c2-f469eab652d6" />
    <UnitTestResult executionId="e5a96425-d54f-4b36-bd9d-557adf99c782" testId="0e57949f-5eed-e0a5-dc15-9e4681f03e7e" testName="pto.track.services.tests.DtoSerializationTests.EventDto_SerializedJsonMatchesExpectedFormat" computerName="QUANTUM" duration="00:00:00.1228026" startTime="2025-12-09T11:41:13.6944982-10:00" endTime="2025-12-09T11:41:13.9087219-10:00" testType="13cdc9d9-ddb5-4fa4-a97d-d965ccfc6d4b" outcome="Passed" testListId="8c84fa94-04c1-424b-9868-57a2d4851a1d" relativeResultsDirectory="e5a96425-d54f-4b36-bd9d-557adf99c782" />
    <UnitTestResult executionId="91ce5d84-d08a-4aa5-9aa9-ae029930faef" testId="d8d13d5c-9a18-10d4-05f9-33e7bc4e6379" testName="pto.track.services.tests.ResourceServiceTests.GetResourcesByGroupAsync_ReturnsOnlyActiveAndInactiveResources" computerName="QUANTUM" duration="00:00:00.0319039" startTime="2025-12-09T11:41:15.7907384-10:00" endTime="2025-12-09T11:41:15.8229761-10:00" testType="13cdc9d9-ddb5-4fa4-a97d-d965ccfc6d4b" outcome="Passed" testListId="8c84fa94-04c1-424b-9868-57a2d4851a1d" relativeResultsDirectory="91ce5d84-d08a-4aa5-9aa9-ae029930faef" />
    <UnitTestResult executionId="f1cc3d28-cba0-41f3-895c-49ca9e6b5fca" testId="89afa1e4-1aef-547e-812e-86c3faa7cac9" testName="pto.track.services.tests.AbsenceServiceTests.GetAbsenceRequestsAsync_WithNullStatus_ReturnsAllStatuses" computerName="QUANTUM" duration="00:00:00.0363735" startTime="2025-12-09T11:41:16.8531879-10:00" endTime="2025-12-09T11:41:16.8893032-10:00" testType="13cdc9d9-ddb5-4fa4-a97d-d965ccfc6d4b" outcome="Passed" testListId="8c84fa94-04c1-424b-9868-57a2d4851a1d" relativeResultsDirectory="f1cc3d28-cba0-41f3-895c-49ca9e6b5fca" />
    <UnitTestResult executionId="62f7786c-fe00-4106-b074-c8cfbe847e58" testId="055d25e5-c7dd-6420-c5db-a39eab7a4351" testName="pto.track.services.tests.UnitOfWorkTests.CommitTransactionAsync_WhenNoActiveTransaction_DoesNotThrow" computerName="QUANTUM" duration="00:00:00.0015349" startTime="2025-12-09T11:41:15.7811116-10:00" endTime="2025-12-09T11:41:15.7844234-10:00" testType="13cdc9d9-ddb5-4fa4-a97d-d965ccfc6d4b" outcome="Passed" testListId="8c84fa94-04c1-424b-9868-57a2d4851a1d" relativeResultsDirectory="62f7786c-fe00-4106-b074-c8cfbe847e58" />
    <UnitTestResult executionId="6a8e426b-04bd-4420-88e4-0b878409b0f3" testId="a87c30da-ec4d-bec5-400f-0fc24fdd724b" testName="pto.track.services.tests.AbsenceServiceTests.GetPendingAbsenceRequestsAsync_ReturnsOnlyPendingRequests" computerName="QUANTUM" duration="00:00:00.1392026" startTime="2025-12-09T11:41:16.5009590-10:00" endTime="2025-12-09T11:41:16.6398547-10:00" testType="13cdc9d9-ddb5-4fa4-a97d-d965ccfc6d4b" outcome="Passed" testListId="8c84fa94-04c1-424b-9868-57a2d4851a1d" relativeResultsDirectory="6a8e426b-04bd-4420-88e4-0b878409b0f3" />
    <UnitTestResult executionId="d5337621-9b2a-469f-9f0b-2978fa0c22ba" testId="9e2bcd4e-8dcd-01f7-6aa4-63be04f2451e" testName="pto.track.services.tests.UnitOfWorkTests.SaveChangesAsync_WithoutTransaction_SavesImmediately" computerName="QUANTUM" duration="00:00:00.0084039" startTime="2025-12-09T11:41:15.7649697-10:00" endTime="2025-12-09T11:41:15.7705944-10:00" testType="13cdc9d9-ddb5-4fa4-a97d-d965ccfc6d4b" outcome="Passed" testListId="8c84fa94-04c1-424b-9868-57a2d4851a1d" relativeResultsDirectory="d5337621-9b2a-469f-9f0b-2978fa0c22ba" />
    <UnitTestResult executionId="9a2716ec-c30b-4db6-af8c-45e3dbde38cd" testId="95d22589-1d8f-4ebf-e4df-157b1b4617e3" testName="pto.track.services.tests.EventServiceTests.GetEventsAsync_WithOverlappingEvents_ReturnsCorrectly" computerName="QUANTUM" duration="00:00:00.1692018" startTime="2025-12-09T11:41:15.4015402-10:00" endTime="2025-12-09T11:41:15.5692859-10:00" testType="13cdc9d9-ddb5-4fa4-a97d-d965ccfc6d4b" outcome="Passed" testListId="8c84fa94-04c1-424b-9868-57a2d4851a1d" relativeResultsDirectory="9a2716ec-c30b-4db6-af8c-45e3dbde38cd" />
    <UnitTestResult executionId="7477045c-6779-42a6-a24a-7b428bfa4a69" testId="6b9fe114-f311-ad82-baaf-a1bb85391f90" testName="pto.track.services.tests.EventServiceTests.UpdateEventAsync_WithCancelledToken_ThrowsOperationCancelledException" computerName="QUANTUM" duration="00:00:00.0244996" startTime="2025-12-09T11:41:15.7529109-10:00" endTime="2025-12-09T11:41:15.7802980-10:00" testType="13cdc9d9-ddb5-4fa4-a97d-d965ccfc6d4b" outcome="Passed" testListId="8c84fa94-04c1-424b-9868-57a2d4851a1d" relativeResultsDirectory="7477045c-6779-42a6-a24a-7b428bfa4a69" />
    <UnitTestResult executionId="57743cb5-3714-4915-a8e8-9c2cf607d411" testId="cdf57b2e-290f-555e-a7a1-9705ae124a3c" testName="pto.track.services.tests.ResourceServiceTests.GetResourcesAsync_ReturnsInDatabaseOrder" computerName="QUANTUM" duration="00:00:00.0158650" startTime="2025-12-09T11:41:16.0471820-10:00" endTime="2025-12-09T11:41:16.0627713-10:00" testType="13cdc9d9-ddb5-4fa4-a97d-d965ccfc6d4b" outcome="Passed" testListId="8c84fa94-04c1-424b-9868-57a2d4851a1d" relativeResultsDirectory="57743cb5-3714-4915-a8e8-9c2cf607d411" />
    <UnitTestResult executionId="a6fa0e2b-b319-49d8-b12f-297aaff2e5e0" testId="a6bbfe67-bb4c-3053-684c-4b2ac4a1a5f5" testName="pto.track.services.tests.AbsenceServiceTests.ApproveAbsenceRequestAsync_WithValidIdAndDto_ApprovesRequest" computerName="QUANTUM" duration="00:00:00.0218925" startTime="2025-12-09T11:41:16.7229630-10:00" endTime="2025-12-09T11:41:16.7391688-10:00" testType="13cdc9d9-ddb5-4fa4-a97d-d965ccfc6d4b" outcome="Passed" testListId="8c84fa94-04c1-424b-9868-57a2d4851a1d" relativeResultsDirectory="a6fa0e2b-b319-49d8-b12f-297aaff2e5e0" />
    <UnitTestResult executionId="fbeb7ba0-16ad-49fc-8d93-4f712eca9c3c" testId="390793ea-702c-af25-e988-13829a585d81" testName="pto.track.services.tests.EventServiceTests.GetEventsAsync_WithNoEventsInRange_ReturnsEmpty" computerName="QUANTUM" duration="00:00:00.1131564" startTime="2025-12-09T11:41:15.5696072-10:00" endTime="2025-12-09T11:41:15.6827132-10:00" testType="13cdc9d9-ddb5-4fa4-a97d-d965ccfc6d4b" outcome="Passed" testListId="8c84fa94-04c1-424b-9868-57a2d4851a1d" relativeResultsDirectory="fbeb7ba0-16ad-49fc-8d93-4f712eca9c3c" />
    <UnitTestResult executionId="cb40c5bd-03d9-4565-8805-6a1e34ea58ee" testId="5e1e93dc-6d76-fc61-24e5-0d2cf001e844" testName="pto.track.services.tests.GroupServiceTests.GetGroupsAsync_ReturnsDtosNotEntities" computerName="QUANTUM" duration="00:00:00.0159535" startTime="2025-12-09T11:41:15.8776996-10:00" endTime="2025-12-09T11:41:15.8933488-10:00" testType="13cdc9d9-ddb5-4fa4-a97d-d965ccfc6d4b" outcome="Passed" testListId="8c84fa94-04c1-424b-9868-57a2d4851a1d" relativeResultsDirectory="cb40c5bd-03d9-4565-8805-6a1e34ea58ee" />
    <UnitTestResult executionId="273eb692-62ac-4db5-8129-aab5ba01c85f" testId="017dbcc8-7655-a4be-5992-37240192aeee" testName="pto.track.services.tests.AbsenceServiceTests.GetAbsenceRequestsAsync_WithNoRequestsInRange_ReturnsEmpty" computerName="QUANTUM" duration="00:00:00.0368780" startTime="2025-12-09T11:41:16.6408576-10:00" endTime="2025-12-09T11:41:16.6774792-10:00" testType="13cdc9d9-ddb5-4fa4-a97d-d965ccfc6d4b" outcome="Passed" testListId="8c84fa94-04c1-424b-9868-57a2d4851a1d" relativeResultsDirectory="273eb692-62ac-4db5-8129-aab5ba01c85f" />
    <UnitTestResult executionId="ae2d1371-0b48-493c-94bd-efdfb3765c88" testId="0204c3f9-3a86-ce55-e560-6315cab59614" testName="pto.track.services.tests.Specifications.AbsenceSpecificationTests.AbsenceByIdSpec_ReturnsCorrectAbsence" computerName="QUANTUM" duration="00:00:00.0062680" startTime="2025-12-09T11:41:16.3446110-10:00" endTime="2025-12-09T11:41:16.3511473-10:00" testType="13cdc9d9-ddb5-4fa4-a97d-d965ccfc6d4b" outcome="Passed" testListId="8c84fa94-04c1-424b-9868-57a2d4851a1d" relativeResultsDirectory="ae2d1371-0b48-493c-94bd-efdfb3765c88" />
    <UnitTestResult executionId="22b37941-517e-4a5e-a30a-60789ec001d9" testId="44ff9317-7bba-67fb-11c8-c32502821475" testName="pto.track.services.tests.AbsenceServiceTests.DeleteAbsenceRequestAsync_WithValidId_DeletesRequest" computerName="QUANTUM" duration="00:00:00.0103717" startTime="2025-12-09T11:41:16.3685598-10:00" endTime="2025-12-09T11:41:16.3789524-10:00" testType="13cdc9d9-ddb5-4fa4-a97d-d965ccfc6d4b" outcome="Passed" testListId="8c84fa94-04c1-424b-9868-57a2d4851a1d" relativeResultsDirectory="22b37941-517e-4a5e-a30a-60789ec001d9" />
    <UnitTestResult executionId="f943f4c1-d8f2-4b89-b2d0-cc99ffde3a1e" testId="b09bc518-9181-834d-8138-bb12a63a2bbe" testName="pto.track.services.tests.AbsenceServiceTests.ApproveAbsenceRequestAsync_WithCancelledToken_ThrowsOperationCancelledException" computerName="QUANTUM" duration="00:00:00.0111742" startTime="2025-12-09T11:41:16.3797573-10:00" endTime="2025-12-09T11:41:16.3904263-10:00" testType="13cdc9d9-ddb5-4fa4-a97d-d965ccfc6d4b" outcome="Passed" testListId="8c84fa94-04c1-424b-9868-57a2d4851a1d" relativeResultsDirectory="f943f4c1-d8f2-4b89-b2d0-cc99ffde3a1e" />
    <UnitTestResult executionId="7d2e9871-f070-47e9-a53f-506b82d67096" testId="aa128e9c-8c50-ef72-3521-80156ad00b65" testName="pto.track.services.tests.ResourceServiceTests.GetResourcesByGroupAsync_ReturnsResourcesForGroup" computerName="QUANTUM" duration="00:00:00.0355913" startTime="2025-12-09T11:41:15.8236564-10:00" endTime="2025-12-09T11:41:15.8586088-10:00" testType="13cdc9d9-ddb5-4fa4-a97d-d965ccfc6d4b" outcome="Passed" testListId="8c84fa94-04c1-424b-9868-57a2d4851a1d" relativeResultsDirectory="7d2e9871-f070-47e9-a53f-506b82d67096" />
    <UnitTestResult executionId="da204554-86d1-4cf3-b3e1-9a3942ddbc40" testId="8febbb84-98c4-5f68-188d-b688ee575c6a" testName="pto.track.services.tests.Specifications.AbsenceSpecificationTests.Specifications_IncludeNavigationProperties" computerName="QUANTUM" duration="00:00:01.8713994" startTime="2025-12-09T11:41:13.9225324-10:00" endTime="2025-12-09T11:41:15.7635263-10:00" testType="13cdc9d9-ddb5-4fa4-a97d-d965ccfc6d4b" outcome="Passed" testListId="8c84fa94-04c1-424b-9868-57a2d4851a1d" relativeResultsDirectory="da204554-86d1-4cf3-b3e1-9a3942ddbc40" />
    <UnitTestResult executionId="c4179d59-279b-4aa8-8a6f-8a55c9549f56" testId="9d66a2a0-fe8c-7ed7-ae96-dc09ed5145e7" testName="pto.track.services.tests.UnitOfWorkTests.BeginTransactionAsync_StartsTransaction" computerName="QUANTUM" duration="00:00:00.0010000" startTime="2025-12-09T11:41:15.5560782-10:00" endTime="2025-12-09T11:41:15.5562399-10:00" testType="13cdc9d9-ddb5-4fa4-a97d-d965ccfc6d4b" outcome="NotExecuted" testListId="8c84fa94-04c1-424b-9868-57a2d4851a1d" relativeResultsDirectory="c4179d59-279b-4aa8-8a6f-8a55c9549f56">
      <Output>
        <ErrorInfo>
          <Message>InMemory database does not support transactions</Message>
        </ErrorInfo>
      </Output>
    </UnitTestResult>
    <UnitTestResult executionId="a766ddd1-15d3-4796-a6bd-fb069457f9a3" testId="95e03aa3-4c8c-2d0e-6230-768ebf402823" testName="pto.track.services.tests.AbsenceServiceTests.DeleteAbsenceRequestAsync_WithInvalidId_ThrowsException" computerName="QUANTUM" duration="00:00:00.0305005" startTime="2025-12-09T11:41:16.1802091-10:00" endTime="2025-12-09T11:41:16.2099798-10:00" testType="13cdc9d9-ddb5-4fa4-a97d-d965ccfc6d4b" outcome="Passed" testListId="8c84fa94-04c1-424b-9868-57a2d4851a1d" relativeResultsDirectory="a766ddd1-15d3-4796-a6bd-fb069457f9a3" />
    <UnitTestResult executionId="7418775b-9495-461f-a644-c8fe5ca4fa5b" testId="f7f3bff4-4fe1-d256-4141-b555f607e126" testName="pto.track.services.tests.EventServiceTests.UpdateEventAsync_WithInvalidId_ThrowsException" computerName="QUANTUM" duration="00:00:00.0114479" startTime="2025-12-09T11:41:15.9665690-10:00" endTime="2025-12-09T11:41:15.9786299-10:00" testType="13cdc9d9-ddb5-4fa4-a97d-d965ccfc6d4b" outcome="Passed" testListId="8c84fa94-04c1-424b-9868-57a2d4851a1d" relativeResultsDirectory="7418775b-9495-461f-a644-c8fe5ca4fa5b" />
    <UnitTestResult executionId="5bb595e3-a9f4-4d49-9fdb-f39211860418" testId="a949f178-d109-884d-52b9-5b9efa4adf42" testName="pto.track.services.tests.AbsenceServiceTests.UpdateAbsenceRequestAsync_WithApprovedRequest_ReturnsFalse" computerName="QUANTUM" duration="00:00:00.0211258" startTime="2025-12-09T11:41:16.4150730-10:00" endTime="2025-12-09T11:41:16.4328641-10:00" testType="13cdc9d9-ddb5-4fa4-a97d-d965ccfc6d4b" outcome="Passed" testListId="8c84fa94-04c1-424b-9868-57a2d4851a1d" relativeResultsDirectory="5bb595e3-a9f4-4d49-9fdb-f39211860418" />
    <UnitTestResult executionId="ad03c845-af61-4184-afe0-c2b6ff7716e2" testId="e36c186b-ac54-6695-64b3-d18a78423e49" testName="pto.track.services.tests.Specifications.ResourceGroupSpecificationTests.ResourceGroupSpec_WithNoMatchingResources_ReturnsEmpty" computerName="QUANTUM" duration="00:00:00.0029262" startTime="2025-12-09T11:41:15.8204518-10:00" endTime="2025-12-09T11:41:15.8239032-10:00" testType="13cdc9d9-ddb5-4fa4-a97d-d965ccfc6d4b" outcome="Passed" testListId="8c84fa94-04c1-424b-9868-57a2d4851a1d" relativeResultsDirectory="ad03c845-af61-4184-afe0-c2b6ff7716e2" />
    <UnitTestResult executionId="ceb767da-c8f0-4d73-bae2-235519925e96" testId="88dfce70-46d3-b2dd-8243-e8cdd67ae1e2" testName="pto.track.services.tests.Specifications.ResourceGroupSpecificationTests.ResourceGroupSpec_FiltersResourcesByGroupId" computerName="QUANTUM" duration="00:00:00.0084236" startTime="2025-12-09T11:41:15.8482738-10:00" endTime="2025-12-09T11:41:15.8569937-10:00" testType="13cdc9d9-ddb5-4fa4-a97d-d965ccfc6d4b" outcome="Passed" testListId="8c84fa94-04c1-424b-9868-57a2d4851a1d" relativeResultsDirectory="ceb767da-c8f0-4d73-bae2-235519925e96" />
    <UnitTestResult executionId="06fba574-a6ae-4d83-95ce-c7f39261f9c9" testId="c30acb0f-1cfc-d5b1-71b6-508d68ffc525" testName="pto.track.services.tests.DtoSerializationTests.EventDto_SerializesToCamelCase" computerName="QUANTUM" duration="00:00:00.0006864" startTime="2025-12-09T11:41:13.9198652-10:00" endTime="2025-12-09T11:41:13.9199561-10:00" testType="13cdc9d9-ddb5-4fa4-a97d-d965ccfc6d4b" outcome="Passed" testListId="8c84fa94-04c1-424b-9868-57a2d4851a1d" relativeResultsDirectory="06fba574-a6ae-4d83-95ce-c7f39261f9c9" />
    <UnitTestResult executionId="b45aaab0-2fbb-4b53-b8eb-fa08eafd85e6" testId="acacba3e-dffd-e2c9-17fc-7a3ccbe729d1" testName="pto.track.services.tests.ResourceServiceTests.GetResourcesAsync_UsesNoTracking" computerName="QUANTUM" duration="00:00:00.0163934" startTime="2025-12-09T11:41:15.8592625-10:00" endTime="2025-12-09T11:41:15.8756885-10:00" testType="13cdc9d9-ddb5-4fa4-a97d-d965ccfc6d4b" outcome="Passed" testListId="8c84fa94-04c1-424b-9868-57a2d4851a1d" relativeResultsDirectory="b45aaab0-2fbb-4b53-b8eb-fa08eafd85e6" />
    <UnitTestResult executionId="80cd3692-850a-461b-9e89-cb0115b60b03" testId="94e82bd1-48cc-6c05-a912-4f133dc45255" testName="pto.track.services.tests.AbsenceServiceTests.GetAbsenceRequestsAsync_WithCancelledStatusFilter_ReturnsCancelled" computerName="QUANTUM" duration="00:00:00.1865414" startTime="2025-12-09T11:41:15.8652596-10:00" endTime="2025-12-09T11:41:16.0514256-10:00" testType="13cdc9d9-ddb5-4fa4-a97d-d965ccfc6d4b" outcome="Passed" testListId="8c84fa94-04c1-424b-9868-57a2d4851a1d" relativeResultsDirectory="80cd3692-850a-461b-9e89-cb0115b60b03" />
    <UnitTestResult executionId="190de70b-c587-4980-8dc0-37f760c0d961" testId="ce198c91-44a6-4343-df6b-7fdd9d1911db" testName="pto.track.services.tests.Specifications.AbsenceSpecificationTests.AbsencesFilteredSpec_WithNullStatuses_ReturnsAllStatuses" computerName="QUANTUM" duration="00:00:00.0060191" startTime="2025-12-09T11:41:16.3550733-10:00" endTime="2025-12-09T11:41:16.3611769-10:00" testType="13cdc9d9-ddb5-4fa4-a97d-d965ccfc6d4b" outcome="Passed" testListId="8c84fa94-04c1-424b-9868-57a2d4851a1d" relativeResultsDirectory="190de70b-c587-4980-8dc0-37f760c0d961" />
    <UnitTestResult executionId="5e726d33-8402-4f26-8cd0-b51df9326db0" testId="33cb1245-3468-e7f0-08f4-107c6711495f" testName="pto.track.services.tests.AbsenceServiceTests.CancelAbsenceRequestAsync_WithValidIdAndEmployeeId_CancelsRequest" computerName="QUANTUM" duration="00:00:00.0130720" startTime="2025-12-09T11:41:16.6782636-10:00" endTime="2025-12-09T11:41:16.6907846-10:00" testType="13cdc9d9-ddb5-4fa4-a97d-d965ccfc6d4b" outcome="Passed" testListId="8c84fa94-04c1-424b-9868-57a2d4851a1d" relativeResultsDirectory="5e726d33-8402-4f26-8cd0-b51df9326db0" />
    <UnitTestResult executionId="07ae0b10-a977-4fe5-89a4-ab01b4c8c50b" testId="a5170ebe-a537-b8fb-0d42-b501abf08528" testName="pto.track.services.tests.EventServiceTests.CreateEventAsync_PreservesAllFields" computerName="QUANTUM" duration="00:00:00.0317737" startTime="2025-12-09T11:41:15.7192847-10:00" endTime="2025-12-09T11:41:15.7526291-10:00" testType="13cdc9d9-ddb5-4fa4-a97d-d965ccfc6d4b" outcome="Passed" testListId="8c84fa94-04c1-424b-9868-57a2d4851a1d" relativeResultsDirectory="07ae0b10-a977-4fe5-89a4-ab01b4c8c50b" />
    <UnitTestResult executionId="aa377977-2662-4495-938d-1f624d36e1d4" testId="5c4d51f5-049c-2122-a03f-7b2f8d96f7cf" testName="pto.track.services.tests.GroupServiceTests.DeleteGroupAsync_WithInvalidId_ThrowsException" computerName="QUANTUM" duration="00:00:00.0183107" startTime="2025-12-09T11:41:15.7841862-10:00" endTime="2025-12-09T11:41:15.7960975-10:00" testType="13cdc9d9-ddb5-4fa4-a97d-d965ccfc6d4b" outcome="Passed" testListId="8c84fa94-04c1-424b-9868-57a2d4851a1d" relativeResultsDirectory="aa377977-2662-4495-938d-1f624d36e1d4" />
    <UnitTestResult executionId="fbb18c46-993d-42ec-8f4d-c7013cb26e9d" testId="a6763918-d1c7-715d-a695-a2db83a1c096" testName="pto.track.services.tests.AbsenceServiceTests.UpdateAbsenceRequestAsync_WithInvalidId_ThrowsException" computerName="QUANTUM" duration="00:00:00.0115090" startTime="2025-12-09T11:41:16.4891860-10:00" endTime="2025-12-09T11:41:16.5002444-10:00" testType="13cdc9d9-ddb5-4fa4-a97d-d965ccfc6d4b" outcome="Passed" testListId="8c84fa94-04c1-424b-9868-57a2d4851a1d" relativeResultsDirectory="fbb18c46-993d-42ec-8f4d-c7013cb26e9d" />
    <UnitTestResult executionId="a5fdebb1-1fe0-4edb-8e9a-cc47a46b2d70" testId="d4401fda-d426-b749-6bd2-3b7dd4b6a015" testName="pto.track.services.tests.EventServiceTests.GetEventsAsync_WithMultipleResources_ReturnsAllEvents" computerName="QUANTUM" duration="00:00:00.0210425" startTime="2025-12-09T11:41:16.0016410-10:00" endTime="2025-12-09T11:41:16.0241661-10:00" testType="13cdc9d9-ddb5-4fa4-a97d-d965ccfc6d4b" outcome="Passed" testListId="8c84fa94-04c1-424b-9868-57a2d4851a1d" relativeResultsDirectory="a5fdebb1-1fe0-4edb-8e9a-cc47a46b2d70" />
    <UnitTestResult executionId="f7a2d935-c739-41df-ae29-f888cbbea59f" testId="842a92bf-b64a-e74e-9a1c-17631a06c987" testName="pto.track.services.tests.UnitOfWorkTests.Transaction_MultipleOperations_CommitsAllOrNothing" computerName="QUANTUM" duration="00:00:01.1004657" startTime="2025-12-09T11:41:14.4689491-10:00" endTime="2025-12-09T11:41:15.5549280-10:00" testType="13cdc9d9-ddb5-4fa4-a97d-d965ccfc6d4b" outcome="Passed" testListId="8c84fa94-04c1-424b-9868-57a2d4851a1d" relativeResultsDirectory="f7a2d935-c739-41df-ae29-f888cbbea59f" />
    <UnitTestResult executionId="88ef493b-0c74-4ce9-9cc3-573807f29ef2" testId="0cd21065-f7c9-936f-045f-553cbc9a5958" testName="pto.track.services.tests.DtoSerializationTests.EventDto_RoundTripSerialization" computerName="QUANTUM" duration="00:00:00.0240049" startTime="2025-12-09T11:41:13.9093513-10:00" endTime="2025-12-09T11:41:13.9094297-10:00" testType="13cdc9d9-ddb5-4fa4-a97d-d965ccfc6d4b" outcome="Passed" testListId="8c84fa94-04c1-424b-9868-57a2d4851a1d" relativeResultsDirectory="88ef493b-0c74-4ce9-9cc3-573807f29ef2" />
    <UnitTestResult executionId="2b1cfa34-b9eb-4764-a0f3-597bd8cb90ff" testId="2fe88c5a-5ae2-cdb9-476d-5cb42afced97" testName="pto.track.services.tests.AbsenceServiceTests.GetAbsenceRequestsAsync_WithRequestsInDateRange_ReturnsMatchingRequests" computerName="QUANTUM" duration="00:00:02.1637253" startTime="2025-12-09T11:41:13.6879557-10:00" endTime="2025-12-09T11:41:15.8645379-10:00" testType="13cdc9d9-ddb5-4fa4-a97d-d965ccfc6d4b" outcome="Passed" testListId="8c84fa94-04c1-424b-9868-57a2d4851a1d" relativeResultsDirectory="2b1cfa34-b9eb-4764-a0f3-597bd8cb90ff" />
    <UnitTestResult executionId="833ee258-4403-4bb7-9edb-196d9f89b808" testId="9e16b374-3206-ed1a-4e2f-8503d006f5de" testName="pto.track.services.tests.ResourceServiceTests.GetResourcesByGroupAsync_IncludesGroupIdInDto" computerName="QUANTUM" duration="00:00:00.0157979" startTime="2025-12-09T11:41:16.0039894-10:00" endTime="2025-12-09T11:41:16.0197887-10:00" testType="13cdc9d9-ddb5-4fa4-a97d-d965ccfc6d4b" outcome="Passed" testListId="8c84fa94-04c1-424b-9868-57a2d4851a1d" relativeResultsDirectory="833ee258-4403-4bb7-9edb-196d9f89b808" />
    <UnitTestResult executionId="c22b808a-0d38-4550-8d69-54b07ab50ba5" testId="65470acc-24ae-b4f2-a544-910855b8c236" testName="pto.track.services.tests.Specifications.AbsenceSpecificationTests.AbsencesFilteredSpec_WithEmptyStatusList_ReturnsAllStatuses" computerName="QUANTUM" duration="00:00:00.0032236" startTime="2025-12-09T11:41:16.3526472-10:00" endTime="2025-12-09T11:41:16.3546583-10:00" testType="13cdc9d9-ddb5-4fa4-a97d-d965ccfc6d4b" outcome="Passed" testListId="8c84fa94-04c1-424b-9868-57a2d4851a1d" relativeResultsDirectory="c22b808a-0d38-4550-8d69-54b07ab50ba5" />
    <UnitTestResult executionId="9dab857f-8f05-4fde-9194-f2ee3dcf7f7b" testId="84bbf4d6-31cb-dfce-d9d0-4f73d298d8fa" testName="pto.track.services.tests.GroupServiceTests.GetGroupByIdAsync_WithValidId_ReturnsGroup" computerName="QUANTUM" duration="00:00:00.0251563" startTime="2025-12-09T11:41:15.9427856-10:00" endTime="2025-12-09T11:41:15.9624654-10:00" testType="13cdc9d9-ddb5-4fa4-a97d-d965ccfc6d4b" outcome="Passed" testListId="8c84fa94-04c1-424b-9868-57a2d4851a1d" relativeResultsDirectory="9dab857f-8f05-4fde-9194-f2ee3dcf7f7b" />
    <UnitTestResult executionId="701ce3f3-8346-4ba0-a46e-02c916ed5d98" testId="3708fa75-a5bb-b0a0-e756-dd8defda3e1f" testName="pto.track.services.tests.AbsenceServiceTests.ApproveAbsenceRequestAsync_WithInvalidId_ThrowsException" computerName="QUANTUM" duration="00:00:00.0109794" startTime="2025-12-09T11:41:16.6952794-10:00" endTime="2025-12-09T11:41:16.7019175-10:00" testType="13cdc9d9-ddb5-4fa4-a97d-d965ccfc6d4b" outcome="Passed" testListId="8c84fa94-04c1-424b-9868-57a2d4851a1d" relativeResultsDirectory="701ce3f3-8346-4ba0-a46e-02c916ed5d98" />
    <UnitTestResult executionId="8903fc09-ac27-41f9-906f-6a6b9f14d636" testId="790d65be-b832-c982-54f6-e85d2c5cf4d0" testName="pto.track.services.tests.UnitOfWorkTests.RollbackTransactionAsync_WhenNoActiveTransaction_DoesNotThrow" computerName="QUANTUM" duration="00:00:00.0065479" startTime="2025-12-09T11:41:15.7795251-10:00" endTime="2025-12-09T11:41:15.7798273-10:00" testType="13cdc9d9-ddb5-4fa4-a97d-d965ccfc6d4b" outcome="Passed" testListId="8c84fa94-04c1-424b-9868-57a2d4851a1d" relativeResultsDirectory="8903fc09-ac27-41f9-906f-6a6b9f14d636" />
    <UnitTestResult executionId="394f6bd2-26e3-48a9-8d4d-398e9700191e" testId="5848306e-ccc9-5132-3b4d-4c08b724ca5c" testName="pto.track.services.tests.ResourceServiceTests.GetResourceByIdAsync_WithValidId_ReturnsResource" computerName="QUANTUM" duration="00:00:00.0357513" startTime="2025-12-09T11:41:15.9681102-10:00" endTime="2025-12-09T11:41:16.0037220-10:00" testType="13cdc9d9-ddb5-4fa4-a97d-d965ccfc6d4b" outcome="Passed" testListId="8c84fa94-04c1-424b-9868-57a2d4851a1d" relativeResultsDirectory="394f6bd2-26e3-48a9-8d4d-398e9700191e" />
    <UnitTestResult executionId="f527b8a1-210b-4cd3-ae17-c20d0dd68129" testId="ac75401c-f381-48f1-b1ae-2a2adb9761ca" testName="pto.track.services.tests.ResultTests.Failure_WithData_CreatesFailedResultWithErrorMessage" computerName="QUANTUM" duration="00:00:00.0060380" startTime="2025-12-09T11:41:13.7631992-10:00" endTime="2025-12-09T11:41:13.7636800-10:00" testType="13cdc9d9-ddb5-4fa4-a97d-d965ccfc6d4b" outcome="Passed" testListId="8c84fa94-04c1-424b-9868-57a2d4851a1d" relativeResultsDirectory="f527b8a1-210b-4cd3-ae17-c20d0dd68129" />
    <UnitTestResult executionId="a9394400-eb94-44c1-91c0-ec029479ad4b" testId="635b25f4-6dfd-b3f2-f685-495323c6cf94" testName="pto.track.services.tests.EventServiceTests.CreateEventAsync_WithValidDto_CreatesAndReturnsEvent" computerName="QUANTUM" duration="00:00:00.0563447" startTime="2025-12-09T11:41:15.3433866-10:00" endTime="2025-12-09T11:41:15.3999060-10:00" testType="13cdc9d9-ddb5-4fa4-a97d-d965ccfc6d4b" outcome="Passed" testListId="8c84fa94-04c1-424b-9868-57a2d4851a1d" relativeResultsDirectory="a9394400-eb94-44c1-91c0-ec029479ad4b" />
    <UnitTestResult executionId="35447597-6e31-4e28-a15a-103be09a0423" testId="86019a3a-d5d0-6cf3-ce58-5fd5ae61e039" testName="pto.track.services.tests.AbsenceServiceTests.GetAbsenceRequestsByEmployeeAsync_WithEmployeeId_ReturnsOnlyEmployeeRequests" computerName="QUANTUM" duration="00:00:00.1134054" startTime="2025-12-09T11:41:16.7401637-10:00" endTime="2025-12-09T11:41:16.8526821-10:00" testType="13cdc9d9-ddb5-4fa4-a97d-d965ccfc6d4b" outcome="Passed" testListId="8c84fa94-04c1-424b-9868-57a2d4851a1d" relativeResultsDirectory="35447597-6e31-4e28-a15a-103be09a0423" />
    <UnitTestResult executionId="eaa00f26-1089-409a-b322-74b51297a543" testId="d5a5fd18-d643-3be9-7250-204e4d7649c4" testName="pto.track.services.tests.Specifications.ResourceGroupSpecificationTests.ResourceGroupSpec_WorksWithEvaluator" computerName="QUANTUM" duration="00:00:00.2133500" startTime="2025-12-09T11:41:15.6065012-10:00" endTime="2025-12-09T11:41:15.8201668-10:00" testType="13cdc9d9-ddb5-4fa4-a97d-d965ccfc6d4b" outcome="Passed" testListId="8c84fa94-04c1-424b-9868-57a2d4851a1d" relativeResultsDirectory="eaa00f26-1089-409a-b322-74b51297a543" />
    <UnitTestResult executionId="f9b27f95-3ccb-4411-8be1-a15bbbe73aca" testId="e09af21f-32d4-22c2-a2ea-4b31ce210884" testName="pto.track.services.tests.ResourceServiceTests.GetResourcesByGroupAsync_WithNoResources_ReturnsEmpty" computerName="QUANTUM" duration="00:00:00.0525068" startTime="2025-12-09T11:41:15.6739997-10:00" endTime="2025-12-09T11:41:15.7286268-10:00" testType="13cdc9d9-ddb5-4fa4-a97d-d965ccfc6d4b" outcome="Passed" testListId="8c84fa94-04c1-424b-9868-57a2d4851a1d" relativeResultsDirectory="f9b27f95-3ccb-4411-8be1-a15bbbe73aca" />
    <UnitTestResult executionId="5d2c3de8-5f6f-4163-9c18-ad5b3fec22cb" testId="896c65a1-5eb0-4856-d26a-780823026a46" testName="pto.track.services.tests.AbsenceServiceTests.RejectAbsenceRequestAsync_WithValidIdAndDto_RejectsRequest" computerName="QUANTUM" duration="00:00:00.0245840" startTime="2025-12-09T11:41:16.2682494-10:00" endTime="2025-12-09T11:41:16.2928273-10:00" testType="13cdc9d9-ddb5-4fa4-a97d-d965ccfc6d4b" outcome="Passed" testListId="8c84fa94-04c1-424b-9868-57a2d4851a1d" relativeResultsDirectory="5d2c3de8-5f6f-4163-9c18-ad5b3fec22cb" />
    <UnitTestResult executionId="57b880aa-1d73-484b-9a46-088750907232" testId="7ffc44d7-c532-acce-3cff-88ebea883748" testName="pto.track.services.tests.Specifications.ResourceGroupSpecificationTests.ResourceGroupSpec_ProducesCorrectSqlQuery" computerName="QUANTUM" duration="00:00:01.9051810" startTime="2025-12-09T11:41:13.6939725-10:00" endTime="2025-12-09T11:41:15.6055919-10:00" testType="13cdc9d9-ddb5-4fa4-a97d-d965ccfc6d4b" outcome="Passed" testListId="8c84fa94-04c1-424b-9868-57a2d4851a1d" relativeResultsDirectory="57b880aa-1d73-484b-9a46-088750907232" />
    <UnitTestResult executionId="b5ad5ac5-ed5b-4237-a348-48a026f9cb81" testId="fa3560f4-da71-dcba-e1ee-9b9a98f01921" testName="pto.track.services.tests.UnitOfWorkTests.BeginTransactionAsync_WhenTransactionAlreadyActive_DoesNotStartNewTransaction" computerName="QUANTUM" duration="00:00:00.0287447" startTime="2025-12-09T11:41:15.7392038-10:00" endTime="2025-12-09T11:41:15.7633358-10:00" testType="13cdc9d9-ddb5-4fa4-a97d-d965ccfc6d4b" outcome="Passed" testListId="8c84fa94-04c1-424b-9868-57a2d4851a1d" relativeResultsDirectory="b5ad5ac5-ed5b-4237-a348-48a026f9cb81" />
    <UnitTestResult executionId="9b2ad460-b256-4796-acca-4c311dc441cb" testId="0cf80abc-ba4f-34b5-792b-5f09c6556014" testName="pto.track.services.tests.AbsenceServiceTests.UpdateAbsenceRequestAsync_WithValidIdAndDto_UpdatesRequest" computerName="QUANTUM" duration="00:00:00.0146183" startTime="2025-12-09T11:41:16.7026785-10:00" endTime="2025-12-09T11:41:16.7168261-10:00" testType="13cdc9d9-ddb5-4fa4-a97d-d965ccfc6d4b" outcome="Passed" testListId="8c84fa94-04c1-424b-9868-57a2d4851a1d" relativeResultsDirectory="9b2ad460-b256-4796-acca-4c311dc441cb" />
    <UnitTestResult executionId="e7fc6123-9b42-476a-aedf-52b67f46f8b7" testId="8794664f-6506-7f83-2a67-97e3dec6c54b" testName="pto.track.services.tests.EventServiceTests.GetEventsAsync_WithCancelledToken_ThrowsOperationCancelledException" computerName="QUANTUM" duration="00:00:00.0361068" startTime="2025-12-09T11:41:15.6835185-10:00" endTime="2025-12-09T11:41:15.7189227-10:00" testType="13cdc9d9-ddb5-4fa4-a97d-d965ccfc6d4b" outcome="Passed" testListId="8c84fa94-04c1-424b-9868-57a2d4851a1d" relativeResultsDirectory="e7fc6123-9b42-476a-aedf-52b67f46f8b7" />
    <UnitTestResult executionId="ee76726d-d2b3-4a24-87ae-bf6b6de1f53f" testId="3e27a81d-249e-173f-d31e-70fe512cb3d2" testName="pto.track.services.tests.ResourceServiceTests.GetApproversAsync_ReturnsOnlyActiveApprovers" computerName="QUANTUM" duration="00:00:00.0150482" startTime="2025-12-09T11:41:16.1094224-10:00" endTime="2025-12-09T11:41:16.1240915-10:00" testType="13cdc9d9-ddb5-4fa4-a97d-d965ccfc6d4b" outcome="Passed" testListId="8c84fa94-04c1-424b-9868-57a2d4851a1d" relativeResultsDirectory="ee76726d-d2b3-4a24-87ae-bf6b6de1f53f" />
    <UnitTestResult executionId="b7989a0d-a0fc-4256-8a7e-576e885d10e3" testId="6478c6a9-a51d-8c82-6dd6-fa1bc56e1b2e" testName="pto.track.services.tests.ResultTests.ValidationFailure_WithMultipleErrors_CreatesValidationFailedResult" computerName="QUANTUM" duration="00:00:00.0161323" startTime="2025-12-09T11:41:13.8856506-10:00" endTime="2025-12-09T11:41:13.8857794-10:00" testType="13cdc9d9-ddb5-4fa4-a97d-d965ccfc6d4b" outcome="Passed" testListId="8c84fa94-04c1-424b-9868-57a2d4851a1d" relativeResultsDirectory="b7989a0d-a0fc-4256-8a7e-576e885d10e3" />
    <UnitTestResult executionId="80116970-af11-4d5a-810c-78cf19820461" testId="b769f1da-121e-4ab3-41b1-070cc72f5aa7" testName="pto.track.services.tests.ResourceServiceTests.GetResourcesAsync_WithMultipleResources_ReturnsAll" computerName="QUANTUM" duration="00:00:01.7938977" startTime="2025-12-09T11:41:13.9084484-10:00" endTime="2025-12-09T11:41:15.5571505-10:00" testType="13cdc9d9-ddb5-4fa4-a97d-d965ccfc6d4b" outcome="Passed" testListId="8c84fa94-04c1-424b-9868-57a2d4851a1d" relativeResultsDirectory="80116970-af11-4d5a-810c-78cf19820461" />
    <UnitTestResult executionId="5dcae163-c84e-406b-a051-3d452831298b" testId="d05b1065-db8e-f24d-725f-2def827b04b5" testName="pto.track.services.tests.ResultTests.ValidationFailure_WithSingleError_CreatesValidationFailedResult" computerName="QUANTUM" duration="00:00:00.0205374" startTime="2025-12-09T11:41:13.6941485-10:00" endTime="2025-12-09T11:41:13.7284305-10:00" testType="13cdc9d9-ddb5-4fa4-a97d-d965ccfc6d4b" outcome="Passed" testListId="8c84fa94-04c1-424b-9868-57a2d4851a1d" relativeResultsDirectory="5dcae163-c84e-406b-a051-3d452831298b" />
    <UnitTestResult executionId="a45d699e-4920-43e8-9eef-34dcd54b0e84" testId="3f96a715-f418-689e-0e04-86c68e15cd1f" testName="pto.track.services.tests.ResourceServiceTests.GetResourcesAsync_ReturnsCorrectData" computerName="QUANTUM" duration="00:00:00.0204996" startTime="2025-12-09T11:41:15.7687929-10:00" endTime="2025-12-09T11:41:15.7889558-10:00" testType="13cdc9d9-ddb5-4fa4-a97d-d965ccfc6d4b" outcome="Passed" testListId="8c84fa94-04c1-424b-9868-57a2d4851a1d" relativeResultsDirectory="a45d699e-4920-43e8-9eef-34dcd54b0e84" />
    <UnitTestResult executionId="8858ceb2-45e0-4599-abf6-04375bb07b73" testId="87bc4bb9-ba6c-52b9-4f29-fe83f2852a7e" testName="pto.track.services.tests.GroupServiceTests.DeleteGroupAsync_WithAssociatedResources_ThrowsException" computerName="QUANTUM" duration="00:00:00.0592699" startTime="2025-12-09T11:41:15.9636589-10:00" endTime="2025-12-09T11:41:16.0231069-10:00" testType="13cdc9d9-ddb5-4fa4-a97d-d965ccfc6d4b" outcome="Passed" testListId="8c84fa94-04c1-424b-9868-57a2d4851a1d" relativeResultsDirectory="8858ceb2-45e0-4599-abf6-04375bb07b73" />
    <UnitTestResult executionId="1b595a70-b0db-4291-98b0-f6ebb1990d3e" testId="c1849771-448e-8115-46d7-ba9a799263ae" testName="pto.track.services.tests.AbsenceServiceTests.CreateAbsenceRequestAsync_WithValidDto_CreatesAndReturnsRequest" computerName="QUANTUM" duration="00:00:00.0327060" startTime="2025-12-09T11:41:16.2351028-10:00" endTime="2025-12-09T11:41:16.2678948-10:00" testType="13cdc9d9-ddb5-4fa4-a97d-d965ccfc6d4b" outcome="Passed" testListId="8c84fa94-04c1-424b-9868-57a2d4851a1d" relativeResultsDirectory="1b595a70-b0db-4291-98b0-f6ebb1990d3e" />
    <UnitTestResult executionId="4395bf8c-db98-46e8-b798-62cff8b2d690" testId="32622683-9fec-2e78-292a-cbfd4d9d983d" testName="pto.track.services.tests.AbsenceServiceTests.CancelAbsenceRequestAsync_WithWrongEmployeeId_ReturnsFalse" computerName="QUANTUM" duration="00:00:00.0121949" startTime="2025-12-09T11:41:16.4332802-10:00" endTime="2025-12-09T11:41:16.4452823-10:00" testType="13cdc9d9-ddb5-4fa4-a97d-d965ccfc6d4b" outcome="Passed" testListId="8c84fa94-04c1-424b-9868-57a2d4851a1d" relativeResultsDirectory="4395bf8c-db98-46e8-b798-62cff8b2d690" />
    <UnitTestResult executionId="0df6762f-afaa-4626-b27f-2236dacf1e30" testId="71227432-9e0e-3774-4876-495711e9477b" testName="pto.track.services.tests.UnitOfWorkTests.RollbackTransactionAsync_RollsBackTransaction" computerName="QUANTUM" duration="00:00:00.0010000" startTime="2025-12-09T11:41:14.4664623-10:00" endTime="2025-12-09T11:41:14.4666551-10:00" testType="13cdc9d9-ddb5-4fa4-a97d-d965ccfc6d4b" outcome="NotExecuted" testListId="8c84fa94-04c1-424b-9868-57a2d4851a1d" relativeResultsDirectory="0df6762f-afaa-4626-b27f-2236dacf1e30">
      <Output>
        <ErrorInfo>
          <Message>InMemory database does not support transactions</Message>
        </ErrorInfo>
      </Output>
    </UnitTestResult>
    <UnitTestResult executionId="2f9efa6d-d129-4cd5-9f3a-9b8618280928" testId="16540cef-df82-66f2-be19-015b8006527e" testName="pto.track.services.tests.DtoSerializationTests.CreateEventDto_DeserializesFromCamelCase" computerName="QUANTUM" duration="00:00:00.0054116" startTime="2025-12-09T11:41:13.9113949-10:00" endTime="2025-12-09T11:41:13.9119472-10:00" testType="13cdc9d9-ddb5-4fa4-a97d-d965ccfc6d4b" outcome="Passed" testListId="8c84fa94-04c1-424b-9868-57a2d4851a1d" relativeResultsDirectory="2f9efa6d-d129-4cd5-9f3a-9b8618280928" />
    <UnitTestResult executionId="f8e0b196-92af-45fc-abd2-e92bb830ceb0" testId="5a4fad71-4de5-6ac7-a492-c748cbf71b7e" testName="pto.track.services.tests.ResultTests.ValidationFailure_WithData_CreatesValidationFailedResult" computerName="QUANTUM" duration="00:00:00.0003687" startTime="2025-12-09T11:41:13.7675542-10:00" endTime="2025-12-09T11:41:13.7677986-10:00" testType="13cdc9d9-ddb5-4fa4-a97d-d965ccfc6d4b" outcome="Passed" testListId="8c84fa94-04c1-424b-9868-57a2d4851a1d" relativeResultsDirectory="f8e0b196-92af-45fc-abd2-e92bb830ceb0" />
    <UnitTestResult executionId="16eb5e62-89cd-4203-bba9-7bda703deb4a" testId="ed4a0161-1790-f885-e7d4-f8b05f7a64fa" testName="pto.track.services.tests.UnitOfWorkTests.SaveChangesAsync_WithCancellationToken_PropagatesCancellation" computerName="QUANTUM" duration="00:00:00.0171355" startTime="2025-12-09T11:41:15.7151261-10:00" endTime="2025-12-09T11:41:15.7385146-10:00" testType="13cdc9d9-ddb5-4fa4-a97d-d965ccfc6d4b" outcome="Passed" testListId="8c84fa94-04c1-424b-9868-57a2d4851a1d" relativeResultsDirectory="16eb5e62-89cd-4203-bba9-7bda703deb4a" />
    <UnitTestResult executionId="78462395-7f80-412b-91bf-92c8666d8122" testId="0397821e-2adc-0363-f45b-d1b96ca85e7c" testName="pto.track.services.tests.AbsenceServiceTests.GetAbsenceRequestsAsync_WithStatusAndDateRange_AppliesBothFilters" computerName="QUANTUM" duration="00:00:00.0126433" startTime="2025-12-09T11:41:16.2102798-10:00" endTime="2025-12-09T11:41:16.2227207-10:00" testType="13cdc9d9-ddb5-4fa4-a97d-d965ccfc6d4b" outcome="Passed" testListId="8c84fa94-04c1-424b-9868-57a2d4851a1d" relativeResultsDirectory="78462395-7f80-412b-91bf-92c8666d8122" />
    <UnitTestResult executionId="a9434e2d-6e03-47e9-ab43-06a590ed3584" testId="6e384a42-6619-51d6-0961-066712386a20" testName="pto.track.services.tests.ResourceServiceTests.GetActiveResourcesAsync_WithAllInactive_ReturnsEmpty" computerName="QUANTUM" duration="00:00:00.0390138" startTime="2025-12-09T11:41:15.9295461-10:00" endTime="2025-12-09T11:41:15.9678658-10:00" testType="13cdc9d9-ddb5-4fa4-a97d-d965ccfc6d4b" outcome="Passed" testListId="8c84fa94-04c1-424b-9868-57a2d4851a1d" relativeResultsDirectory="a9434e2d-6e03-47e9-ab43-06a590ed3584" />
    <UnitTestResult executionId="3f8c749f-afb1-4b4f-b732-1843f7edf37d" testId="e8327f73-b75d-01cb-d95f-3c370e1ccda3" testName="pto.track.services.tests.GroupServiceTests.GetGroupByIdAsync_WithInvalidId_ThrowsException" computerName="QUANTUM" duration="00:00:00.0978276" startTime="2025-12-09T11:41:15.6323095-10:00" endTime="2025-12-09T11:41:15.7266255-10:00" testType="13cdc9d9-ddb5-4fa4-a97d-d965ccfc6d4b" outcome="Passed" testListId="8c84fa94-04c1-424b-9868-57a2d4851a1d" relativeResultsDirectory="3f8c749f-afb1-4b4f-b732-1843f7edf37d" />
    <UnitTestResult executionId="82d8d77a-99ac-4366-a94d-ea8bd5a8b54b" testId="ca89c73b-031d-e540-83ff-03207e4681e5" testName="pto.track.services.tests.AbsenceServiceTests.GetAbsenceRequestsAsync_WithCancelledToken_ThrowsOperationCancelledException" computerName="QUANTUM" duration="00:00:00.0111835" startTime="2025-12-09T11:41:16.4778846-10:00" endTime="2025-12-09T11:41:16.4884847-10:00" testType="13cdc9d9-ddb5-4fa4-a97d-d965ccfc6d4b" outcome="Passed" testListId="8c84fa94-04c1-424b-9868-57a2d4851a1d" relativeResultsDirectory="82d8d77a-99ac-4366-a94d-ea8bd5a8b54b" />
    <UnitTestResult executionId="e3f3740f-624c-4eb6-9500-7f57432437d5" testId="0b638614-b1f2-1fc9-4ca0-99b3b7a347aa" testName="pto.track.services.tests.DtoSerializationTests.ResourceDto_SerializesToCamelCase" computerName="QUANTUM" duration="00:00:00.0008158" startTime="2025-12-09T11:41:13.9204085-10:00" endTime="2025-12-09T11:41:13.9205357-10:00" testType="13cdc9d9-ddb5-4fa4-a97d-d965ccfc6d4b" outcome="Passed" testListId="8c84fa94-04c1-424b-9868-57a2d4851a1d" relativeResultsDirectory="e3f3740f-624c-4eb6-9500-7f57432437d5" />
    <UnitTestResult executionId="6f089ef9-5bb5-4f38-8e5a-138a3b1f3512" testId="70af1199-4c64-e9ac-0ab4-875e94f8b86d" testName="pto.track.services.tests.EventServiceTests.GetEventByIdAsync_WithInvalidId_ThrowsException" computerName="QUANTUM" duration="00:00:00.0301739" startTime="2025-12-09T11:41:15.9118524-10:00" endTime="2025-12-09T11:41:15.9430545-10:00" testType="13cdc9d9-ddb5-4fa4-a97d-d965ccfc6d4b" outcome="Passed" testListId="8c84fa94-04c1-424b-9868-57a2d4851a1d" relativeResultsDirectory="6f089ef9-5bb5-4f38-8e5a-138a3b1f3512" />
    <UnitTestResult executionId="a3501af7-8118-4b1e-bc90-56056febd4b2" testId="0ca7ad64-c561-e060-e28e-b5d0c10a0dce" testName="pto.track.services.tests.GroupServiceTests.CreateGroupAsync_PersistsToDatabase" computerName="QUANTUM" duration="00:00:00.0528633" startTime="2025-12-09T11:41:15.7283740-10:00" endTime="2025-12-09T11:41:15.7835122-10:00" testType="13cdc9d9-ddb5-4fa4-a97d-d965ccfc6d4b" outcome="Passed" testListId="8c84fa94-04c1-424b-9868-57a2d4851a1d" relativeResultsDirectory="a3501af7-8118-4b1e-bc90-56056febd4b2" />
    <UnitTestResult executionId="7161a8ff-a8d5-4641-b144-84f8480e503d" testId="4c89c8d9-145f-a12a-24e4-5f30f0f1dc4b" testName="pto.track.services.tests.UnitOfWorkTests.Transaction_ExceptionDuringOperation_CanBeRolledBack" computerName="QUANTUM" duration="00:00:00.0010000" startTime="2025-12-09T11:41:14.4540576-10:00" endTime="2025-12-09T11:41:14.4550375-10:00" testType="13cdc9d9-ddb5-4fa4-a97d-d965ccfc6d4b" outcome="NotExecuted" testListId="8c84fa94-04c1-424b-9868-57a2d4851a1d" relativeResultsDirectory="7161a8ff-a8d5-4641-b144-84f8480e503d">
      <Output>
        <ErrorInfo>
          <Message>InMemory database does not support transactions</Message>
        </ErrorInfo>
      </Output>
    </UnitTestResult>
    <UnitTestResult executionId="0c1cd8ff-f28c-4c38-8ed1-69f00f32efbf" testId="ee5fa057-7f51-063f-a68e-13025646439f" testName="pto.track.services.tests.ResourceServiceTests.GetResourcesAsync_IncludesAllNewProperties" computerName="QUANTUM" duration="00:00:00.0131528" startTime="2025-12-09T11:41:16.0635253-10:00" endTime="2025-12-09T11:41:16.0768454-10:00" testType="13cdc9d9-ddb5-4fa4-a97d-d965ccfc6d4b" outcome="Passed" testListId="8c84fa94-04c1-424b-9868-57a2d4851a1d" relativeResultsDirectory="0c1cd8ff-f28c-4c38-8ed1-69f00f32efbf" />
    <UnitTestResult executionId="5ea7da26-993d-4722-86c2-2806e8ea1353" testId="69c6af71-94e4-e3da-ec83-f3e504934467" testName="pto.track.services.tests.ResourceServiceTests.GetResourcesAsync_WithSingleResource_ReturnsSingle" computerName="QUANTUM" duration="00:00:00.1158022" startTime="2025-12-09T11:41:15.5579647-10:00" endTime="2025-12-09T11:41:15.6732679-10:00" testType="13cdc9d9-ddb5-4fa4-a97d-d965ccfc6d4b" outcome="Passed" testListId="8c84fa94-04c1-424b-9868-57a2d4851a1d" relativeResultsDirectory="5ea7da26-993d-4722-86c2-2806e8ea1353" />
    <UnitTestResult executionId="3804314a-001d-4085-b891-5fe80ff44c02" testId="ff3b5c6a-3cdd-4ced-8665-8d51b31985c7" testName="pto.track.services.tests.Specifications.AbsenceSpecificationTests.PendingAbsencesSpec_ReturnsOnlyPending" computerName="QUANTUM" duration="00:00:00.0947359" startTime="2025-12-09T11:41:16.0993994-10:00" endTime="2025-12-09T11:41:16.1923230-10:00" testType="13cdc9d9-ddb5-4fa4-a97d-d965ccfc6d4b" outcome="Passed" testListId="8c84fa94-04c1-424b-9868-57a2d4851a1d" relativeResultsDirectory="3804314a-001d-4085-b891-5fe80ff44c02" />
    <UnitTestResult executionId="8e242107-738c-45b5-a082-bfc7f78c96d1" testId="dfe89b83-f61e-bb8a-3032-679da33253a7" testName="pto.track.services.tests.AbsenceServiceTests.CreateAbsenceRequestAsync_MapsEmployeeNameCorrectly" computerName="QUANTUM" duration="00:00:00.0236141" startTime="2025-12-09T11:41:16.3456125-10:00" endTime="2025-12-09T11:41:16.3682780-10:00" testType="13cdc9d9-ddb5-4fa4-a97d-d965ccfc6d4b" outcome="Passed" testListId="8c84fa94-04c1-424b-9868-57a2d4851a1d" relativeResultsDirectory="8e242107-738c-45b5-a082-bfc7f78c96d1" />
    <UnitTestResult executionId="e208a768-1c1a-4479-a231-66a53f000e1c" testId="376cbd29-d1ec-f986-ea57-53b736a94699" testName="pto.track.services.tests.ResourceServiceTests.GetResourceByIdAsync_WithInvalidId_ThrowsException" computerName="QUANTUM" duration="00:00:00.0148666" startTime="2025-12-09T11:41:16.0775998-10:00" endTime="2025-12-09T11:41:16.0911244-10:00" testType="13cdc9d9-ddb5-4fa4-a97d-d965ccfc6d4b" outcome="Passed" testListId="8c84fa94-04c1-424b-9868-57a2d4851a1d" relativeResultsDirectory="e208a768-1c1a-4479-a231-66a53f000e1c" />
    <UnitTestResult executionId="b33de777-68d7-43f5-95bf-615b24c5935c" testId="c10573e5-c0b1-cac2-6e4d-11a9ba245a79" testName="pto.track.services.tests.ResultTests.Failure_WithErrorMessage_CreatesFailedResult" computerName="QUANTUM" duration="00:00:00.0010555" startTime="2025-12-09T11:41:13.7666063-10:00" endTime="2025-12-09T11:41:13.7669014-10:00" testType="13cdc9d9-ddb5-4fa4-a97d-d965ccfc6d4b" outcome="Passed" testListId="8c84fa94-04c1-424b-9868-57a2d4851a1d" relativeResultsDirectory="b33de777-68d7-43f5-95bf-615b24c5935c" />
    <UnitTestResult executionId="747291d3-7d8b-4175-9d74-5bde3f44da9d" testId="ded5d3e0-2264-5b47-6ef0-aea7ca11ec75" testName="pto.track.services.tests.AbsenceServiceTests.RejectAbsenceRequestAsync_WithInvalidId_ThrowsException" computerName="QUANTUM" duration="00:00:00.0087273" startTime="2025-12-09T11:41:16.4460709-10:00" endTime="2025-12-09T11:41:16.4541119-10:00" testType="13cdc9d9-ddb5-4fa4-a97d-d965ccfc6d4b" outcome="Passed" testListId="8c84fa94-04c1-424b-9868-57a2d4851a1d" relativeResultsDirectory="747291d3-7d8b-4175-9d74-5bde3f44da9d" />
    <UnitTestResult executionId="96170900-8482-4a29-b15e-998fed93f389" testId="13f641f7-054d-82b4-41b9-f646789dd5ee" testName="pto.track.services.tests.Specifications.ResourceGroupSpecificationTests.ResourceGroupSpec_WithMultipleGroups_FiltersSeparately" computerName="QUANTUM" duration="00:00:00.0122568" startTime="2025-12-09T11:41:15.8341047-10:00" endTime="2025-12-09T11:41:15.8475474-10:00" testType="13cdc9d9-ddb5-4fa4-a97d-d965ccfc6d4b" outcome="Passed" testListId="8c84fa94-04c1-424b-9868-57a2d4851a1d" relativeResultsDirectory="96170900-8482-4a29-b15e-998fed93f389" />
    <UnitTestResult executionId="1b310be8-f7e4-414f-a939-68ae40abc5d8" testId="2bd06cb0-2bea-8b46-3856-48f621226a44" testName="pto.track.services.tests.EventServiceTests.UpdateEventAsync_WithValidIdAndDto_UpdatesEvent" computerName="QUANTUM" duration="00:00:01.6417857" startTime="2025-12-09T11:41:13.6949224-10:00" endTime="2025-12-09T11:41:15.3422589-10:00" testType="13cdc9d9-ddb5-4fa4-a97d-d965ccfc6d4b" outcome="Passed" testListId="8c84fa94-04c1-424b-9868-57a2d4851a1d" relativeResultsDirectory="1b310be8-f7e4-414f-a939-68ae40abc5d8" />
    <UnitTestResult executionId="460776c4-d108-4818-a87f-e55389ebc457" testId="b8524d0e-9aa9-36ac-af0f-5c252e0f9333" testName="pto.track.services.tests.AbsenceServiceTests.GetAbsenceRequestsAsync_WithStatusFilter_ReturnsOnlyMatchingStatus" computerName="QUANTUM" duration="00:00:00.0208218" startTime="2025-12-09T11:41:16.3912268-10:00" endTime="2025-12-09T11:41:16.4115381-10:00" testType="13cdc9d9-ddb5-4fa4-a97d-d965ccfc6d4b" outcome="Passed" testListId="8c84fa94-04c1-424b-9868-57a2d4851a1d" relativeResultsDirectory="460776c4-d108-4818-a87f-e55389ebc457" />
    <UnitTestResult executionId="1fdb28e3-b188-4ba6-afa4-1eb815103ace" testId="9b64edd7-d73c-ea14-1867-f7d9bec21587" testName="pto.track.services.tests.GroupServiceTests.CreateGroupAsync_CreatesGroup" computerName="QUANTUM" duration="00:00:00.0174298" startTime="2025-12-09T11:41:15.8356389-10:00" endTime="2025-12-09T11:41:15.8529387-10:00" testType="13cdc9d9-ddb5-4fa4-a97d-d965ccfc6d4b" outcome="Passed" testListId="8c84fa94-04c1-424b-9868-57a2d4851a1d" relativeResultsDirectory="1fdb28e3-b188-4ba6-afa4-1eb815103ace" />
    <UnitTestResult executionId="45303b2b-a9ec-46ce-8b89-d2d8cf7b4206" testId="f9cd9fed-2223-b29f-0f3b-fb835aeba1f8" testName="pto.track.services.tests.Specifications.AbsenceSpecificationTests.AbsencesByEmployeeSpec_FiltersCorrectly" computerName="QUANTUM" duration="00:00:00.1214323" startTime="2025-12-09T11:41:15.9783754-10:00" endTime="2025-12-09T11:41:16.0986256-10:00" testType="13cdc9d9-ddb5-4fa4-a97d-d965ccfc6d4b" outcome="Passed" testListId="8c84fa94-04c1-424b-9868-57a2d4851a1d" relativeResultsDirectory="45303b2b-a9ec-46ce-8b89-d2d8cf7b4206" />
    <UnitTestResult executionId="6301239b-badb-4247-9e9e-4200ec05d26c" testId="9055d676-0458-b913-4e25-556e3cb56e47" testName="pto.track.services.tests.AbsenceServiceTests.GetAbsenceRequestsAsync_WithPendingStatusFilter_ReturnsOnlyPending" computerName="QUANTUM" duration="00:00:00.0226961" startTime="2025-12-09T11:41:16.4546914-10:00" endTime="2025-12-09T11:41:16.4770987-10:00" testType="13cdc9d9-ddb5-4fa4-a97d-d965ccfc6d4b" outcome="Passed" testListId="8c84fa94-04c1-424b-9868-57a2d4851a1d" relativeResultsDirectory="6301239b-badb-4247-9e9e-4200ec05d26c" />
    <UnitTestResult executionId="2dc2a21b-2b4c-43c0-97f9-e66b1863b8ee" testId="ca66f1f1-2d09-06ff-9dba-55db66cdaba6" testName="pto.track.services.tests.Specifications.AbsenceSpecificationTests.AbsencesFilteredSpec_CombinesMultipleFilters" computerName="QUANTUM" duration="00:00:00.0638119" startTime="2025-12-09T11:41:16.1964491-10:00" endTime="2025-12-09T11:41:16.2569444-10:00" testType="13cdc9d9-ddb5-4fa4-a97d-d965ccfc6d4b" outcome="Passed" testListId="8c84fa94-04c1-424b-9868-57a2d4851a1d" relativeResultsDirectory="2dc2a21b-2b4c-43c0-97f9-e66b1863b8ee" />
    <UnitTestResult executionId="21a195ef-100e-42ad-93cb-8182e2da5f59" testId="4268b83e-0001-d4a3-4995-b07e54886aa8" testName="pto.track.services.tests.ResourceServiceTests.GetResourcesByGroupAsync_WithMultipleGroups_FiltersCorrectly" computerName="QUANTUM" duration="00:00:00.0264854" startTime="2025-12-09T11:41:16.0200786-10:00" endTime="2025-12-09T11:41:16.0464590-10:00" testType="13cdc9d9-ddb5-4fa4-a97d-d965ccfc6d4b" outcome="Passed" testListId="8c84fa94-04c1-424b-9868-57a2d4851a1d" relativeResultsDirectory="21a195ef-100e-42ad-93cb-8182e2da5f59" />
    <UnitTestResult executionId="28648171-d575-4e3b-993f-b2c2a721c171" testId="3706dcc9-088a-97b4-42e3-9c3513f5d31d" testName="pto.track.services.tests.AbsenceServiceTests.GetAbsenceRequestByIdAsync_WithInvalidId_ThrowsException" computerName="QUANTUM" duration="00:00:00.0132690" startTime="2025-12-09T11:41:16.3364012-10:00" endTime="2025-12-09T11:41:16.3448396-10:00" testType="13cdc9d9-ddb5-4fa4-a97d-d965ccfc6d4b" outcome="Passed" testListId="8c84fa94-04c1-424b-9868-57a2d4851a1d" relativeResultsDirectory="28648171-d575-4e3b-993f-b2c2a721c171" />
    <UnitTestResult executionId="3037d767-391b-4182-af7c-ea4392099f50" testId="30112775-4b5e-c451-aa6c-2ca554cede4e" testName="pto.track.services.tests.UnitOfWorkTests.SaveChangesAsync_WhenCalled_SavesChangesToDatabase" computerName="QUANTUM" duration="00:00:00.0113081" startTime="2025-12-09T11:41:15.7850441-10:00" endTime="2025-12-09T11:41:15.7904099-10:00" testType="13cdc9d9-ddb5-4fa4-a97d-d965ccfc6d4b" outcome="Passed" testListId="8c84fa94-04c1-424b-9868-57a2d4851a1d" relativeResultsDirectory="3037d767-391b-4182-af7c-ea4392099f50" />
    <UnitTestResult executionId="66d57c1f-0cf5-47da-95d2-3893e4f679a3" testId="92e06f9b-d3ca-3afc-5aab-783845e49507" testName="pto.track.services.tests.Specifications.AbsenceSpecificationTests.AbsencesByDateRangeSpec_FiltersCorrectly" computerName="QUANTUM" duration="00:00:00.0873207" startTime="2025-12-09T11:41:16.2572220-10:00" endTime="2025-12-09T11:41:16.3443583-10:00" testType="13cdc9d9-ddb5-4fa4-a97d-d965ccfc6d4b" outcome="Passed" testListId="8c84fa94-04c1-424b-9868-57a2d4851a1d" relativeResultsDirectory="66d57c1f-0cf5-47da-95d2-3893e4f679a3" />
    <UnitTestResult executionId="cdcd7127-c5a9-41e4-814f-aae12049e111" testId="bc2be36f-9a33-57e0-2a49-784ff4fb7eac" testName="pto.track.services.tests.ResourceServiceTests.GetApproversAsync_WithNoApprovers_ReturnsEmpty" computerName="QUANTUM" duration="00:00:00.0417053" startTime="2025-12-09T11:41:15.7382263-10:00" endTime="2025-12-09T11:41:15.7677662-10:00" testType="13cdc9d9-ddb5-4fa4-a97d-d965ccfc6d4b" outcome="Passed" testListId="8c84fa94-04c1-424b-9868-57a2d4851a1d" relativeResultsDirectory="cdcd7127-c5a9-41e4-814f-aae12049e111" />
    <UnitTestResult executionId="5816ce72-21dc-417f-988b-860fac2b97fd" testId="1428ddb5-f89e-90cb-bd5f-1462e5b3d3bb" testName="pto.track.services.tests.DtoSerializationTests.ResourceDto_DoesNotSerializeWithPascalCase" computerName="QUANTUM" duration="00:00:00.0324256" startTime="2025-12-09T11:41:13.9090214-10:00" endTime="2025-12-09T11:41:13.9091027-10:00" testType="13cdc9d9-ddb5-4fa4-a97d-d965ccfc6d4b" outcome="Passed" testListId="8c84fa94-04c1-424b-9868-57a2d4851a1d" relativeResultsDirectory="5816ce72-21dc-417f-988b-860fac2b97fd" />
    <UnitTestResult executionId="915bf8fd-953e-49ec-8e23-27b666399cfd" testId="83501051-5e23-37b2-8753-096cd94ef35c" testName="pto.track.services.tests.ResultTests.SuccessResult_WithoutData_CreatesSuccessfulResult" computerName="QUANTUM" duration="00:00:00.0005308" startTime="2025-12-09T11:41:13.8879756-10:00" endTime="2025-12-09T11:41:13.8882629-10:00" testType="13cdc9d9-ddb5-4fa4-a97d-d965ccfc6d4b" outcome="Passed" testListId="8c84fa94-04c1-424b-9868-57a2d4851a1d" relativeResultsDirectory="915bf8fd-953e-49ec-8e23-27b666399cfd" />
    <UnitTestResult executionId="c1e2ec90-98bc-46d3-bca0-43c2f8dccf1d" testId="1016f38d-7908-74bd-e11a-c887bf231de0" testName="pto.track.services.tests.GroupServiceTests.UpdateGroupAsync_WithInvalidId_ThrowsException" computerName="QUANTUM" duration="00:00:00.0249944" startTime="2025-12-09T11:41:15.9127706-10:00" endTime="2025-12-09T11:41:15.9370195-10:00" testType="13cdc9d9-ddb5-4fa4-a97d-d965ccfc6d4b" outcome="Passed" testListId="8c84fa94-04c1-424b-9868-57a2d4851a1d" relativeResultsDirectory="c1e2ec90-98bc-46d3-bca0-43c2f8dccf1d" />
  </Results>
  <TestDefinitions>
    <UnitTest name="pto.track.services.tests.AbsenceServiceTests.ApproveAbsenceRequestAsync_WithCancelledToken_ThrowsOperationCancelledException" storage="c:\code\dotnet\pto\pto.track.services.tests\bin\debug\net9.0\pto.track.services.tests.dll" id="b09bc518-9181-834d-8138-bb12a63a2bbe">
      <Execution id="f943f4c1-d8f2-4b89-b2d0-cc99ffde3a1e" />
      <TestMethod codeBase="C:\code\dotnet\pto\pto.track.services.tests\bin\Debug\net9.0\pto.track.services.tests.dll" adapterTypeName="executor://xunit/VsTestRunner3/netcore/" className="pto.track.services.tests.AbsenceServiceTests" name="ApproveAbsenceRequestAsync_WithCancelledToken_ThrowsOperationCancelledException" />
    </UnitTest>
    <UnitTest name="pto.track.services.tests.UnitOfWorkTests.RollbackTransactionAsync_WhenNoActiveTransaction_DoesNotThrow" storage="c:\code\dotnet\pto\pto.track.services.tests\bin\debug\net9.0\pto.track.services.tests.dll" id="790d65be-b832-c982-54f6-e85d2c5cf4d0">
      <Execution id="8903fc09-ac27-41f9-906f-6a6b9f14d636" />
      <TestMethod codeBase="C:\code\dotnet\pto\pto.track.services.tests\bin\Debug\net9.0\pto.track.services.tests.dll" adapterTypeName="executor://xunit/VsTestRunner3/netcore/" className="pto.track.services.tests.UnitOfWorkTests" name="RollbackTransactionAsync_WhenNoActiveTransaction_DoesNotThrow" />
    </UnitTest>
    <UnitTest name="pto.track.services.tests.EventServiceTests.GetEventsAsync_WithMultipleResources_ReturnsAllEvents" storage="c:\code\dotnet\pto\pto.track.services.tests\bin\debug\net9.0\pto.track.services.tests.dll" id="d4401fda-d426-b749-6bd2-3b7dd4b6a015">
      <Execution id="a5fdebb1-1fe0-4edb-8e9a-cc47a46b2d70" />
      <TestMethod codeBase="C:\code\dotnet\pto\pto.track.services.tests\bin\Debug\net9.0\pto.track.services.tests.dll" adapterTypeName="executor://xunit/VsTestRunner3/netcore/" className="pto.track.services.tests.EventServiceTests" name="GetEventsAsync_WithMultipleResources_ReturnsAllEvents" />
    </UnitTest>
    <UnitTest name="pto.track.services.tests.ResultTests.ValidationFailure_WithMultipleErrors_CreatesValidationFailedResult" storage="c:\code\dotnet\pto\pto.track.services.tests\bin\debug\net9.0\pto.track.services.tests.dll" id="6478c6a9-a51d-8c82-6dd6-fa1bc56e1b2e">
      <Execution id="b7989a0d-a0fc-4256-8a7e-576e885d10e3" />
      <TestMethod codeBase="C:\code\dotnet\pto\pto.track.services.tests\bin\Debug\net9.0\pto.track.services.tests.dll" adapterTypeName="executor://xunit/VsTestRunner3/netcore/" className="pto.track.services.tests.ResultTests" name="ValidationFailure_WithMultipleErrors_CreatesValidationFailedResult" />
    </UnitTest>
    <UnitTest name="pto.track.services.tests.EventServiceTests.GetEventByIdAsync_WithInvalidId_ThrowsException" storage="c:\code\dotnet\pto\pto.track.services.tests\bin\debug\net9.0\pto.track.services.tests.dll" id="70af1199-4c64-e9ac-0ab4-875e94f8b86d">
      <Execution id="6f089ef9-5bb5-4f38-8e5a-138a3b1f3512" />
      <TestMethod codeBase="C:\code\dotnet\pto\pto.track.services.tests\bin\Debug\net9.0\pto.track.services.tests.dll" adapterTypeName="executor://xunit/VsTestRunner3/netcore/" className="pto.track.services.tests.EventServiceTests" name="GetEventByIdAsync_WithInvalidId_ThrowsException" />
    </UnitTest>
    <UnitTest name="pto.track.services.tests.AbsenceServiceTests.ApproveAbsenceRequestAsync_WithValidIdAndDto_ApprovesRequest" storage="c:\code\dotnet\pto\pto.track.services.tests\bin\debug\net9.0\pto.track.services.tests.dll" id="a6bbfe67-bb4c-3053-684c-4b2ac4a1a5f5">
      <Execution id="a6fa0e2b-b319-49d8-b12f-297aaff2e5e0" />
      <TestMethod codeBase="C:\code\dotnet\pto\pto.track.services.tests\bin\Debug\net9.0\pto.track.services.tests.dll" adapterTypeName="executor://xunit/VsTestRunner3/netcore/" className="pto.track.services.tests.AbsenceServiceTests" name="ApproveAbsenceRequestAsync_WithValidIdAndDto_ApprovesRequest" />
    </UnitTest>
    <UnitTest name="pto.track.services.tests.EventServiceTests.UpdateEventAsync_WithValidIdAndDto_UpdatesEvent" storage="c:\code\dotnet\pto\pto.track.services.tests\bin\debug\net9.0\pto.track.services.tests.dll" id="2bd06cb0-2bea-8b46-3856-48f621226a44">
      <Execution id="1b310be8-f7e4-414f-a939-68ae40abc5d8" />
      <TestMethod codeBase="C:\code\dotnet\pto\pto.track.services.tests\bin\Debug\net9.0\pto.track.services.tests.dll" adapterTypeName="executor://xunit/VsTestRunner3/netcore/" className="pto.track.services.tests.EventServiceTests" name="UpdateEventAsync_WithValidIdAndDto_UpdatesEvent" />
    </UnitTest>
    <UnitTest name="pto.track.services.tests.AbsenceServiceTests.GetAbsenceRequestByIdAsync_WithInvalidId_ThrowsException" storage="c:\code\dotnet\pto\pto.track.services.tests\bin\debug\net9.0\pto.track.services.tests.dll" id="3706dcc9-088a-97b4-42e3-9c3513f5d31d">
      <Execution id="28648171-d575-4e3b-993f-b2c2a721c171" />
      <TestMethod codeBase="C:\code\dotnet\pto\pto.track.services.tests\bin\Debug\net9.0\pto.track.services.tests.dll" adapterTypeName="executor://xunit/VsTestRunner3/netcore/" className="pto.track.services.tests.AbsenceServiceTests" name="GetAbsenceRequestByIdAsync_WithInvalidId_ThrowsException" />
    </UnitTest>
    <UnitTest name="pto.track.services.tests.ResultTests.Failure_WithData_CreatesFailedResultWithErrorMessage" storage="c:\code\dotnet\pto\pto.track.services.tests\bin\debug\net9.0\pto.track.services.tests.dll" id="ac75401c-f381-48f1-b1ae-2a2adb9761ca">
      <Execution id="f527b8a1-210b-4cd3-ae17-c20d0dd68129" />
      <TestMethod codeBase="C:\code\dotnet\pto\pto.track.services.tests\bin\Debug\net9.0\pto.track.services.tests.dll" adapterTypeName="executor://xunit/VsTestRunner3/netcore/" className="pto.track.services.tests.ResultTests" name="Failure_WithData_CreatesFailedResultWithErrorMessage" />
    </UnitTest>
    <UnitTest name="pto.track.services.tests.GroupServiceTests.CreateGroupAsync_PersistsToDatabase" storage="c:\code\dotnet\pto\pto.track.services.tests\bin\debug\net9.0\pto.track.services.tests.dll" id="0ca7ad64-c561-e060-e28e-b5d0c10a0dce">
      <Execution id="a3501af7-8118-4b1e-bc90-56056febd4b2" />
      <TestMethod codeBase="C:\code\dotnet\pto\pto.track.services.tests\bin\Debug\net9.0\pto.track.services.tests.dll" adapterTypeName="executor://xunit/VsTestRunner3/netcore/" className="pto.track.services.tests.GroupServiceTests" name="CreateGroupAsync_PersistsToDatabase" />
    </UnitTest>
    <UnitTest name="pto.track.services.tests.EventServiceTests.UpdateEventAsync_WithCancelledToken_ThrowsOperationCancelledException" storage="c:\code\dotnet\pto\pto.track.services.tests\bin\debug\net9.0\pto.track.services.tests.dll" id="6b9fe114-f311-ad82-baaf-a1bb85391f90">
      <Execution id="7477045c-6779-42a6-a24a-7b428bfa4a69" />
      <TestMethod codeBase="C:\code\dotnet\pto\pto.track.services.tests\bin\Debug\net9.0\pto.track.services.tests.dll" adapterTypeName="executor://xunit/VsTestRunner3/netcore/" className="pto.track.services.tests.EventServiceTests" name="UpdateEventAsync_WithCancelledToken_ThrowsOperationCancelledException" />
    </UnitTest>
    <UnitTest name="pto.track.services.tests.Specifications.AbsenceSpecificationTests.AbsencesFilteredSpec_WithNullStatuses_ReturnsAllStatuses" storage="c:\code\dotnet\pto\pto.track.services.tests\bin\debug\net9.0\pto.track.services.tests.dll" id="ce198c91-44a6-4343-df6b-7fdd9d1911db">
      <Execution id="190de70b-c587-4980-8dc0-37f760c0d961" />
      <TestMethod codeBase="C:\code\dotnet\pto\pto.track.services.tests\bin\Debug\net9.0\pto.track.services.tests.dll" adapterTypeName="executor://xunit/VsTestRunner3/netcore/" className="pto.track.services.tests.Specifications.AbsenceSpecificationTests" name="AbsencesFilteredSpec_WithNullStatuses_ReturnsAllStatuses" />
    </UnitTest>
    <UnitTest name="pto.track.services.tests.AbsenceServiceTests.GetAbsenceRequestByIdAsync_WithValidId_ReturnsRequest" storage="c:\code\dotnet\pto\pto.track.services.tests\bin\debug\net9.0\pto.track.services.tests.dll" id="46a227c2-68ab-070e-98e7-a40d7b6410d6">
      <Execution id="e412f982-4ef6-4da4-b366-3a443c0eeb9e" />
      <TestMethod codeBase="C:\code\dotnet\pto\pto.track.services.tests\bin\Debug\net9.0\pto.track.services.tests.dll" adapterTypeName="executor://xunit/VsTestRunner3/netcore/" className="pto.track.services.tests.AbsenceServiceTests" name="GetAbsenceRequestByIdAsync_WithValidId_ReturnsRequest" />
    </UnitTest>
    <UnitTest name="pto.track.services.tests.UnitOfWorkTests.CommitTransactionAsync_WhenNoActiveTransaction_DoesNotThrow" storage="c:\code\dotnet\pto\pto.track.services.tests\bin\debug\net9.0\pto.track.services.tests.dll" id="055d25e5-c7dd-6420-c5db-a39eab7a4351">
      <Execution id="62f7786c-fe00-4106-b074-c8cfbe847e58" />
      <TestMethod codeBase="C:\code\dotnet\pto\pto.track.services.tests\bin\Debug\net9.0\pto.track.services.tests.dll" adapterTypeName="executor://xunit/VsTestRunner3/netcore/" className="pto.track.services.tests.UnitOfWorkTests" name="CommitTransactionAsync_WhenNoActiveTransaction_DoesNotThrow" />
    </UnitTest>
    <UnitTest name="pto.track.services.tests.ResourceServiceTests.GetResourceByIdAsync_WithInvalidId_ThrowsException" storage="c:\code\dotnet\pto\pto.track.services.tests\bin\debug\net9.0\pto.track.services.tests.dll" id="376cbd29-d1ec-f986-ea57-53b736a94699">
      <Execution id="e208a768-1c1a-4479-a231-66a53f000e1c" />
      <TestMethod codeBase="C:\code\dotnet\pto\pto.track.services.tests\bin\Debug\net9.0\pto.track.services.tests.dll" adapterTypeName="executor://xunit/VsTestRunner3/netcore/" className="pto.track.services.tests.ResourceServiceTests" name="GetResourceByIdAsync_WithInvalidId_ThrowsException" />
    </UnitTest>
    <UnitTest name="pto.track.services.tests.AbsenceServiceTests.CreateAbsenceRequestAsync_WithValidDto_CreatesAndReturnsRequest" storage="c:\code\dotnet\pto\pto.track.services.tests\bin\debug\net9.0\pto.track.services.tests.dll" id="c1849771-448e-8115-46d7-ba9a799263ae">
      <Execution id="1b595a70-b0db-4291-98b0-f6ebb1990d3e" />
      <TestMethod codeBase="C:\code\dotnet\pto\pto.track.services.tests\bin\Debug\net9.0\pto.track.services.tests.dll" adapterTypeName="executor://xunit/VsTestRunner3/netcore/" className="pto.track.services.tests.AbsenceServiceTests" name="CreateAbsenceRequestAsync_WithValidDto_CreatesAndReturnsRequest" />
    </UnitTest>
    <UnitTest name="pto.track.services.tests.Specifications.ResourceGroupSpecificationTests.ResourceGroupSpec_WithNoMatchingResources_ReturnsEmpty" storage="c:\code\dotnet\pto\pto.track.services.tests\bin\debug\net9.0\pto.track.services.tests.dll" id="e36c186b-ac54-6695-64b3-d18a78423e49">
      <Execution id="ad03c845-af61-4184-afe0-c2b6ff7716e2" />
      <TestMethod codeBase="C:\code\dotnet\pto\pto.track.services.tests\bin\Debug\net9.0\pto.track.services.tests.dll" adapterTypeName="executor://xunit/VsTestRunner3/netcore/" className="pto.track.services.tests.Specifications.ResourceGroupSpecificationTests" name="ResourceGroupSpec_WithNoMatchingResources_ReturnsEmpty" />
    </UnitTest>
    <UnitTest name="pto.track.services.tests.ResultTests.ValidationFailure_WithSingleError_CreatesValidationFailedResult" storage="c:\code\dotnet\pto\pto.track.services.tests\bin\debug\net9.0\pto.track.services.tests.dll" id="d05b1065-db8e-f24d-725f-2def827b04b5">
      <Execution id="5dcae163-c84e-406b-a051-3d452831298b" />
      <TestMethod codeBase="C:\code\dotnet\pto\pto.track.services.tests\bin\Debug\net9.0\pto.track.services.tests.dll" adapterTypeName="executor://xunit/VsTestRunner3/netcore/" className="pto.track.services.tests.ResultTests" name="ValidationFailure_WithSingleError_CreatesValidationFailedResult" />
    </UnitTest>
    <UnitTest name="pto.track.services.tests.DtoSerializationTests.EventDto_RoundTripSerialization" storage="c:\code\dotnet\pto\pto.track.services.tests\bin\debug\net9.0\pto.track.services.tests.dll" id="0cd21065-f7c9-936f-045f-553cbc9a5958">
      <Execution id="88ef493b-0c74-4ce9-9cc3-573807f29ef2" />
      <TestMethod codeBase="C:\code\dotnet\pto\pto.track.services.tests\bin\Debug\net9.0\pto.track.services.tests.dll" adapterTypeName="executor://xunit/VsTestRunner3/netcore/" className="pto.track.services.tests.DtoSerializationTests" name="EventDto_RoundTripSerialization" />
    </UnitTest>
    <UnitTest name="pto.track.services.tests.AbsenceServiceTests.GetPendingAbsenceRequestsAsync_ReturnsOnlyPendingRequests" storage="c:\code\dotnet\pto\pto.track.services.tests\bin\debug\net9.0\pto.track.services.tests.dll" id="a87c30da-ec4d-bec5-400f-0fc24fdd724b">
      <Execution id="6a8e426b-04bd-4420-88e4-0b878409b0f3" />
      <TestMethod codeBase="C:\code\dotnet\pto\pto.track.services.tests\bin\Debug\net9.0\pto.track.services.tests.dll" adapterTypeName="executor://xunit/VsTestRunner3/netcore/" className="pto.track.services.tests.AbsenceServiceTests" name="GetPendingAbsenceRequestsAsync_ReturnsOnlyPendingRequests" />
    </UnitTest>
    <UnitTest name="pto.track.services.tests.AbsenceServiceTests.CreateAbsenceRequestAsync_WithCancelledToken_ThrowsOperationCancelledException" storage="c:\code\dotnet\pto\pto.track.services.tests\bin\debug\net9.0\pto.track.services.tests.dll" id="999ab155-7d35-0eb6-ca16-906a4b3e6efb">
      <Execution id="2409a186-5488-40b4-ac00-e00f53ed6c5e" />
      <TestMethod codeBase="C:\code\dotnet\pto\pto.track.services.tests\bin\Debug\net9.0\pto.track.services.tests.dll" adapterTypeName="executor://xunit/VsTestRunner3/netcore/" className="pto.track.services.tests.AbsenceServiceTests" name="CreateAbsenceRequestAsync_WithCancelledToken_ThrowsOperationCancelledException" />
    </UnitTest>
    <UnitTest name="pto.track.services.tests.DtoSerializationTests.EventDto_SerializedJsonMatchesExpectedFormat" storage="c:\code\dotnet\pto\pto.track.services.tests\bin\debug\net9.0\pto.track.services.tests.dll" id="0e57949f-5eed-e0a5-dc15-9e4681f03e7e">
      <Execution id="e5a96425-d54f-4b36-bd9d-557adf99c782" />
      <TestMethod codeBase="C:\code\dotnet\pto\pto.track.services.tests\bin\Debug\net9.0\pto.track.services.tests.dll" adapterTypeName="executor://xunit/VsTestRunner3/netcore/" className="pto.track.services.tests.DtoSerializationTests" name="EventDto_SerializedJsonMatchesExpectedFormat" />
    </UnitTest>
    <UnitTest name="pto.track.services.tests.AbsenceServiceTests.GetAbsenceRequestsByEmployeeAsync_WithEmployeeId_ReturnsOnlyEmployeeRequests" storage="c:\code\dotnet\pto\pto.track.services.tests\bin\debug\net9.0\pto.track.services.tests.dll" id="86019a3a-d5d0-6cf3-ce58-5fd5ae61e039">
      <Execution id="35447597-6e31-4e28-a15a-103be09a0423" />
[...]
    <TestEntry testId="9d7d81fa-2b1a-a6a7-523e-52eebbec0f48" executionId="b192db00-f05c-4f6f-9fa0-388fbe058a17" testListId="8c84fa94-04c1-424b-9868-57a2d4851a1d" />
    <TestEntry testId="999ab155-7d35-0eb6-ca16-906a4b3e6efb" executionId="2409a186-5488-40b4-ac00-e00f53ed6c5e" testListId="8c84fa94-04c1-424b-9868-57a2d4851a1d" />
    <TestEntry testId="68f4271d-86ab-5699-f1a5-cedb64cfb5ac" executionId="7d45cc34-0b9c-4d4b-818b-231ea2254159" testListId="8c84fa94-04c1-424b-9868-57a2d4851a1d" />
    <TestEntry testId="8b893477-c3d5-3647-6f6b-0cfcd2cbf1dc" executionId="3afdf89f-0ff2-4aa1-b1bd-ded2e66607dd" testListId="8c84fa94-04c1-424b-9868-57a2d4851a1d" />
    <TestEntry testId="f41e51a3-4c52-7ed6-53af-bc6c12f4e026" executionId="1a075216-1a82-4b7f-a7f6-92f9b9e48089" testListId="8c84fa94-04c1-424b-9868-57a2d4851a1d" />
    <TestEntry testId="28fc2683-177d-b6c6-fdea-3176e70f1ed8" executionId="bbbd8a52-4d06-4304-91b1-3f30d0d5fce1" testListId="8c84fa94-04c1-424b-9868-57a2d4851a1d" />
    <TestEntry testId="46a227c2-68ab-070e-98e7-a40d7b6410d6" executionId="e412f982-4ef6-4da4-b366-3a443c0eeb9e" testListId="8c84fa94-04c1-424b-9868-57a2d4851a1d" />
    <TestEntry testId="f8211814-e0d0-2caa-3bc8-fe66b8402902" executionId="1ac6e0ec-bb15-45e0-99cf-d75a4eb85d08" testListId="8c84fa94-04c1-424b-9868-57a2d4851a1d" />
    <TestEntry testId="25cbaaf0-3036-4595-606d-abdca121d607" executionId="0ae08e26-1938-4a3a-8d17-3ef7dc439346" testListId="8c84fa94-04c1-424b-9868-57a2d4851a1d" />
    <TestEntry testId="2e726055-bd79-8131-9660-4ef2c8030008" executionId="e5a0c113-643d-4a0a-ad8e-106e40dd3b6f" testListId="8c84fa94-04c1-424b-9868-57a2d4851a1d" />
    <TestEntry testId="c5b1ff28-50bd-bac0-0fe5-d6c6a24314c6" executionId="ba0a4ae0-4731-4206-ac82-043b4b39d447" testListId="8c84fa94-04c1-424b-9868-57a2d4851a1d" />
    <TestEntry testId="5c56245c-c796-7656-3806-623df79f2df2" executionId="a3fe7892-90a8-4781-b3c2-f469eab652d6" testListId="8c84fa94-04c1-424b-9868-57a2d4851a1d" />
    <TestEntry testId="0e57949f-5eed-e0a5-dc15-9e4681f03e7e" executionId="e5a96425-d54f-4b36-bd9d-557adf99c782" testListId="8c84fa94-04c1-424b-9868-57a2d4851a1d" />
    <TestEntry testId="d8d13d5c-9a18-10d4-05f9-33e7bc4e6379" executionId="91ce5d84-d08a-4aa5-9aa9-ae029930faef" testListId="8c84fa94-04c1-424b-9868-57a2d4851a1d" />
    <TestEntry testId="89afa1e4-1aef-547e-812e-86c3faa7cac9" executionId="f1cc3d28-cba0-41f3-895c-49ca9e6b5fca" testListId="8c84fa94-04c1-424b-9868-57a2d4851a1d" />
    <TestEntry testId="055d25e5-c7dd-6420-c5db-a39eab7a4351" executionId="62f7786c-fe00-4106-b074-c8cfbe847e58" testListId="8c84fa94-04c1-424b-9868-57a2d4851a1d" />
    <TestEntry testId="a87c30da-ec4d-bec5-400f-0fc24fdd724b" executionId="6a8e426b-04bd-4420-88e4-0b878409b0f3" testListId="8c84fa94-04c1-424b-9868-57a2d4851a1d" />
    <TestEntry testId="9e2bcd4e-8dcd-01f7-6aa4-63be04f2451e" executionId="d5337621-9b2a-469f-9f0b-2978fa0c22ba" testListId="8c84fa94-04c1-424b-9868-57a2d4851a1d" />
    <TestEntry testId="95d22589-1d8f-4ebf-e4df-157b1b4617e3" executionId="9a2716ec-c30b-4db6-af8c-45e3dbde38cd" testListId="8c84fa94-04c1-424b-9868-57a2d4851a1d" />
    <TestEntry testId="6b9fe114-f311-ad82-baaf-a1bb85391f90" executionId="7477045c-6779-42a6-a24a-7b428bfa4a69" testListId="8c84fa94-04c1-424b-9868-57a2d4851a1d" />
    <TestEntry testId="cdf57b2e-290f-555e-a7a1-9705ae124a3c" executionId="57743cb5-3714-4915-a8e8-9c2cf607d411" testListId="8c84fa94-04c1-424b-9868-57a2d4851a1d" />
    <TestEntry testId="a6bbfe67-bb4c-3053-684c-4b2ac4a1a5f5" executionId="a6fa0e2b-b319-49d8-b12f-297aaff2e5e0" testListId="8c84fa94-04c1-424b-9868-57a2d4851a1d" />
    <TestEntry testId="390793ea-702c-af25-e988-13829a585d81" executionId="fbeb7ba0-16ad-49fc-8d93-4f712eca9c3c" testListId="8c84fa94-04c1-424b-9868-57a2d4851a1d" />
    <TestEntry testId="5e1e93dc-6d76-fc61-24e5-0d2cf001e844" executionId="cb40c5bd-03d9-4565-8805-6a1e34ea58ee" testListId="8c84fa94-04c1-424b-9868-57a2d4851a1d" />
    <TestEntry testId="017dbcc8-7655-a4be-5992-37240192aeee" executionId="273eb692-62ac-4db5-8129-aab5ba01c85f" testListId="8c84fa94-04c1-424b-9868-57a2d4851a1d" />
    <TestEntry testId="0204c3f9-3a86-ce55-e560-6315cab59614" executionId="ae2d1371-0b48-493c-94bd-efdfb3765c88" testListId="8c84fa94-04c1-424b-9868-57a2d4851a1d" />
    <TestEntry testId="44ff9317-7bba-67fb-11c8-c32502821475" executionId="22b37941-517e-4a5e-a30a-60789ec001d9" testListId="8c84fa94-04c1-424b-9868-57a2d4851a1d" />
    <TestEntry testId="b09bc518-9181-834d-8138-bb12a63a2bbe" executionId="f943f4c1-d8f2-4b89-b2d0-cc99ffde3a1e" testListId="8c84fa94-04c1-424b-9868-57a2d4851a1d" />
    <TestEntry testId="aa128e9c-8c50-ef72-3521-80156ad00b65" executionId="7d2e9871-f070-47e9-a53f-506b82d67096" testListId="8c84fa94-04c1-424b-9868-57a2d4851a1d" />
    <TestEntry testId="8febbb84-98c4-5f68-188d-b688ee575c6a" executionId="da204554-86d1-4cf3-b3e1-9a3942ddbc40" testListId="8c84fa94-04c1-424b-9868-57a2d4851a1d" />
    <TestEntry testId="9d66a2a0-fe8c-7ed7-ae96-dc09ed5145e7" executionId="c4179d59-279b-4aa8-8a6f-8a55c9549f56" testListId="8c84fa94-04c1-424b-9868-57a2d4851a1d" />
    <TestEntry testId="95e03aa3-4c8c-2d0e-6230-768ebf402823" executionId="a766ddd1-15d3-4796-a6bd-fb069457f9a3" testListId="8c84fa94-04c1-424b-9868-57a2d4851a1d" />
    <TestEntry testId="f7f3bff4-4fe1-d256-4141-b555f607e126" executionId="7418775b-9495-461f-a644-c8fe5ca4fa5b" testListId="8c84fa94-04c1-424b-9868-57a2d4851a1d" />
    <TestEntry testId="a949f178-d109-884d-52b9-5b9efa4adf42" executionId="5bb595e3-a9f4-4d49-9fdb-f39211860418" testListId="8c84fa94-04c1-424b-9868-57a2d4851a1d" />
    <TestEntry testId="e36c186b-ac54-6695-64b3-d18a78423e49" executionId="ad03c845-af61-4184-afe0-c2b6ff7716e2" testListId="8c84fa94-04c1-424b-9868-57a2d4851a1d" />
    <TestEntry testId="88dfce70-46d3-b2dd-8243-e8cdd67ae1e2" executionId="ceb767da-c8f0-4d73-bae2-235519925e96" testListId="8c84fa94-04c1-424b-9868-57a2d4851a1d" />
    <TestEntry testId="c30acb0f-1cfc-d5b1-71b6-508d68ffc525" executionId="06fba574-a6ae-4d83-95ce-c7f39261f9c9" testListId="8c84fa94-04c1-424b-9868-57a2d4851a1d" />
    <TestEntry testId="acacba3e-dffd-e2c9-17fc-7a3ccbe729d1" executionId="b45aaab0-2fbb-4b53-b8eb-fa08eafd85e6" testListId="8c84fa94-04c1-424b-9868-57a2d4851a1d" />
    <TestEntry testId="94e82bd1-48cc-6c05-a912-4f133dc45255" executionId="80cd3692-850a-461b-9e89-cb0115b60b03" testListId="8c84fa94-04c1-424b-9868-57a2d4851a1d" />
    <TestEntry testId="ce198c91-44a6-4343-df6b-7fdd9d1911db" executionId="190de70b-c587-4980-8dc0-37f760c0d961" testListId="8c84fa94-04c1-424b-9868-57a2d4851a1d" />
    <TestEntry testId="33cb1245-3468-e7f0-08f4-107c6711495f" executionId="5e726d33-8402-4f26-8cd0-b51df9326db0" testListId="8c84fa94-04c1-424b-9868-57a2d4851a1d" />
    <TestEntry testId="a5170ebe-a537-b8fb-0d42-b501abf08528" executionId="07ae0b10-a977-4fe5-89a4-ab01b4c8c50b" testListId="8c84fa94-04c1-424b-9868-57a2d4851a1d" />
    <TestEntry testId="5c4d51f5-049c-2122-a03f-7b2f8d96f7cf" executionId="aa377977-2662-4495-938d-1f624d36e1d4" testListId="8c84fa94-04c1-424b-9868-57a2d4851a1d" />
    <TestEntry testId="a6763918-d1c7-715d-a695-a2db83a1c096" executionId="fbb18c46-993d-42ec-8f4d-c7013cb26e9d" testListId="8c84fa94-04c1-424b-9868-57a2d4851a1d" />
    <TestEntry testId="d4401fda-d426-b749-6bd2-3b7dd4b6a015" executionId="a5fdebb1-1fe0-4edb-8e9a-cc47a46b2d70" testListId="8c84fa94-04c1-424b-9868-57a2d4851a1d" />
    <TestEntry testId="842a92bf-b64a-e74e-9a1c-17631a06c987" executionId="f7a2d935-c739-41df-ae29-f888cbbea59f" testListId="8c84fa94-04c1-424b-9868-57a2d4851a1d" />
    <TestEntry testId="0cd21065-f7c9-936f-045f-553cbc9a5958" executionId="88ef493b-0c74-4ce9-9cc3-573807f29ef2" testListId="8c84fa94-04c1-424b-9868-57a2d4851a1d" />
    <TestEntry testId="2fe88c5a-5ae2-cdb9-476d-5cb42afced97" executionId="2b1cfa34-b9eb-4764-a0f3-597bd8cb90ff" testListId="8c84fa94-04c1-424b-9868-57a2d4851a1d" />
    <TestEntry testId="9e16b374-3206-ed1a-4e2f-8503d006f5de" executionId="833ee258-4403-4bb7-9edb-196d9f89b808" testListId="8c84fa94-04c1-424b-9868-57a2d4851a1d" />
    <TestEntry testId="65470acc-24ae-b4f2-a544-910855b8c236" executionId="c22b808a-0d38-4550-8d69-54b07ab50ba5" testListId="8c84fa94-04c1-424b-9868-57a2d4851a1d" />
    <TestEntry testId="84bbf4d6-31cb-dfce-d9d0-4f73d298d8fa" executionId="9dab857f-8f05-4fde-9194-f2ee3dcf7f7b" testListId="8c84fa94-04c1-424b-9868-57a2d4851a1d" />
    <TestEntry testId="3708fa75-a5bb-b0a0-e756-dd8defda3e1f" executionId="701ce3f3-8346-4ba0-a46e-02c916ed5d98" testListId="8c84fa94-04c1-424b-9868-57a2d4851a1d" />
    <TestEntry testId="790d65be-b832-c982-54f6-e85d2c5cf4d0" executionId="8903fc09-ac27-41f9-906f-6a6b9f14d636" testListId="8c84fa94-04c1-424b-9868-57a2d4851a1d" />
    <TestEntry testId="5848306e-ccc9-5132-3b4d-4c08b724ca5c" executionId="394f6bd2-26e3-48a9-8d4d-398e9700191e" testListId="8c84fa94-04c1-424b-9868-57a2d4851a1d" />
    <TestEntry testId="ac75401c-f381-48f1-b1ae-2a2adb9761ca" executionId="f527b8a1-210b-4cd3-ae17-c20d0dd68129" testListId="8c84fa94-04c1-424b-9868-57a2d4851a1d" />
    <TestEntry testId="635b25f4-6dfd-b3f2-f685-495323c6cf94" executionId="a9394400-eb94-44c1-91c0-ec029479ad4b" testListId="8c84fa94-04c1-424b-9868-57a2d4851a1d" />
    <TestEntry testId="86019a3a-d5d0-6cf3-ce58-5fd5ae61e039" executionId="35447597-6e31-4e28-a15a-103be09a0423" testListId="8c84fa94-04c1-424b-9868-57a2d4851a1d" />
    <TestEntry testId="d5a5fd18-d643-3be9-7250-204e4d7649c4" executionId="eaa00f26-1089-409a-b322-74b51297a543" testListId="8c84fa94-04c1-424b-9868-57a2d4851a1d" />
    <TestEntry testId="e09af21f-32d4-22c2-a2ea-4b31ce210884" executionId="f9b27f95-3ccb-4411-8be1-a15bbbe73aca" testListId="8c84fa94-04c1-424b-9868-57a2d4851a1d" />
    <TestEntry testId="896c65a1-5eb0-4856-d26a-780823026a46" executionId="5d2c3de8-5f6f-4163-9c18-ad5b3fec22cb" testListId="8c84fa94-04c1-424b-9868-57a2d4851a1d" />
    <TestEntry testId="7ffc44d7-c532-acce-3cff-88ebea883748" executionId="57b880aa-1d73-484b-9a46-088750907232" testListId="8c84fa94-04c1-424b-9868-57a2d4851a1d" />
    <TestEntry testId="fa3560f4-da71-dcba-e1ee-9b9a98f01921" executionId="b5ad5ac5-ed5b-4237-a348-48a026f9cb81" testListId="8c84fa94-04c1-424b-9868-57a2d4851a1d" />
    <TestEntry testId="0cf80abc-ba4f-34b5-792b-5f09c6556014" executionId="9b2ad460-b256-4796-acca-4c311dc441cb" testListId="8c84fa94-04c1-424b-9868-57a2d4851a1d" />
    <TestEntry testId="8794664f-6506-7f83-2a67-97e3dec6c54b" executionId="e7fc6123-9b42-476a-aedf-52b67f46f8b7" testListId="8c84fa94-04c1-424b-9868-57a2d4851a1d" />
    <TestEntry testId="3e27a81d-249e-173f-d31e-70fe512cb3d2" executionId="ee76726d-d2b3-4a24-87ae-bf6b6de1f53f" testListId="8c84fa94-04c1-424b-9868-57a2d4851a1d" />
    <TestEntry testId="6478c6a9-a51d-8c82-6dd6-fa1bc56e1b2e" executionId="b7989a0d-a0fc-4256-8a7e-576e885d10e3" testListId="8c84fa94-04c1-424b-9868-57a2d4851a1d" />
    <TestEntry testId="b769f1da-121e-4ab3-41b1-070cc72f5aa7" executionId="80116970-af11-4d5a-810c-78cf19820461" testListId="8c84fa94-04c1-424b-9868-57a2d4851a1d" />
    <TestEntry testId="d05b1065-db8e-f24d-725f-2def827b04b5" executionId="5dcae163-c84e-406b-a051-3d452831298b" testListId="8c84fa94-04c1-424b-9868-57a2d4851a1d" />
    <TestEntry testId="3f96a715-f418-689e-0e04-86c68e15cd1f" executionId="a45d699e-4920-43e8-9eef-34dcd54b0e84" testListId="8c84fa94-04c1-424b-9868-57a2d4851a1d" />
    <TestEntry testId="87bc4bb9-ba6c-52b9-4f29-fe83f2852a7e" executionId="8858ceb2-45e0-4599-abf6-04375bb07b73" testListId="8c84fa94-04c1-424b-9868-57a2d4851a1d" />
    <TestEntry testId="c1849771-448e-8115-46d7-ba9a799263ae" executionId="1b595a70-b0db-4291-98b0-f6ebb1990d3e" testListId="8c84fa94-04c1-424b-9868-57a2d4851a1d" />
    <TestEntry testId="32622683-9fec-2e78-292a-cbfd4d9d983d" executionId="4395bf8c-db98-46e8-b798-62cff8b2d690" testListId="8c84fa94-04c1-424b-9868-57a2d4851a1d" />
    <TestEntry testId="71227432-9e0e-3774-4876-495711e9477b" executionId="0df6762f-afaa-4626-b27f-2236dacf1e30" testListId="8c84fa94-04c1-424b-9868-57a2d4851a1d" />
    <TestEntry testId="16540cef-df82-66f2-be19-015b8006527e" executionId="2f9efa6d-d129-4cd5-9f3a-9b8618280928" testListId="8c84fa94-04c1-424b-9868-57a2d4851a1d" />
    <TestEntry testId="5a4fad71-4de5-6ac7-a492-c748cbf71b7e" executionId="f8e0b196-92af-45fc-abd2-e92bb830ceb0" testListId="8c84fa94-04c1-424b-9868-57a2d4851a1d" />
    <TestEntry testId="ed4a0161-1790-f885-e7d4-f8b05f7a64fa" executionId="16eb5e62-89cd-4203-bba9-7bda703deb4a" testListId="8c84fa94-04c1-424b-9868-57a2d4851a1d" />
    <TestEntry testId="0397821e-2adc-0363-f45b-d1b96ca85e7c" executionId="78462395-7f80-412b-91bf-92c8666d8122" testListId="8c84fa94-04c1-424b-9868-57a2d4851a1d" />
    <TestEntry testId="6e384a42-6619-51d6-0961-066712386a20" executionId="a9434e2d-6e03-47e9-ab43-06a590ed3584" testListId="8c84fa94-04c1-424b-9868-57a2d4851a1d" />
    <TestEntry testId="e8327f73-b75d-01cb-d95f-3c370e1ccda3" executionId="3f8c749f-afb1-4b4f-b732-1843f7edf37d" testListId="8c84fa94-04c1-424b-9868-57a2d4851a1d" />
    <TestEntry testId="ca89c73b-031d-e540-83ff-03207e4681e5" executionId="82d8d77a-99ac-4366-a94d-ea8bd5a8b54b" testListId="8c84fa94-04c1-424b-9868-57a2d4851a1d" />
    <TestEntry testId="0b638614-b1f2-1fc9-4ca0-99b3b7a347aa" executionId="e3f3740f-624c-4eb6-9500-7f57432437d5" testListId="8c84fa94-04c1-424b-9868-57a2d4851a1d" />
    <TestEntry testId="70af1199-4c64-e9ac-0ab4-875e94f8b86d" executionId="6f089ef9-5bb5-4f38-8e5a-138a3b1f3512" testListId="8c84fa94-04c1-424b-9868-57a2d4851a1d" />
    <TestEntry testId="0ca7ad64-c561-e060-e28e-b5d0c10a0dce" executionId="a3501af7-8118-4b1e-bc90-56056febd4b2" testListId="8c84fa94-04c1-424b-9868-57a2d4851a1d" />
    <TestEntry testId="4c89c8d9-145f-a12a-24e4-5f30f0f1dc4b" executionId="7161a8ff-a8d5-4641-b144-84f8480e503d" testListId="8c84fa94-04c1-424b-9868-57a2d4851a1d" />
    <TestEntry testId="ee5fa057-7f51-063f-a68e-13025646439f" executionId="0c1cd8ff-f28c-4c38-8ed1-69f00f32efbf" testListId="8c84fa94-04c1-424b-9868-57a2d4851a1d" />
    <TestEntry testId="69c6af71-94e4-e3da-ec83-f3e504934467" executionId="5ea7da26-993d-4722-86c2-2806e8ea1353" testListId="8c84fa94-04c1-424b-9868-57a2d4851a1d" />
    <TestEntry testId="ff3b5c6a-3cdd-4ced-8665-8d51b31985c7" executionId="3804314a-001d-4085-b891-5fe80ff44c02" testListId="8c84fa94-04c1-424b-9868-57a2d4851a1d" />
    <TestEntry testId="dfe89b83-f61e-bb8a-3032-679da33253a7" executionId="8e242107-738c-45b5-a082-bfc7f78c96d1" testListId="8c84fa94-04c1-424b-9868-57a2d4851a1d" />
    <TestEntry testId="376cbd29-d1ec-f986-ea57-53b736a94699" executionId="e208a768-1c1a-4479-a231-66a53f000e1c" testListId="8c84fa94-04c1-424b-9868-57a2d4851a1d" />
    <TestEntry testId="c10573e5-c0b1-cac2-6e4d-11a9ba245a79" executionId="b33de777-68d7-43f5-95bf-615b24c5935c" testListId="8c84fa94-04c1-424b-9868-57a2d4851a1d" />
    <TestEntry testId="ded5d3e0-2264-5b47-6ef0-aea7ca11ec75" executionId="747291d3-7d8b-4175-9d74-5bde3f44da9d" testListId="8c84fa94-04c1-424b-9868-57a2d4851a1d" />
    <TestEntry testId="13f641f7-054d-82b4-41b9-f646789dd5ee" executionId="96170900-8482-4a29-b15e-998fed93f389" testListId="8c84fa94-04c1-424b-9868-57a2d4851a1d" />
    <TestEntry testId="2bd06cb0-2bea-8b46-3856-48f621226a44" executionId="1b310be8-f7e4-414f-a939-68ae40abc5d8" testListId="8c84fa94-04c1-424b-9868-57a2d4851a1d" />
    <TestEntry testId="b8524d0e-9aa9-36ac-af0f-5c252e0f9333" executionId="460776c4-d108-4818-a87f-e55389ebc457" testListId="8c84fa94-04c1-424b-9868-57a2d4851a1d" />
    <TestEntry testId="9b64edd7-d73c-ea14-1867-f7d9bec21587" executionId="1fdb28e3-b188-4ba6-afa4-1eb815103ace" testListId="8c84fa94-04c1-424b-9868-57a2d4851a1d" />
    <TestEntry testId="f9cd9fed-2223-b29f-0f3b-fb835aeba1f8" executionId="45303b2b-a9ec-46ce-8b89-d2d8cf7b4206" testListId="8c84fa94-04c1-424b-9868-57a2d4851a1d" />
    <TestEntry testId="9055d676-0458-b913-4e25-556e3cb56e47" executionId="6301239b-badb-4247-9e9e-4200ec05d26c" testListId="8c84fa94-04c1-424b-9868-57a2d4851a1d" />
    <TestEntry testId="ca66f1f1-2d09-06ff-9dba-55db66cdaba6" executionId="2dc2a21b-2b4c-43c0-97f9-e66b1863b8ee" testListId="8c84fa94-04c1-424b-9868-57a2d4851a1d" />
    <TestEntry testId="4268b83e-0001-d4a3-4995-b07e54886aa8" executionId="21a195ef-100e-42ad-93cb-8182e2da5f59" testListId="8c84fa94-04c1-424b-9868-57a2d4851a1d" />
    <TestEntry testId="3706dcc9-088a-97b4-42e3-9c3513f5d31d" executionId="28648171-d575-4e3b-993f-b2c2a721c171" testListId="8c84fa94-04c1-424b-9868-57a2d4851a1d" />
    <TestEntry testId="30112775-4b5e-c451-aa6c-2ca554cede4e" executionId="3037d767-391b-4182-af7c-ea4392099f50" testListId="8c84fa94-04c1-424b-9868-57a2d4851a1d" />
    <TestEntry testId="92e06f9b-d3ca-3afc-5aab-783845e49507" executionId="66d57c1f-0cf5-47da-95d2-3893e4f679a3" testListId="8c84fa94-04c1-424b-9868-57a2d4851a1d" />
    <TestEntry testId="bc2be36f-9a33-57e0-2a49-784ff4fb7eac" executionId="cdcd7127-c5a9-41e4-814f-aae12049e111" testListId="8c84fa94-04c1-424b-9868-57a2d4851a1d" />
    <TestEntry testId="1428ddb5-f89e-90cb-bd5f-1462e5b3d3bb" executionId="5816ce72-21dc-417f-988b-860fac2b97fd" testListId="8c84fa94-04c1-424b-9868-57a2d4851a1d" />
    <TestEntry testId="83501051-5e23-37b2-8753-096cd94ef35c" executionId="915bf8fd-953e-49ec-8e23-27b666399cfd" testListId="8c84fa94-04c1-424b-9868-57a2d4851a1d" />
    <TestEntry testId="1016f38d-7908-74bd-e11a-c887bf231de0" executionId="c1e2ec90-98bc-46d3-bca0-43c2f8dccf1d" testListId="8c84fa94-04c1-424b-9868-57a2d4851a1d" />
  </TestEntries>
  <TestLists>
    <TestList name="Results Not in a List" id="8c84fa94-04c1-424b-9868-57a2d4851a1d" />
    <TestList name="All Loaded Results" id="19431567-8539-422a-85d7-44ee4e166bda" />
  </TestLists>
  <ResultSummary outcome="Completed">
    <Counters total="117" executed="114" passed="114" failed="0" error="0" timeout="0" aborted="0" inconclusive="0" passedButRunAborted="0" notRunnable="0" notExecuted="0" disconnected="0" warning="0" completed="0" inProgress="0" pending="0" />
    <Output>
      <StdOut>[xUnit.net 00:00:00.00] xUnit.net VSTest Adapter v3.1.4+50e68bbb8b (64-bit .NET 9.0.11)&#xD;
[xUnit.net 00:00:00.30]   Discovering: pto.track.services.tests&#xD;
[xUnit.net 00:00:00.44]   Discovered:  pto.track.services.tests&#xD;
[xUnit.net 00:00:00.52]   Starting:    pto.track.services.tests&#xD;
[xUnit.net 00:00:01.36]       InMemory database does not support transactions&#xD;
[xUnit.net 00:00:01.37]       InMemory database does not support transactions&#xD;
Test 'pto.track.services.tests.UnitOfWorkTests.Transaction_ExceptionDuringOperation_CanBeRolledBack' was skipped in the test run.&#xD;
Test 'pto.track.services.tests.UnitOfWorkTests.RollbackTransactionAsync_RollsBackTransaction' was skipped in the test run.&#xD;
[xUnit.net 00:00:02.46]       InMemory database does not support transactions&#xD;
Test 'pto.track.services.tests.UnitOfWorkTests.BeginTransactionAsync_StartsTransaction' was skipped in the test run.&#xD;
[xUnit.net 00:00:03.80]   Finished:    pto.track.services.tests&#xD;
</StdOut>
    </Output>
    <RunInfos>
      <RunInfo computerName="QUANTUM" outcome="Warning" timestamp="2025-12-09T11:41:14.4592641-10:00">
        <Text>[xUnit.net 00:00:01.36]     pto.track.services.tests.UnitOfWorkTests.Transaction_ExceptionDuringOperation_CanBeRolledBack [SKIP]</Text>
      </RunInfo>
      <RunInfo computerName="QUANTUM" outcome="Warning" timestamp="2025-12-09T11:41:14.4676015-10:00">
        <Text>[xUnit.net 00:00:01.37]     pto.track.services.tests.UnitOfWorkTests.RollbackTransactionAsync_RollsBackTransaction [SKIP]</Text>
      </RunInfo>
      <RunInfo computerName="QUANTUM" outcome="Warning" timestamp="2025-12-09T11:41:15.5575605-10:00">
        <Text>[xUnit.net 00:00:02.46]     pto.track.services.tests.UnitOfWorkTests.BeginTransactionAsync_StartsTransaction [SKIP]</Text>
      </RunInfo>
    </RunInfos>
  </ResultSummary>
</TestRun>