<?xml version="1.0" encoding="utf-8"?>
<TestRun id="61997b0f-0327-4b70-bce6-b1976d8fd365" name="tim@QUANTUM 2025-12-09 11:41:33" runUser="QUANTUM\tim" xmlns="http://microsoft.com/schemas/VisualStudio/TeamTest/2010">
  <Times creation="2025-12-09T11:41:33.8854494-10:00" queuing="2025-12-09T11:41:33.8854498-10:00" start="2025-12-09T11:41:30.3760992-10:00" finish="2025-12-09T11:41:35.8046247-10:00" />
  <TestSettings name="default" id="0d1f975c-48ae-4e22-a652-66805eba9d4a">
    <Deployment runDeploymentRoot="tim_QUANTUM_2025-12-09_11_41_33" />
  </TestSettings>
  <Results>
    <UnitTestResult executionId="a1b0b066-ac04-4c9b-bfd1-31ae021d4de3" testId="c8b34002-4788-3b4e-8175-5af24bc5f122" testName="pto.track.tests.GroupsControllerTests.DeleteGroup_AsNonAdmin_ReturnsForbid" computerName="QUANTUM" duration="00:00:00.0073905" startTime="2025-12-09T11:41:34.9875524-10:00" endTime="2025-12-09T11:41:34.9875525-10:00" testType="13cdc9d9-ddb5-4fa4-a97d-d965ccfc6d4b" outcome="Passed" testListId="8c84fa94-04c1-424b-9868-57a2d4851a1d" relativeResultsDirectory="a1b0b066-ac04-4c9b-bfd1-31ae021d4de3" />
    <UnitTestResult executionId="4dcfe1f2-c6b3-43e1-b5bc-2e748c1092fd" testId="7bb698a2-0a09-fa3e-30ef-31c4d0561970" testName="pto.track.tests.ImpersonationTests.ClearImpersonation_ResetsToDefaultUser" computerName="QUANTUM" duration="00:00:00.0887443" startTime="2025-12-09T11:41:35.2701182-10:00" endTime="2025-12-09T11:41:35.2701183-10:00" testType="13cdc9d9-ddb5-4fa4-a97d-d965ccfc6d4b" outcome="Passed" testListId="8c84fa94-04c1-424b-9868-57a2d4851a1d" relativeResultsDirectory="4dcfe1f2-c6b3-43e1-b5bc-2e748c1092fd" />
    <UnitTestResult executionId="ed93bbb8-7537-412f-be5d-3af1adfe0723" testId="e98403aa-1713-5955-3ebd-158ab71afac7" testName="pto.track.tests.AbsencesAuthorizationTests.RejectAbsenceRequest_WithEmployeeRole_ReturnsForbid" computerName="QUANTUM" duration="00:00:00.0012999" startTime="2025-12-09T11:41:34.0340680-10:00" endTime="2025-12-09T11:41:34.0340685-10:00" testType="13cdc9d9-ddb5-4fa4-a97d-d965ccfc6d4b" outcome="Passed" testListId="8c84fa94-04c1-424b-9868-57a2d4851a1d" relativeResultsDirectory="ed93bbb8-7537-412f-be5d-3af1adfe0723" />
    <UnitTestResult executionId="f6d0a2a7-1154-46e8-af62-eda2c768fc09" testId="3a08b401-7caf-3235-2065-2564bc6d068d" testName="pto.track.tests.ImpersonationTests.CurrentUser_ImpersonatedAsApprover_ReturnsApproverRole" computerName="QUANTUM" duration="00:00:00.9741155" startTime="2025-12-09T11:41:34.7393234-10:00" endTime="2025-12-09T11:41:34.7393237-10:00" testType="13cdc9d9-ddb5-4fa4-a97d-d965ccfc6d4b" outcome="Passed" testListId="8c84fa94-04c1-424b-9868-57a2d4851a1d" relativeResultsDirectory="f6d0a2a7-1154-46e8-af62-eda2c768fc09" />
    <UnitTestResult executionId="456fdc7f-274a-4170-bd89-36a79245fb0d" testId="be6ba869-812c-657b-14ff-c7847a6e2a1a" testName="pto.track.tests.GroupsControllerTests.GetGroups_AsAdmin_ReturnsOk" computerName="QUANTUM" duration="00:00:00.8808080" startTime="2025-12-09T11:41:34.6332612-10:00" endTime="2025-12-09T11:41:34.6332613-10:00" testType="13cdc9d9-ddb5-4fa4-a97d-d965ccfc6d4b" outcome="Passed" testListId="8c84fa94-04c1-424b-9868-57a2d4851a1d" relativeResultsDirectory="456fdc7f-274a-4170-bd89-36a79245fb0d" />
    <UnitTestResult executionId="5c91886d-4afc-4015-a8a5-8734f109838a" testId="05f77e93-49db-28d3-8e9a-54d45397a5ed" testName="pto.track.tests.ImpersonationMiddlewareTests.InvokeAsync_WhenMockMode_AndNoImpersonationCookie_AuthenticatesDefaultUser" computerName="QUANTUM" duration="00:00:00.0046511" startTime="2025-12-09T11:41:33.9245775-10:00" endTime="2025-12-09T11:41:33.9245779-10:00" testType="13cdc9d9-ddb5-4fa4-a97d-d965ccfc6d4b" outcome="Passed" testListId="8c84fa94-04c1-424b-9868-57a2d4851a1d" relativeResultsDirectory="5c91886d-4afc-4015-a8a5-8734f109838a" />
    <UnitTestResult executionId="91b5f03e-571a-49ff-a0be-c96f166ef31b" testId="66cc6f88-9239-97c1-07bc-d986f307c5c5" testName="pto.track.tests.Integration.IntegrationTests.GetResourcesByGroup_ReturnsGroupResources" computerName="QUANTUM" duration="00:00:00.0716789" startTime="2025-12-09T11:41:35.2145825-10:00" endTime="2025-12-09T11:41:35.2145827-10:00" testType="13cdc9d9-ddb5-4fa4-a97d-d965ccfc6d4b" outcome="Passed" testListId="8c84fa94-04c1-424b-9868-57a2d4851a1d" relativeResultsDirectory="91b5f03e-571a-49ff-a0be-c96f166ef31b" />
    <UnitTestResult executionId="f41bc853-14e9-40ce-a042-2527d044ea6d" testId="e1415b1c-f190-6c38-aa1e-154bc64ae8c9" testName="pto.track.tests.GroupsAuthorizationTests.GroupsPage_NonAdminUser_RedirectsToHome" computerName="QUANTUM" duration="00:00:00.0145401" startTime="2025-12-09T11:41:34.8783038-10:00" endTime="2025-12-09T11:41:34.8783041-10:00" testType="13cdc9d9-ddb5-4fa4-a97d-d965ccfc6d4b" outcome="Passed" testListId="8c84fa94-04c1-424b-9868-57a2d4851a1d" relativeResultsDirectory="f41bc853-14e9-40ce-a042-2527d044ea6d" />
    <UnitTestResult executionId="8715b734-2395-4efd-8f6b-b83f5ce17884" testId="4ba0b6b8-7ef2-ab8f-cfc3-00672d550b5d" testName="pto.track.tests.AbsencesAuthorizationTests.ApproveAbsenceRequest_WithoutRole_LogsWarning" computerName="QUANTUM" duration="00:00:00.0142134" startTime="2025-12-09T11:41:34.0551908-10:00" endTime="2025-12-09T11:41:34.0551911-10:00" testType="13cdc9d9-ddb5-4fa4-a97d-d965ccfc6d4b" outcome="Passed" testListId="8c84fa94-04c1-424b-9868-57a2d4851a1d" relativeResultsDirectory="8715b734-2395-4efd-8f6b-b83f5ce17884" />
    <UnitTestResult executionId="905d63d1-b268-40c7-a97c-ab99c2b26737" testId="44ce63c5-9cb9-cdde-5631-fbead5a60f4d" testName="pto.track.tests.AbsencesAuthorizationTests.ApproveAbsenceRequest_WithEmployeeRole_ReturnsForbid" computerName="QUANTUM" duration="00:00:00.0097087" startTime="2025-12-09T11:41:34.0263723-10:00" endTime="2025-12-09T11:41:34.0263727-10:00" testType="13cdc9d9-ddb5-4fa4-a97d-d965ccfc6d4b" outcome="Passed" testListId="8c84fa94-04c1-424b-9868-57a2d4851a1d" relativeResultsDirectory="905d63d1-b268-40c7-a97c-ab99c2b26737" />
    <UnitTestResult executionId="3be9e30d-4147-408a-a2ed-22c77115a82d" testId="b77510af-2c91-4d34-565b-88ed3f3d26d8" testName="pto.track.tests.CodeMetricsAnalyzer.AnalyzeMaintainabilityIndex" computerName="QUANTUM" duration="00:00:00.2766429" startTime="2025-12-09T11:41:34.7239156-10:00" endTime="2025-12-09T11:41:34.7239158-10:00" testType="13cdc9d9-ddb5-4fa4-a97d-d965ccfc6d4b" outcome="Passed" testListId="8c84fa94-04c1-424b-9868-57a2d4851a1d" relativeResultsDirectory="3be9e30d-4147-408a-a2ed-22c77115a82d" />
    <UnitTestResult executionId="d8448bfc-3e0f-42d3-a8a0-63a2db7ee170" testId="e7ed8809-9d69-26ea-7483-8017cf77e6ea" testName="pto.track.tests.GlobalExceptionHandlerTests.TryHandleAsync_WithResourceNotFoundException_Returns404" computerName="QUANTUM" duration="00:00:00.0211199" startTime="2025-12-09T11:41:33.9610589-10:00" endTime="2025-12-09T11:41:33.9610590-10:00" testType="13cdc9d9-ddb5-4fa4-a97d-d965ccfc6d4b" outcome="Passed" testListId="8c84fa94-04c1-424b-9868-57a2d4851a1d" relativeResultsDirectory="d8448bfc-3e0f-42d3-a8a0-63a2db7ee170" />
    <UnitTestResult executionId="578de56a-c1a6-4420-831e-3f8e3a142801" testId="95a7f3d8-2249-5b2c-d3ad-26f33a5fa8cf" testName="pto.track.tests.GlobalExceptionHandlerTests.TryHandleAsync_WithInvalidAbsenceOperationException_Returns400" computerName="QUANTUM" duration="00:00:00.0097555" startTime="2025-12-09T11:41:33.9715777-10:00" endTime="2025-12-09T11:41:33.9715779-10:00" testType="13cdc9d9-ddb5-4fa4-a97d-d965ccfc6d4b" outcome="Passed" testListId="8c84fa94-04c1-424b-9868-57a2d4851a1d" relativeResultsDirectory="578de56a-c1a6-4420-831e-3f8e3a142801" />
    <UnitTestResult executionId="dcfac913-5388-4924-b7df-9c58945b2790" testId="5929fdb8-7553-76bd-b191-4bada24cab33" testName="pto.track.tests.EventsControllerTests.PutSchedulerEvent_WithMismatchedId_ReturnsNotFound" computerName="QUANTUM" duration="00:00:00.0585928" startTime="2025-12-09T11:41:34.4693762-10:00" endTime="2025-12-09T11:41:34.4693766-10:00" testType="13cdc9d9-ddb5-4fa4-a97d-d965ccfc6d4b" outcome="Passed" testListId="8c84fa94-04c1-424b-9868-57a2d4851a1d" relativeResultsDirectory="dcfac913-5388-4924-b7df-9c58945b2790" />
    <UnitTestResult executionId="9ba71e33-ac83-431a-8151-dc3a2f2b70e5" testId="135c0395-f792-206c-8b5d-c178f75d0a6b" testName="pto.track.tests.GroupsControllerTests.DeleteGroup_AsAdmin_DeletesGroup" computerName="QUANTUM" duration="00:00:00.1037002" startTime="2025-12-09T11:41:34.8293774-10:00" endTime="2025-12-09T11:41:34.8293776-10:00" testType="13cdc9d9-ddb5-4fa4-a97d-d965ccfc6d4b" outcome="Passed" testListId="8c84fa94-04c1-424b-9868-57a2d4851a1d" relativeResultsDirectory="9ba71e33-ac83-431a-8151-dc3a2f2b70e5" />
    <UnitTestResult executionId="919048d3-3e72-4cad-a55b-1ee2217d0137" testId="baa2a96d-7c0f-ee54-8659-8eca2940bffd" testName="pto.track.tests.ImpersonationTests.CurrentUser_ImpersonatedAsManager_ReturnsManagerRole" computerName="QUANTUM" duration="00:00:00.0784851" startTime="2025-12-09T11:41:35.5064778-10:00" endTime="2025-12-09T11:41:35.5064793-10:00" testType="13cdc9d9-ddb5-4fa4-a97d-d965ccfc6d4b" outcome="Passed" testListId="8c84fa94-04c1-424b-9868-57a2d4851a1d" relativeResultsDirectory="919048d3-3e72-4cad-a55b-1ee2217d0137" />
    <UnitTestResult executionId="2379adb2-0a08-4df2-a39a-7cb73cc58641" testId="8c8af527-c676-0d84-1aa6-b129770abd3f" testName="pto.track.tests.GroupsAuthorizationTests.GroupsPage_AdminUser_ReturnsSuccess" computerName="QUANTUM" duration="00:00:00.0899037" startTime="2025-12-09T11:41:34.8624962-10:00" endTime="2025-12-09T11:41:34.8624963-10:00" testType="13cdc9d9-ddb5-4fa4-a97d-d965ccfc6d4b" outcome="Passed" testListId="8c84fa94-04c1-424b-9868-57a2d4851a1d" relativeResultsDirectory="2379adb2-0a08-4df2-a39a-7cb73cc58641" />
    <UnitTestResult executionId="b3323100-8ccc-4737-8330-544265c8226a" testId="a25d2c0e-6473-de26-2d3d-39fbb6876b97" testName="pto.track.tests.GlobalExceptionHandlerTests.TryHandleAsync_WithUnauthorizedAbsenceAccessException_Returns403" computerName="QUANTUM" duration="00:00:00.0066871" startTime="2025-12-09T11:41:33.9972814-10:00" endTime="2025-12-09T11:41:33.9972819-10:00" testType="13cdc9d9-ddb5-4fa4-a97d-d965ccfc6d4b" outcome="Passed" testListId="8c84fa94-04c1-424b-9868-57a2d4851a1d" relativeResultsDirectory="b3323100-8ccc-4737-8330-544265c8226a" />
    <UnitTestResult executionId="44433246-b7c3-47dd-b8c2-a386247d2120" testId="e31c2b7b-50ff-86b9-ca3f-a2a4077259c0" testName="pto.track.tests.GroupsControllerTests.CreateGroup_AsNonAdmin_ReturnsForbid" computerName="QUANTUM" duration="00:00:00.0018531" startTime="2025-12-09T11:41:34.9896761-10:00" endTime="2025-12-09T11:41:34.9896763-10:00" testType="13cdc9d9-ddb5-4fa4-a97d-d965ccfc6d4b" outcome="Passed" testListId="8c84fa94-04c1-424b-9868-57a2d4851a1d" relativeResultsDirectory="44433246-b7c3-47dd-b8c2-a386247d2120" />
    <UnitTestResult executionId="2e07e6cf-adc6-41c3-832a-06d17e3a2df0" testId="7afdb553-0b5f-0598-c04a-7f09a73e18b8" testName="pto.track.tests.AbsencesAuthorizationTests.CancelAbsenceRequest_UserCancelsOwnRequest_Succeeds" computerName="QUANTUM" duration="00:00:00.0040454" startTime="2025-12-09T11:41:34.0381968-10:00" endTime="2025-12-09T11:41:34.0381971-10:00" testType="13cdc9d9-ddb5-4fa4-a97d-d965ccfc6d4b" outcome="Passed" testListId="8c84fa94-04c1-424b-9868-57a2d4851a1d" relativeResultsDirectory="2e07e6cf-adc6-41c3-832a-06d17e3a2df0" />
    <UnitTestResult executionId="b7304b5f-270c-452d-898a-0904dfe204fe" testId="9cdbf214-8709-8747-d515-349e1a8091e0" testName="pto.track.tests.GlobalExceptionHandlerTests.TryHandleAsync_WithAbsenceNotFoundException_Returns404" computerName="QUANTUM" duration="00:00:00.1512375" startTime="2025-12-09T11:41:33.9056167-10:00" endTime="2025-12-09T11:41:33.9056171-10:00" testType="13cdc9d9-ddb5-4fa4-a97d-d965ccfc6d4b" outcome="Passed" testListId="8c84fa94-04c1-424b-9868-57a2d4851a1d" relativeResultsDirectory="b7304b5f-270c-452d-898a-0904dfe204fe" />
    <UnitTestResult executionId="73930626-e1f7-4979-82aa-e4c407ad01bf" testId="c09018c2-1595-8dd7-97d7-4b72afc32753" testName="pto.track.tests.ImpersonationMiddlewareTests.InvokeAsync_WhenMockMode_AndImpersonationCookieExists_AuthenticatesImpersonatedUser" computerName="QUANTUM" duration="00:00:00.0078895" startTime="2025-12-09T11:41:33.9193480-10:00" endTime="2025-12-09T11:41:33.9193482-10:00" testType="13cdc9d9-ddb5-4fa4-a97d-d965ccfc6d4b" outcome="Passed" testListId="8c84fa94-04c1-424b-9868-57a2d4851a1d" relativeResultsDirectory="73930626-e1f7-4979-82aa-e4c407ad01bf" />
    <UnitTestResult executionId="f5fa4359-3043-43a4-b23c-861aebdcb321" testId="85f27422-80ac-e86d-a35d-d753a801da0e" testName="pto.track.tests.GroupsControllerTests.GetGroupById_AsAdmin_ReturnsGroup" computerName="QUANTUM" duration="00:00:00.0104061" startTime="2025-12-09T11:41:34.9709645-10:00" endTime="2025-12-09T11:41:34.9709647-10:00" testType="13cdc9d9-ddb5-4fa4-a97d-d965ccfc6d4b" outcome="Passed" testListId="8c84fa94-04c1-424b-9868-57a2d4851a1d" relativeResultsDirectory="f5fa4359-3043-43a4-b23c-861aebdcb321" />
    <UnitTestResult executionId="79da5870-62cf-4dc2-ba55-646f5403da2a" testId="ba7b4162-2a6c-e4d7-fd1b-c230588aa6f4" testName="pto.track.tests.ResourcesControllerTests.GetResourcesByGroup_WithNoResources_ReturnsEmptyList" computerName="QUANTUM" duration="00:00:00.0124440" startTime="2025-12-09T11:41:34.4797058-10:00" endTime="2025-12-09T11:41:34.4797059-10:00" testType="13cdc9d9-ddb5-4fa4-a97d-d965ccfc6d4b" outcome="Passed" testListId="8c84fa94-04c1-424b-9868-57a2d4851a1d" relativeResultsDirectory="79da5870-62cf-4dc2-ba55-646f5403da2a" />
    <UnitTestResult executionId="c4367b8a-b9a2-45d8-8bbd-b628bc8e746b" testId="488d2acd-68d4-0727-e75a-e4d914236601" testName="pto.track.tests.Integration.IntegrationTests.GetEvents_ReturnsSeededEventsForRange" computerName="QUANTUM" duration="00:00:00.0742158" startTime="2025-12-09T11:41:35.0639804-10:00" endTime="2025-12-09T11:41:35.0639806-10:00" testType="13cdc9d9-ddb5-4fa4-a97d-d965ccfc6d4b" outcome="Passed" testListId="8c84fa94-04c1-424b-9868-57a2d4851a1d" relativeResultsDirectory="c4367b8a-b9a2-45d8-8bbd-b628bc8e746b" />
    <UnitTestResult executionId="db5fdb9f-154f-4088-aaf5-333d082bdb51" testId="6c30ceb0-7afc-cda1-f895-642d0b060e66" testName="pto.track.tests.AbsencesControllerTests.GetAbsenceRequests_WithEmployeeId_ReturnsAbsencesForEmployee" computerName="QUANTUM" duration="00:00:00.0061034" startTime="2025-12-09T11:41:33.8672559-10:00" endTime="2025-12-09T11:41:33.8672560-10:00" testType="13cdc9d9-ddb5-4fa4-a97d-d965ccfc6d4b" outcome="Passed" testListId="8c84fa94-04c1-424b-9868-57a2d4851a1d" relativeResultsDirectory="db5fdb9f-154f-4088-aaf5-333d082bdb51" />
    <UnitTestResult executionId="8c59e750-104c-46c1-bac1-0740b4ca7ad9" testId="dcb58c3e-4388-b16c-82e4-ddf6ff9f34f5" testName="pto.track.tests.AbsencesAuthorizationTests.ApproveAbsenceRequest_WithMismatchedApproverId_ReturnsBadRequest" computerName="QUANTUM" duration="00:00:00.0014208" startTime="2025-12-09T11:41:34.0678241-10:00" endTime="2025-12-09T11:41:34.0678243-10:00" testType="13cdc9d9-ddb5-4fa4-a97d-d965ccfc6d4b" outcome="Passed" testListId="8c84fa94-04c1-424b-9868-57a2d4851a1d" relativeResultsDirectory="8c59e750-104c-46c1-bac1-0740b4ca7ad9" />
    <UnitTestResult executionId="ef508b64-0af4-4fd4-8a59-96a0d4a7c313" testId="21cb7c35-6e1c-b8e5-7e4a-f4ce081c5c3b" testName="pto.track.tests.GlobalExceptionHandlerTests.TryHandleAsync_WritesValidProblemDetailsJson" computerName="QUANTUM" duration="00:00:00.0351858" startTime="2025-12-09T11:41:33.9398461-10:00" endTime="2025-12-09T11:41:33.9398464-10:00" testType="13cdc9d9-ddb5-4fa4-a97d-d965ccfc6d4b" outcome="Passed" testListId="8c84fa94-04c1-424b-9868-57a2d4851a1d" relativeResultsDirectory="ef508b64-0af4-4fd4-8a59-96a0d4a7c313" />
    <UnitTestResult executionId="e0d5b0fc-acba-4380-8e28-168fa287fd25" testId="dfa86479-e172-67a0-8d88-b15b48b82c91" testName="pto.track.tests.GroupsAuthorizationTests.GroupsPage_NoRole_RedirectsToHome" computerName="QUANTUM" duration="00:00:00.0140385" startTime="2025-12-09T11:41:34.8966362-10:00" endTime="2025-12-09T11:41:34.8966363-10:00" testType="13cdc9d9-ddb5-4fa4-a97d-d965ccfc6d4b" outcome="Passed" testListId="8c84fa94-04c1-424b-9868-57a2d4851a1d" relativeResultsDirectory="e0d5b0fc-acba-4380-8e28-168fa287fd25" />
    <UnitTestResult executionId="0db29ac2-c2a7-46a3-8f48-1fc1d77d5519" testId="a88e8dff-9c6c-725f-98aa-225219e14ee9" testName="pto.track.tests.GroupsControllerTests.CreateGroup_AsAdmin_CreatesGroup" computerName="QUANTUM" duration="00:00:00.0094168" startTime="2025-12-09T11:41:34.9997984-10:00" endTime="2025-12-09T11:41:34.9997986-10:00" testType="13cdc9d9-ddb5-4fa4-a97d-d965ccfc6d4b" outcome="Passed" testListId="8c84fa94-04c1-424b-9868-57a2d4851a1d" relativeResultsDirectory="0db29ac2-c2a7-46a3-8f48-1fc1d77d5519" />
    <UnitTestResult executionId="08b5e0fc-4728-44a6-9647-db8de2b11f5d" testId="8fd5d91b-75d6-b6e9-99d1-521019cdbea8" testName="pto.track.tests.HostingExtensionsTests.ConfigurePipeline_ComposesWithoutError" computerName="QUANTUM" duration="00:00:00.0025051" startTime="2025-12-09T11:41:33.9586690-10:00" endTime="2025-12-09T11:41:33.9586692-10:00" testType="13cdc9d9-ddb5-4fa4-a97d-d965ccfc6d4b" outcome="Failed" testListId="8c84fa94-04c1-424b-9868-57a2d4851a1d" relativeResultsDirectory="08b5e0fc-4728-44a6-9647-db8de2b11f5d">
      <Output>
        <ErrorInfo>
          <Message>System.ArgumentException : Property set method not found.</Message>
          <StackTrace>   at System.Reflection.RuntimePropertyInfo.SetValue(Object obj, Object value, BindingFlags invokeAttr, Binder binder, Object[] index, CultureInfo culture)&#xD;
   at System.Reflection.RuntimePropertyInfo.SetValue(Object obj, Object value, Object[] index)&#xD;
   at pto.track.tests.WebApplicationFactoryShim.CreateBuilder() in C:\code\dotnet\pto\pto.track.tests\HostingExtensionsTests.cs:line 111&#xD;
   at pto.track.tests.WebApplicationFactoryShim.Create() in C:\code\dotnet\pto\pto.track.tests\HostingExtensionsTests.cs:line 118&#xD;
   at pto.track.tests.HostingExtensionsTests.ConfigurePipeline_ComposesWithoutError() in C:\code\dotnet\pto\pto.track.tests\HostingExtensionsTests.cs:line 53&#xD;
   at System.RuntimeMethodHandle.InvokeMethod(Object target, Void** arguments, Signature sig, Boolean isConstructor)&#xD;
   at System.Reflection.MethodBaseInvoker.InvokeWithNoArgs(Object obj, BindingFlags invokeAttr)</StackTrace>
        </ErrorInfo>
      </Output>
    </UnitTestResult>
    <UnitTestResult executionId="28628c99-b02b-48d0-99a0-df3f9963f976" testId="e04d5d9b-056e-6b66-522c-3c5e74641a02" testName="pto.track.tests.AbsencesAuthorizationTests.RejectAbsenceRequest_WithManagerRole_Succeeds" computerName="QUANTUM" duration="00:00:00.0045805" startTime="2025-12-09T11:41:34.0724317-10:00" endTime="2025-12-09T11:41:34.0724322-10:00" testType="13cdc9d9-ddb5-4fa4-a97d-d965ccfc6d4b" outcome="Passed" testListId="8c84fa94-04c1-424b-9868-57a2d4851a1d" relativeResultsDirectory="28628c99-b02b-48d0-99a0-df3f9963f976" />
    <UnitTestResult executionId="b74e93af-6e18-41b7-a25d-3ec78684ef7a" testId="0f5a11cc-5c24-ca2f-a1e1-f368f6c8ceff" testName="pto.track.tests.CodeMetricsAnalyzer.GenerateComprehensiveSummary" computerName="QUANTUM" duration="00:00:00.6798375" startTime="2025-12-09T11:41:34.4426345-10:00" endTime="2025-12-09T11:41:34.4426347-10:00" testType="13cdc9d9-ddb5-4fa4-a97d-d965ccfc6d4b" outcome="Passed" testListId="8c84fa94-04c1-424b-9868-57a2d4851a1d" relativeResultsDirectory="b74e93af-6e18-41b7-a25d-3ec78684ef7a" />
    <UnitTestResult executionId="bfcc49c5-3825-41a1-8eb6-ca0640d8041e" testId="917b363d-2c63-06f2-1db7-aa8ff332c50b" testName="pto.track.tests.ImpersonationTests.Impersonation_OnlyWorksInMockMode" computerName="QUANTUM" duration="00:00:00.0539740" startTime="2025-12-09T11:41:35.1809159-10:00" endTime="2025-12-09T11:41:35.1809160-10:00" testType="13cdc9d9-ddb5-4fa4-a97d-d965ccfc6d4b" outcome="Passed" testListId="8c84fa94-04c1-424b-9868-57a2d4851a1d" relativeResultsDirectory="bfcc49c5-3825-41a1-8eb6-ca0640d8041e" />
    <UnitTestResult executionId="aba0ee86-6029-44e1-9595-54793875a903" testId="8766ca66-80bd-4b2d-ed6f-748184b261d9" testName="pto.track.tests.GroupsControllerTests.GetGroups_AsNonAdmin_ReturnsForbid" computerName="QUANTUM" duration="00:00:00.0866837" startTime="2025-12-09T11:41:34.7235811-10:00" endTime="2025-12-09T11:41:34.7235812-10:00" testType="13cdc9d9-ddb5-4fa4-a97d-d965ccfc6d4b" outcome="Passed" testListId="8c84fa94-04c1-424b-9868-57a2d4851a1d" relativeResultsDirectory="aba0ee86-6029-44e1-9595-54793875a903" />
    <UnitTestResult executionId="ae92d683-20b1-4b9b-b3dc-4593d81807bc" testId="7f8d4ef4-1a82-2c15-cb88-48d7a135d043" testName="pto.track.tests.ImpersonationTests.Impersonation_EmployeeCanOnlyViewOwnAbsences" computerName="QUANTUM" duration="00:00:00.0577606" startTime="2025-12-09T11:41:35.6154948-10:00" endTime="2025-12-09T11:41:35.6154950-10:00" testType="13cdc9d9-ddb5-4fa4-a97d-d965ccfc6d4b" outcome="Passed" testListId="8c84fa94-04c1-424b-9868-57a2d4851a1d" relativeResultsDirectory="ae92d683-20b1-4b9b-b3dc-4593d81807bc" />
    <UnitTestResult executionId="5f96095f-c26a-45f7-84ae-b01e24d67578" testId="3d3b035f-4764-bfea-0c49-ec9a5360dbcd" testName="pto.track.tests.AbsencesAuthorizationTests.PutAbsenceRequest_UnauthenticatedUser_ReturnsUnauthorized" computerName="QUANTUM" duration="00:00:00.0012835" startTime="2025-12-09T11:41:34.0277928-10:00" endTime="2025-12-09T11:41:34.0277930-10:00" testType="13cdc9d9-ddb5-4fa4-a97d-d965ccfc6d4b" outcome="Passed" testListId="8c84fa94-04c1-424b-9868-57a2d4851a1d" relativeResultsDirectory="5f96095f-c26a-45f7-84ae-b01e24d67578" />
    <UnitTestResult executionId="e14dd9b5-7845-4a52-b134-f0f54cb9ff74" testId="fb466c81-04a8-27eb-d09f-8eaa2a237834" testName="pto.track.tests.ResourcesControllerTests.GetResources_WithNoResources_ReturnsEmptyList" computerName="QUANTUM" duration="00:00:00.0063334" startTime="2025-12-09T11:41:34.5088952-10:00" endTime="2025-12-09T11:41:34.5088954-10:00" testType="13cdc9d9-ddb5-4fa4-a97d-d965ccfc6d4b" outcome="Passed" testListId="8c84fa94-04c1-424b-9868-57a2d4851a1d" relativeResultsDirectory="e14dd9b5-7845-4a52-b134-f0f54cb9ff74" />
    <UnitTestResult executionId="59a048fa-ab39-4d74-bb53-33a4df4d406f" testId="62cb0098-4653-4041-e017-8e024d556643" testName="pto.track.tests.GroupsControllerTests.GetGroupById_AsNonAdmin_ReturnsForbid" computerName="QUANTUM" duration="00:00:00.0080749" startTime="2025-12-09T11:41:34.9794807-10:00" endTime="2025-12-09T11:41:34.9794810-10:00" testType="13cdc9d9-ddb5-4fa4-a97d-d965ccfc6d4b" outcome="Passed" testListId="8c84fa94-04c1-424b-9868-57a2d4851a1d" relativeResultsDirectory="59a048fa-ab39-4d74-bb53-33a4df4d406f" />
    <UnitTestResult executionId="fc95ec3f-5d3b-4a3b-8dfd-b2b01f741fe8" testId="643f34ae-17d6-ede1-215f-b05a7aea8176" testName="pto.track.tests.ImpersonationTests.CurrentUser_WithImpersonation_ReturnsImpersonatedUser" computerName="QUANTUM" duration="00:00:00.0498836" startTime="2025-12-09T11:41:35.5570311-10:00" endTime="2025-12-09T11:41:35.5570313-10:00" testType="13cdc9d9-ddb5-4fa4-a97d-d965ccfc6d4b" outcome="Passed" testListId="8c84fa94-04c1-424b-9868-57a2d4851a1d" relativeResultsDirectory="fc95ec3f-5d3b-4a3b-8dfd-b2b01f741fe8" />
    <UnitTestResult executionId="d6d7cdd1-d9a0-4abf-a64e-ef2555f51e09" testId="82268776-ae1c-45ad-0b33-2c67a8c99f12" testName="pto.track.tests.CodeMetricsAnalyzer.AnalyzeMethodParameters" computerName="QUANTUM" duration="00:00:00.0995028" startTime="2025-12-09T11:41:35.4272155-10:00" endTime="2025-12-09T11:41:35.4272155-10:00" testType="13cdc9d9-ddb5-4fa4-a97d-d965ccfc6d4b" outcome="Passed" testListId="8c84fa94-04c1-424b-9868-57a2d4851a1d" relativeResultsDirectory="d6d7cdd1-d9a0-4abf-a64e-ef2555f51e09" />
    <UnitTestResult executionId="45bd4c4f-d611-44b6-8964-317ada455603" testId="329b5dd0-d9b0-c925-47c2-7231196a9b7e" testName="pto.track.tests.AbsencesControllerTests.GetAbsenceRequests_WithDateRange_ReturnsFilteredAbsences" computerName="QUANTUM" duration="00:00:00.0073775" startTime="2025-12-09T11:41:33.8545758-10:00" endTime="2025-12-09T11:41:33.8545761-10:00" testType="13cdc9d9-ddb5-4fa4-a97d-d965ccfc6d4b" outcome="Passed" testListId="8c84fa94-04c1-424b-9868-57a2d4851a1d" relativeResultsDirectory="45bd4c4f-d611-44b6-8964-317ada455603" />
    <UnitTestResult executionId="68b4dc8c-d696-4cc1-a17e-39db7682bb16" testId="2e7c6399-54b3-ccef-1d0b-944eebf3e920" testName="pto.track.tests.EventsControllerTests.GetSchedulerEvent_WithValidId_ReturnsEvent" computerName="QUANTUM" duration="00:00:00.0086979" startTime="2025-12-09T11:41:34.5566304-10:00" endTime="2025-12-09T11:41:34.5566307-10:00" testType="13cdc9d9-ddb5-4fa4-a97d-d965ccfc6d4b" outcome="Passed" testListId="8c84fa94-04c1-424b-9868-57a2d4851a1d" relativeResultsDirectory="68b4dc8c-d696-4cc1-a17e-39db7682bb16" />
    <UnitTestResult executionId="3c57194b-5740-47d7-80bf-4ba8353ead93" testId="50da599c-32d6-26e5-fd3d-ca76298b9111" testName="pto.track.tests.EventsControllerTests.PostSchedulerEvent_WithValidEvent_ReturnsCreatedAtAction" computerName="QUANTUM" duration="00:00:00.0190996" startTime="2025-12-09T11:41:34.5478764-10:00" endTime="2025-12-09T11:41:34.5478766-10:00" testType="13cdc9d9-ddb5-4fa4-a97d-d965ccfc6d4b" outcome="Passed" testListId="8c84fa94-04c1-424b-9868-57a2d4851a1d" relativeResultsDirectory="3c57194b-5740-47d7-80bf-4ba8353ead93" />
    <UnitTestResult executionId="12df30ee-0644-4549-86dc-aaf585298410" testId="e60e4aec-df6c-0910-3810-9fcdc1f3d52b" testName="pto.track.tests.ResourcesControllerTests.GetResources_ReturnsResourcesWithCorrectData" computerName="QUANTUM" duration="00:00:00.7145956" startTime="2025-12-09T11:41:34.4671419-10:00" endTime="2025-12-09T11:41:34.4671424-10:00" testType="13cdc9d9-ddb5-4fa4-a97d-d965ccfc6d4b" outcome="Passed" testListId="8c84fa94-04c1-424b-9868-57a2d4851a1d" relativeResultsDirectory="12df30ee-0644-4549-86dc-aaf585298410" />
    <UnitTestResult executionId="d54fe5ec-0b11-4bd0-b159-d21a22258e13" testId="dc89fb61-f14c-c4e0-c07e-4d0ab00c8d1b" testName="pto.track.tests.GroupsAuthorizationTests.GroupsPage_ManagerWithoutAdmin_RedirectsToHome" computerName="QUANTUM" duration="00:00:00.0022336" startTime="2025-12-09T11:41:34.8808298-10:00" endTime="2025-12-09T11:41:34.8808300-10:00" testType="13cdc9d9-ddb5-4fa4-a97d-d965ccfc6d4b" outcome="Passed" testListId="8c84fa94-04c1-424b-9868-57a2d4851a1d" relativeResultsDirectory="d54fe5ec-0b11-4bd0-b159-d21a22258e13" />
    <UnitTestResult executionId="9c32f2ef-213c-4a82-8922-b2da40eb3094" testId="13361b48-8e5b-53df-c19a-a8746d73fd05" testName="pto.track.tests.ImpersonationTests.CurrentUser_ImpersonatedAsAdmin_ReturnsAdminRole" computerName="QUANTUM" duration="00:00:00.0659587" startTime="2025-12-09T11:41:35.4271807-10:00" endTime="2025-12-09T11:41:35.4271810-10:00" testType="13cdc9d9-ddb5-4fa4-a97d-d965ccfc6d4b" outcome="Passed" testListId="8c84fa94-04c1-424b-9868-57a2d4851a1d" relativeResultsDirectory="9c32f2ef-213c-4a82-8922-b2da40eb3094" />
    <UnitTestResult executionId="d987a06c-6408-4676-8ef3-d09694615742" testId="aea03ba3-8a05-8636-c470-a972efbb5826" testName="pto.track.tests.Integration.IntegrationTests.GetResources_ReturnsSeededResources" computerName="QUANTUM" duration="00:00:00.1679069" startTime="2025-12-09T11:41:34.8615697-10:00" endTime="2025-12-09T11:41:34.8615699-10:00" testType="13cdc9d9-ddb5-4fa4-a97d-d965ccfc6d4b" outcome="Passed" testListId="8c84fa94-04c1-424b-9868-57a2d4851a1d" relativeResultsDirectory="d987a06c-6408-4676-8ef3-d09694615742" />
    <UnitTestResult executionId="de085853-c473-4303-b504-be7270ce3146" testId="a957c5fe-cf4f-80d9-68c7-f1c3a3ba8007" testName="pto.track.tests.EventsControllerTests.DeleteSchedulerEvent_WithInvalidId_ThrowsException" computerName="QUANTUM" duration="00:00:00.0144750" startTime="2025-12-09T11:41:34.4920449-10:00" endTime="2025-12-09T11:41:34.4920451-10:00" testType="13cdc9d9-ddb5-4fa4-a97d-d965ccfc6d4b" outcome="Passed" testListId="8c84fa94-04c1-424b-9868-57a2d4851a1d" relativeResultsDirectory="de085853-c473-4303-b504-be7270ce3146" />
    <UnitTestResult executionId="53de5607-18dc-4467-b5ae-7959759c1e39" testId="db7dea59-b195-53c1-1e25-c04d137ccd6f" testName="pto.track.tests.Integration.IntegrationTests.PostSchedulerEvent_InvalidDates_ReturnsBadRequest" computerName="QUANTUM" duration="00:00:00.1278043" startTime="2025-12-09T11:41:34.9891825-10:00" endTime="2025-12-09T11:41:34.9891826-10:00" testType="13cdc9d9-ddb5-4fa4-a97d-d965ccfc6d4b" outcome="Passed" testListId="8c84fa94-04c1-424b-9868-57a2d4851a1d" relativeResultsDirectory="53de5607-18dc-4467-b5ae-7959759c1e39" />
    <UnitTestResult executionId="593e9609-afe9-4495-978b-690156fbf62c" testId="21555a74-d6d8-402b-7d54-500046455445" testName="pto.track.tests.CodeMetricsAnalyzer.AnalyzeProjectComplexity" computerName="QUANTUM" duration="00:00:00.2133430" startTime="2025-12-09T11:41:34.9426050-10:00" endTime="2025-12-09T11:41:34.9426052-10:00" testType="13cdc9d9-ddb5-4fa4-a97d-d965ccfc6d4b" outcome="Passed" testListId="8c84fa94-04c1-424b-9868-57a2d4851a1d" relativeResultsDirectory="593e9609-afe9-4495-978b-690156fbf62c" />
    <UnitTestResult executionId="4637a587-a973-4d12-8b0d-d093c15314da" testId="293b3356-bb5d-9c0f-8ac7-0567c76148f6" testName="pto.track.tests.AbsencesAuthorizationTests.ApproveAbsenceRequest_WithApproverRole_Succeeds" computerName="QUANTUM" duration="00:00:00.0027092" startTime="2025-12-09T11:41:34.0326822-10:00" endTime="2025-12-09T11:41:34.0326825-10:00" testType="13cdc9d9-ddb5-4fa4-a97d-d965ccfc6d4b" outcome="Passed" testListId="8c84fa94-04c1-424b-9868-57a2d4851a1d" relativeResultsDirectory="4637a587-a973-4d12-8b0d-d093c15314da" />
    <UnitTestResult executionId="e3167537-fc92-4960-8633-a1291f2e2f5a" testId="5b8a26c2-509e-86f4-65c1-aa2aa12f4d52" testName="pto.track.tests.AbsencesAuthorizationTests.ApproveAbsenceRequest_WithAdminRole_Succeeds" computerName="QUANTUM" duration="00:00:00.0031556" startTime="2025-12-09T11:41:34.0581244-10:00" endTime="2025-12-09T11:41:34.0581246-10:00" testType="13cdc9d9-ddb5-4fa4-a97d-d965ccfc6d4b" outcome="Passed" testListId="8c84fa94-04c1-424b-9868-57a2d4851a1d" relativeResultsDirectory="e3167537-fc92-4960-8633-a1291f2e2f5a" />
    <UnitTestResult executionId="77086548-d9d2-4882-af47-afeb2d8708f4" testId="05341431-3ab7-3d1c-595b-731ee2997165" testName="pto.track.tests.Integration.IntegrationTests.PutSchedulerEvent_InvalidDates_ReturnsBadRequest" computerName="QUANTUM" duration="00:00:00.0928007" startTime="2025-12-09T11:41:35.5056912-10:00" endTime="2025-12-09T11:41:35.5056914-10:00" testType="13cdc9d9-ddb5-4fa4-a97d-d965ccfc6d4b" outcome="Passed" testListId="8c84fa94-04c1-424b-9868-57a2d4851a1d" relativeResultsDirectory="77086548-d9d2-4882-af47-afeb2d8708f4" />
    <UnitTestResult executionId="100583f8-4816-47a3-8612-c76a8bdc1b94" testId="722e2ad9-e26b-4e9d-53f6-ddbf44054bad" testName="pto.track.tests.AbsencesControllerTests.GetAbsenceRequests_MissingParameters_ReturnsBadRequest" computerName="QUANTUM" duration="00:00:00.0032121" startTime="2025-12-09T11:41:33.8567133-10:00" endTime="2025-12-09T11:41:33.8567135-10:00" testType="13cdc9d9-ddb5-4fa4-a97d-d965ccfc6d4b" outcome="Passed" testListId="8c84fa94-04c1-424b-9868-57a2d4851a1d" relativeResultsDirectory="100583f8-4816-47a3-8612-c76a8bdc1b94" />
    <UnitTestResult executionId="0236d062-7e25-433a-b8bd-6c23d7818a01" testId="dc75ecbe-1c3c-62cb-6d8e-0ff3041a9ab6" testName="pto.track.tests.ImpersonationTests.Impersonation_RolePriorityCorrect" computerName="QUANTUM" duration="00:00:00.0586441" startTime="2025-12-09T11:41:35.7406552-10:00" endTime="2025-12-09T11:41:35.7406556-10:00" testType="13cdc9d9-ddb5-4fa4-a97d-d965ccfc6d4b" outcome="Passed" testListId="8c84fa94-04c1-424b-9868-57a2d4851a1d" relativeResultsDirectory="0236d062-7e25-433a-b8bd-6c23d7818a01" />
    <UnitTestResult executionId="d0aa03e0-0d90-46eb-9ed2-ae0d302a7905" testId="cdf6036f-0a4f-c931-048e-ac5fa6d7487e" testName="pto.track.tests.EventsControllerTests.PutSchedulerEvent_WithValidIdAndEvent_ReturnsNoContent" computerName="QUANTUM" duration="00:00:00.4503506" startTime="2025-12-09T11:41:34.4104109-10:00" endTime="2025-12-09T11:41:34.4104112-10:00" testType="13cdc9d9-ddb5-4fa4-a97d-d965ccfc6d4b" outcome="Passed" testListId="8c84fa94-04c1-424b-9868-57a2d4851a1d" relativeResultsDirectory="d0aa03e0-0d90-46eb-9ed2-ae0d302a7905" />
    <UnitTestResult executionId="b9c94665-d47b-4b69-b2ff-d61a69354227" testId="4da4eb50-8cbd-8595-0608-8a374498a83d" testName="pto.track.tests.Integration.IntegrationTests.GetResourcesByGroup_VerifiesSeededGroupData" computerName="QUANTUM" duration="00:00:00.0763468" startTime="2025-12-09T11:41:35.2913716-10:00" endTime="2025-12-09T11:41:35.2913717-10:00" testType="13cdc9d9-ddb5-4fa4-a97d-d965ccfc6d4b" outcome="Passed" testListId="8c84fa94-04c1-424b-9868-57a2d4851a1d" relativeResultsDirectory="b9c94665-d47b-4b69-b2ff-d61a69354227" />
    <UnitTestResult executionId="0a410274-9a24-4594-9943-2aad4497764d" testId="d5d733b0-5224-749e-dbb6-02ec26999212" testName="pto.track.tests.GroupsAuthorizationTests.GroupsPage_ApproverWithoutAdmin_RedirectsToHome" computerName="QUANTUM" duration="00:00:00.9538350" startTime="2025-12-09T11:41:34.7558035-10:00" endTime="2025-12-09T11:41:34.7558037-10:00" testType="13cdc9d9-ddb5-4fa4-a97d-d965ccfc6d4b" outcome="Passed" testListId="8c84fa94-04c1-424b-9868-57a2d4851a1d" relativeResultsDirectory="0a410274-9a24-4594-9943-2aad4497764d" />
    <UnitTestResult executionId="7e590fc4-04f0-4472-a9e9-c3f665e897ca" testId="de7fd592-46b8-9b44-9398-a00bc96dd8be" testName="pto.track.tests.GlobalExceptionHandlerTests.TryHandleAsync_WithUnknownException_Returns500" computerName="QUANTUM" duration="00:00:00.0087624" startTime="2025-12-09T11:41:33.9813093-10:00" endTime="2025-12-09T11:41:33.9813096-10:00" testType="13cdc9d9-ddb5-4fa4-a97d-d965ccfc6d4b" outcome="Passed" testListId="8c84fa94-04c1-424b-9868-57a2d4851a1d" relativeResultsDirectory="7e590fc4-04f0-4472-a9e9-c3f665e897ca" />
    <UnitTestResult executionId="80bc7ade-61fb-4695-9764-18f92162db26" testId="229560b8-5cfe-21f7-93ab-a6d25381b567" testName="pto.track.tests.AbsencesAuthorizationTests.ApproveAbsenceRequest_WithManagerRole_Succeeds" computerName="QUANTUM" duration="00:00:00.0021601" startTime="2025-12-09T11:41:34.0654880-10:00" endTime="2025-12-09T11:41:34.0654885-10:00" testType="13cdc9d9-ddb5-4fa4-a97d-d965ccfc6d4b" outcome="Passed" testListId="8c84fa94-04c1-424b-9868-57a2d4851a1d" relativeResultsDirectory="80bc7ade-61fb-4695-9764-18f92162db26" />
    <UnitTestResult executionId="41b71144-1eda-4752-9e8f-f72557f9139f" testId="cf777a41-b2e5-2a75-52e3-8b6d2f3dbaa1" testName="pto.track.tests.Integration.IntegrationTests.Events_EndToEnd_CRUD_Works" computerName="QUANTUM" duration="00:00:00.1204024" startTime="2025-12-09T11:41:35.4123770-10:00" endTime="2025-12-09T11:41:35.4123771-10:00" testType="13cdc9d9-ddb5-4fa4-a97d-d965ccfc6d4b" outcome="Passed" testListId="8c84fa94-04c1-424b-9868-57a2d4851a1d" relativeResultsDirectory="41b71144-1eda-4752-9e8f-f72557f9139f" />
    <UnitTestResult executionId="ee0f528f-5edc-46b5-8410-a0dac6497a20" testId="ba4263a2-6e50-810a-a999-1bc756c3e843" testName="pto.track.tests.GroupsControllerTests.GetResourcesForGroup_AsAdmin_ReturnsResources" computerName="QUANTUM" duration="00:00:00.0234918" startTime="2025-12-09T11:41:34.9320174-10:00" endTime="2025-12-09T11:41:34.9320178-10:00" testType="13cdc9d9-ddb5-4fa4-a97d-d965ccfc6d4b" outcome="Passed" testListId="8c84fa94-04c1-424b-9868-57a2d4851a1d" relativeResultsDirectory="ee0f528f-5edc-46b5-8410-a0dac6497a20" />
    <UnitTestResult executionId="14577546-a1f7-439e-92aa-9ee65a54ba44" testId="d4d55afc-4373-26c0-4754-e03318bfe475" testName="pto.track.tests.EventsControllerTests.GetSchedulerEvent_WithInvalidId_ThrowsException" computerName="QUANTUM" duration="00:00:00.0079037" startTime="2025-12-09T11:41:34.4774402-10:00" endTime="2025-12-09T11:41:34.4774404-10:00" testType="13cdc9d9-ddb5-4fa4-a97d-d965ccfc6d4b" outcome="Passed" testListId="8c84fa94-04c1-424b-9868-57a2d4851a1d" relativeResultsDirectory="14577546-a1f7-439e-92aa-9ee65a54ba44" />
    <UnitTestResult executionId="2122771d-2f19-41d2-8ce9-4e20fea1a193" testId="1fca10f9-695f-c311-c684-cf2e2afbd073" testName="pto.track.tests.CodeMetricsAnalyzer.AnalyzeClassCoupling" computerName="QUANTUM" duration="00:00:00.1331229" startTime="2025-12-09T11:41:35.3271727-10:00" endTime="2025-12-09T11:41:35.3271728-10:00" testType="13cdc9d9-ddb5-4fa4-a97d-d965ccfc6d4b" outcome="Passed" testListId="8c84fa94-04c1-424b-9868-57a2d4851a1d" relativeResultsDirectory="2122771d-2f19-41d2-8ce9-4e20fea1a193" />
    <UnitTestResult executionId="c4efbc13-ed7e-444a-8ca2-5515479ab286" testId="4578d6ec-3976-e52d-0070-d16aedc10512" testName="pto.track.tests.Integration.IntegrationTests.GetResourcesByGroup_WithValidGroup_Returns200" computerName="QUANTUM" duration="00:00:00.0779997" startTime="2025-12-09T11:41:35.1423063-10:00" endTime="2025-12-09T11:41:35.1423066-10:00" testType="13cdc9d9-ddb5-4fa4-a97d-d965ccfc6d4b" outcome="Passed" testListId="8c84fa94-04c1-424b-9868-57a2d4851a1d" relativeResultsDirectory="c4efbc13-ed7e-444a-8ca2-5515479ab286" />
    <UnitTestResult executionId="b737c327-2cc0-4e1b-80ae-0cb0a8a491fa" testId="3f9b5ec9-afcb-0670-7819-1c0b10282c9e" testName="pto.track.tests.AbsencesControllerTests.GetAbsenceRequests_WithDateRange_ManagerSeesAll" computerName="QUANTUM" duration="00:00:00.0943099" startTime="2025-12-09T11:41:33.8461061-10:00" endTime="2025-12-09T11:41:33.8461326-10:00" testType="13cdc9d9-ddb5-4fa4-a97d-d965ccfc6d4b" outcome="Passed" testListId="8c84fa94-04c1-424b-9868-57a2d4851a1d" relativeResultsDirectory="b737c327-2cc0-4e1b-80ae-0cb0a8a491fa" />
    <UnitTestResult executionId="5a709dd7-b023-45ec-b2e4-379e78620222" testId="fa64d201-e4b3-ed76-fa11-d549b5085196" testName="pto.track.tests.ImpersonationMiddlewareTests.InvokeAsync_WhenNotMockMode_DoesNotAuthenticate" computerName="QUANTUM" duration="00:00:00.0019538" startTime="2025-12-09T11:41:33.9260705-10:00" endTime="2025-12-09T11:41:33.9260708-10:00" testType="13cdc9d9-ddb5-4fa4-a97d-d965ccfc6d4b" outcome="Passed" testListId="8c84fa94-04c1-424b-9868-57a2d4851a1d" relativeResultsDirectory="5a709dd7-b023-45ec-b2e4-379e78620222" />
    <UnitTestResult executionId="6ba8fc32-48c9-4b98-ad6f-81b0c0fc6a43" testId="90ccbbd7-ba92-8000-bdfb-24740ae6967b" testName="pto.track.tests.AbsencesAuthorizationTests.PutAbsenceRequest_WrongUser_LogsWarning" computerName="QUANTUM" duration="00:00:00.0022797" startTime="2025-12-09T11:41:34.0632556-10:00" endTime="2025-12-09T11:41:34.0632558-10:00" testType="13cdc9d9-ddb5-4fa4-a97d-d965ccfc6d4b" outcome="Passed" testListId="8c84fa94-04c1-424b-9868-57a2d4851a1d" relativeResultsDirectory="6ba8fc32-48c9-4b98-ad6f-81b0c0fc6a43" />
    <UnitTestResult executionId="751d3c45-b7e9-4dea-a7c3-781fe0abc5a2" testId="2d6ced72-c85a-3b80-f5f6-3911f1155413" testName="pto.track.tests.AbsencesAuthorizationTests.CancelAbsenceRequest_UnauthenticatedUser_ReturnsUnauthorized" computerName="QUANTUM" duration="00:00:00.0006592" startTime="2025-12-09T11:41:34.0662094-10:00" endTime="2025-12-09T11:41:34.0662096-10:00" testType="13cdc9d9-ddb5-4fa4-a97d-d965ccfc6d4b" outcome="Passed" testListId="8c84fa94-04c1-424b-9868-57a2d4851a1d" relativeResultsDirectory="751d3c45-b7e9-4dea-a7c3-781fe0abc5a2" />
    <UnitTestResult executionId="915759e6-7674-49de-ac2b-9d99d0706f07" testId="9cf355e6-3a0e-a2cf-1555-8b8f43c23452" testName="pto.track.tests.AbsencesAuthorizationTests.PutAbsenceRequest_UserUpdatesOwnRequest_Succeeds" computerName="QUANTUM" duration="00:00:00.0098038" startTime="2025-12-09T11:41:34.0075138-10:00" endTime="2025-12-09T11:41:34.0075142-10:00" testType="13cdc9d9-ddb5-4fa4-a97d-d965ccfc6d4b" outcome="Passed" testListId="8c84fa94-04c1-424b-9868-57a2d4851a1d" relativeResultsDirectory="915759e6-7674-49de-ac2b-9d99d0706f07" />
    <UnitTestResult executionId="01c76b7e-a4eb-43dc-812c-916b02ee79f6" testId="37b0ef78-312e-08af-84d1-6c47974fb765" testName="pto.track.tests.HostingExtensionsTests.ConfigureAppConfiguration_AddsUserSecrets_ForLocalEnvironment" computerName="QUANTUM" duration="00:00:00.0220217" startTime="2025-12-09T11:41:33.9574162-10:00" endTime="2025-12-09T11:41:33.9574164-10:00" testType="13cdc9d9-ddb5-4fa4-a97d-d965ccfc6d4b" outcome="Failed" testListId="8c84fa94-04c1-424b-9868-57a2d4851a1d" relativeResultsDirectory="01c76b7e-a4eb-43dc-812c-916b02ee79f6">
      <Output>
        <ErrorInfo>
          <Message>System.ArgumentException : Property set method not found.</Message>
          <StackTrace>   at System.Reflection.RuntimePropertyInfo.SetValue(Object obj, Object value, BindingFlags invokeAttr, Binder binder, Object[] index, CultureInfo culture)&#xD;
   at System.Reflection.RuntimePropertyInfo.SetValue(Object obj, Object value, Object[] index)&#xD;
   at pto.track.tests.WebApplicationFactoryShim.CreateBuilder() in C:\code\dotnet\pto\pto.track.tests\HostingExtensionsTests.cs:line 111&#xD;
   at pto.track.tests.HostingExtensionsTests.ConfigureAppConfiguration_AddsUserSecrets_ForLocalEnvironment() in C:\code\dotnet\pto\pto.track.tests\HostingExtensionsTests.cs:line 21&#xD;
   at System.RuntimeMethodHandle.InvokeMethod(Object target, Void** arguments, Signature sig, Boolean isConstructor)&#xD;
   at System.Reflection.MethodBaseInvoker.InvokeWithNoArgs(Object obj, BindingFlags invokeAttr)</StackTrace>
        </ErrorInfo>
      </Output>
    </UnitTestResult>
    <UnitTestResult executionId="5ba2c64f-9bfc-49dd-bd9a-eea174a429b7" testId="60dd4c62-d8d6-ce3a-e6b2-fac4cbccf9f3" testName="pto.track.tests.AbsencesAuthorizationTests.CancelAbsenceRequest_UserCancelsOthersRequest_ReturnsForbid" computerName="QUANTUM" duration="00:00:00.0025552" startTime="2025-12-09T11:41:34.0608707-10:00" endTime="2025-12-09T11:41:34.0608710-10:00" testType="13cdc9d9-ddb5-4fa4-a97d-d965ccfc6d4b" outcome="Passed" testListId="8c84fa94-04c1-424b-9868-57a2d4851a1d" relativeResultsDirectory="5ba2c64f-9bfc-49dd-bd9a-eea174a429b7" />
    <UnitTestResult executionId="64c695ff-d3a6-487d-9225-730425e832bb" testId="17128a8d-412f-a303-c271-9b059322a789" testName="pto.track.tests.ImpersonationMiddlewareTests.InvokeAsync_WhenImpersonatingAdmin_HasAdminRole" computerName="QUANTUM" duration="00:00:00.1603197" startTime="2025-12-09T11:41:33.9121439-10:00" endTime="2025-12-09T11:41:33.9121442-10:00" testType="13cdc9d9-ddb5-4fa4-a97d-d965ccfc6d4b" outcome="Passed" testListId="8c84fa94-04c1-424b-9868-57a2d4851a1d" relativeResultsDirectory="64c695ff-d3a6-487d-9225-730425e832bb" />
    <UnitTestResult executionId="9e44c621-479d-46ac-a020-69fbe10c1fbc" testId="6d1677dc-8e8a-8c63-72ca-7647a476bbd6" testName="pto.track.tests.ImpersonationTests.CurrentUser_WithoutImpersonation_ReturnsDefaultUser" computerName="QUANTUM" duration="00:00:00.0653131" startTime="2025-12-09T11:41:35.6814640-10:00" endTime="2025-12-09T11:41:35.6814641-10:00" testType="13cdc9d9-ddb5-4fa4-a97d-d965ccfc6d4b" outcome="Passed" testListId="8c84fa94-04c1-424b-9868-57a2d4851a1d" relativeResultsDirectory="9e44c621-479d-46ac-a020-69fbe10c1fbc" />
    <UnitTestResult executionId="016d1fff-2ce4-49fc-9a09-e8b66d1d45cc" testId="361303c1-e848-6833-8d52-a9a10c969cde" testName="pto.track.tests.CodeMetricsAnalyzer.AnalyzeNestingDepth" computerName="QUANTUM" duration="00:00:00.0914644" startTime="2025-12-09T11:41:35.5190574-10:00" endTime="2025-12-09T11:41:35.5190577-10:00" testType="13cdc9d9-ddb5-4fa4-a97d-d965ccfc6d4b" outcome="Passed" testListId="8c84fa94-04c1-424b-9868-57a2d4851a1d" relativeResultsDirectory="016d1fff-2ce4-49fc-9a09-e8b66d1d45cc" />
    <UnitTestResult executionId="5b868b68-5c29-4a38-a401-280bdb1aac07" testId="c072c4ff-c7f2-64b8-faaf-fe98e3027ded" testName="pto.track.tests.AbsencesAuthorizationTests.RejectAbsenceRequest_WithMismatchedApproverId_ReturnsBadRequest" computerName="QUANTUM" duration="00:00:00.0037213" startTime="2025-12-09T11:41:34.0165464-10:00" endTime="2025-12-09T11:41:34.0165467-10:00" testType="13cdc9d9-ddb5-4fa4-a97d-d965ccfc6d4b" outcome="Passed" testListId="8c84fa94-04c1-424b-9868-57a2d4851a1d" relativeResultsDirectory="5b868b68-5c29-4a38-a401-280bdb1aac07" />
    <UnitTestResult executionId="38ca7399-eaff-42a0-aa7a-91ed15f9eb4f" testId="37f0ac23-4143-33fd-dbcc-303e277937b9" testName="pto.track.tests.EventsControllerTests.GetSchedulerEvents_WithValidDateRange_ReturnsMatchingEvents" computerName="QUANTUM" duration="00:00:00.0265213" startTime="2025-12-09T11:41:34.5186300-10:00" endTime="2025-12-09T11:41:34.5186302-10:00" testType="13cdc9d9-ddb5-4fa4-a97d-d965ccfc6d4b" outcome="Passed" testListId="8c84fa94-04c1-424b-9868-57a2d4851a1d" relativeResultsDirectory="38ca7399-eaff-42a0-aa7a-91ed15f9eb4f" />
    <UnitTestResult executionId="078909a2-76ce-40de-b3ac-7ea50a09406b" testId="8cd3af0e-db5c-e691-738e-455897bced41" testName="pto.track.tests.ImpersonationTests.Impersonation_SwitchingUsers_UpdatesContextCorrectly" computerName="QUANTUM" duration="00:00:00.0974556" startTime="2025-12-09T11:41:35.1262014-10:00" endTime="2025-12-09T11:41:35.1262016-10:00" testType="13cdc9d9-ddb5-4fa4-a97d-d965ccfc6d4b" outcome="Passed" testListId="8c84fa94-04c1-424b-9868-57a2d4851a1d" relativeResultsDirectory="078909a2-76ce-40de-b3ac-7ea50a09406b" />
    <UnitTestResult executionId="67082e16-9153-4a81-bcfb-81074940bf83" testId="f59bdd1f-03ca-5baa-6b52-0bb4ef2b8b52" testName="pto.track.tests.CodeMetricsAnalyzer.AnalyzeInheritanceDepth" computerName="QUANTUM" duration="00:00:00.0980565" startTime="2025-12-09T11:41:35.1937039-10:00" endTime="2025-12-09T11:41:35.1937042-10:00" testType="13cdc9d9-ddb5-4fa4-a97d-d965ccfc6d4b" outcome="Passed" testListId="8c84fa94-04c1-424b-9868-57a2d4851a1d" relativeResultsDirectory="67082e16-9153-4a81-bcfb-81074940bf83" />
    <UnitTestResult executionId="dd7f90c8-fac3-42e1-8b0d-1e2b512e1927" testId="61a2a9ab-3a87-6c00-f795-f1483e6c9e4d" testName="pto.track.tests.HostingExtensionsTests.ConfigureServices_RegistersExpectedServices" computerName="QUANTUM" duration="00:00:00.0023473" startTime="2025-12-09T11:41:33.9596103-10:00" endTime="2025-12-09T11:41:33.9596106-10:00" testType="13cdc9d9-ddb5-4fa4-a97d-d965ccfc6d4b" outcome="Failed" testListId="8c84fa94-04c1-424b-9868-57a2d4851a1d" relativeResultsDirectory="dd7f90c8-fac3-42e1-8b0d-1e2b512e1927">
      <Output>
        <ErrorInfo>
          <Message>System.ArgumentException : Property set method not found.</Message>
          <StackTrace>   at System.Reflection.RuntimePropertyInfo.SetValue(Object obj, Object value, BindingFlags invokeAttr, Binder binder, Object[] index, CultureInfo culture)&#xD;
   at System.Reflection.RuntimePropertyInfo.SetValue(Object obj, Object value, Object[] index)&#xD;
   at pto.track.tests.WebApplicationFactoryShim.CreateBuilder() in C:\code\dotnet\pto\pto.track.tests\HostingExtensionsTests.cs:line 111&#xD;
   at pto.track.tests.HostingExtensionsTests.ConfigureServices_RegistersExpectedServices() in C:\code\dotnet\pto\pto.track.tests\HostingExtensionsTests.cs:line 35&#xD;
   at System.RuntimeMethodHandle.InvokeMethod(Object target, Void** arguments, Signature sig, Boolean isConstructor)&#xD;
   at System.Reflection.MethodBaseInvoker.InvokeWithNoArgs(Object obj, BindingFlags invokeAttr)</StackTrace>
        </ErrorInfo>
      </Output>
    </UnitTestResult>
    <UnitTestResult executionId="a7371753-3264-402f-b812-87a973cd08c6" testId="93a4ab0a-bd09-0868-875c-c27594763709" testName="pto.track.tests.AbsencesAuthorizationTests.PutAbsenceRequest_UserUpdatesOthersRequest_ReturnsForbid" computerName="QUANTUM" duration="00:00:00.0020446" startTime="2025-12-09T11:41:34.0304558-10:00" endTime="2025-12-09T11:41:34.0304560-10:00" testType="13cdc9d9-ddb5-4fa4-a97d-d965ccfc6d4b" outcome="Passed" testListId="8c84fa94-04c1-424b-9868-57a2d4851a1d" relativeResultsDirectory="a7371753-3264-402f-b812-87a973cd08c6" />
    <UnitTestResult executionId="ef0f79c9-a4ae-4a7b-82f4-6eb10a649b25" testId="8e8a842b-108f-b8c4-0934-87dd0ffddbf5" testName="pto.track.tests.GroupsControllerTests.UpdateGroup_AsAdmin_UpdatesGroup" computerName="QUANTUM" duration="00:00:00.0246006" startTime="2025-12-09T11:41:34.9594451-10:00" endTime="2025-12-09T11:41:34.9594454-10:00" testType="13cdc9d9-ddb5-4fa4-a97d-d965ccfc6d4b" outcome="Passed" testListId="8c84fa94-04c1-424b-9868-57a2d4851a1d" relativeResultsDirectory="ef0f79c9-a4ae-4a7b-82f4-6eb10a649b25" />
    <UnitTestResult executionId="7787f0be-338d-48ab-9b2e-89480ac569b7" testId="903dda55-45c0-7f0e-df27-ab93d297b7ff" testName="pto.track.tests.ResourcesControllerTests.GetResources_ReturnsAllResources" computerName="QUANTUM" duration="00:00:00.0056372" startTime="2025-12-09T11:41:34.5027231-10:00" endTime="2025-12-09T11:41:34.5027235-10:00" testType="13cdc9d9-ddb5-4fa4-a97d-d965ccfc6d4b" outcome="Passed" testListId="8c84fa94-04c1-424b-9868-57a2d4851a1d" relativeResultsDirectory="7787f0be-338d-48ab-9b2e-89480ac569b7" />
    <UnitTestResult executionId="62954ed9-f8b5-46ff-b195-214c540c10f2" testId="e5e46a0e-4aba-f87b-7cc3-8fe6c082237f" testName="pto.track.tests.ResourcesControllerTests.GetResourcesByGroup_ReturnsOnlyGroupResources" computerName="QUANTUM" duration="00:00:00.0167474" startTime="2025-12-09T11:41:34.4965397-10:00" endTime="2025-12-09T11:41:34.4965399-10:00" testType="13cdc9d9-ddb5-4fa4-a97d-d965ccfc6d4b" outcome="Passed" testListId="8c84fa94-04c1-424b-9868-57a2d4851a1d" relativeResultsDirectory="62954ed9-f8b5-46ff-b195-214c540c10f2" />
    <UnitTestResult executionId="270127d1-2f0b-4871-b635-3cd9c5ca5686" testId="7a2441a2-1262-4924-ea54-a97c2fea3971" testName="pto.track.tests.Integration.IntegrationTests.GetResourcesByGroup_WithInvalidGroup_ReturnsEmpty" computerName="QUANTUM" duration="00:00:00.7825502" startTime="2025-12-09T11:41:34.6772000-10:00" endTime="2025-12-09T11:41:34.6772003-10:00" testType="13cdc9d9-ddb5-4fa4-a97d-d965ccfc6d4b" outcome="Passed" testListId="8c84fa94-04c1-424b-9868-57a2d4851a1d" relativeResultsDirectory="270127d1-2f0b-4871-b635-3cd9c5ca5686" />
    <UnitTestResult executionId="012944f2-b906-4ced-9555-fc024f23d05f" testId="cb208eed-7075-da9e-b48e-3a8f52d7a8ad" testName="pto.track.tests.EventsControllerTests.DeleteSchedulerEvent_WithValidId_ReturnsNoContent" computerName="QUANTUM" duration="00:00:00.0099014" startTime="2025-12-09T11:41:34.5286413-10:00" endTime="2025-12-09T11:41:34.5286414-10:00" testType="13cdc9d9-ddb5-4fa4-a97d-d965ccfc6d4b" outcome="Passed" testListId="8c84fa94-04c1-424b-9868-57a2d4851a1d" relativeResultsDirectory="012944f2-b906-4ced-9555-fc024f23d05f" />
    <UnitTestResult executionId="0c299c44-6b99-4bb3-a5da-d060c43a67c9" testId="305d28f9-9680-d169-7383-643e13aac596" testName="pto.track.tests.ImpersonationTests.Impersonation_ManagerCanViewAllAbsences" computerName="QUANTUM" duration="00:00:00.2880700" startTime="2025-12-09T11:41:35.0278819-10:00" endTime="2025-12-09T11:41:35.0278824-10:00" testType="13cdc9d9-ddb5-4fa4-a97d-d965ccfc6d4b" outcome="Passed" testListId="8c84fa94-04c1-424b-9868-57a2d4851a1d" relativeResultsDirectory="0c299c44-6b99-4bb3-a5da-d060c43a67c9" />
    <UnitTestResult executionId="79cd8811-f275-414c-8fdf-753c706b6f39" testId="c32b95fb-4e40-8534-c4ae-51923929600d" testName="pto.track.tests.GlobalExceptionHandlerTests.TryHandleAsync_WithEventNotFoundException_Returns404" computerName="QUANTUM" duration="00:00:00.0088168" startTime="2025-12-09T11:41:33.9904023-10:00" endTime="2025-12-09T11:41:33.9904028-10:00" testType="13cdc9d9-ddb5-4fa4-a97d-d965ccfc6d4b" outcome="Passed" testListId="8c84fa94-04c1-424b-9868-57a2d4851a1d" relativeResultsDirectory="79cd8811-f275-414c-8fdf-753c706b6f39" />
    <UnitTestResult executionId="1355c7eb-0a08-4cf0-a358-6301fb86cc41" testId="d2ac0bf3-b332-8885-3705-9239146513b1" testName="pto.track.tests.ImpersonationTests.Impersonation_PersistsAcrossMultipleRequests" computerName="QUANTUM" duration="00:00:00.0899041" startTime="2025-12-09T11:41:35.3605950-10:00" endTime="2025-12-09T11:41:35.3605952-10:00" testType="13cdc9d9-ddb5-4fa4-a97d-d965ccfc6d4b" outcome="Passed" testListId="8c84fa94-04c1-424b-9868-57a2d4851a1d" relativeResultsDirectory="1355c7eb-0a08-4cf0-a358-6301fb86cc41" />
    <UnitTestResult executionId="7f7aedc9-1e77-4692-bd65-374284335ad7" testId="54d203ce-ca4e-7d62-ba78-529e7d1455be" testName="pto.track.tests.GroupsControllerTests.UpdateGroup_AsNonAdmin_ReturnsForbid" computerName="QUANTUM" duration="00:00:00.0369150" startTime="2025-12-09T11:41:34.8726070-10:00" endTime="2025-12-09T11:41:34.8726074-10:00" testType="13cdc9d9-ddb5-4fa4-a97d-d965ccfc6d4b" outcome="Passed" testListId="8c84fa94-04c1-424b-9868-57a2d4851a1d" relativeResultsDirectory="7f7aedc9-1e77-4692-bd65-374284335ad7" />
    <UnitTestResult executionId="792b1f65-5683-4f84-ac79-848e4fbd29a1" testId="3d5ca1c2-9cc0-87a5-961c-71ef4fa42665" testName="pto.track.tests.AbsencesAuthorizationTests.PutAbsenceRequest_NonexistentRequest_ReturnsNotFound" computerName="QUANTUM" duration="00:00:00.0022503" startTime="2025-12-09T11:41:34.0405492-10:00" endTime="2025-12-09T11:41:34.0405495-10:00" testType="13cdc9d9-ddb5-4fa4-a97d-d965ccfc6d4b" outcome="Passed" testListId="8c84fa94-04c1-424b-9868-57a2d4851a1d" relativeResultsDirectory="792b1f65-5683-4f84-ac79-848e4fbd29a1" />
    <UnitTestResult executionId="10918c5d-d04a-461f-ac66-91195b85664e" testId="8e565d72-32d2-8e8d-372e-92b32b1e0388" testName="pto.track.tests.CodeMetricsAnalyzer.AnalyzeLinesOfCode" computerName="QUANTUM" duration="00:00:00.1515459" startTime="2025-12-09T11:41:35.0951588-10:00" endTime="2025-12-09T11:41:35.0951590-10:00" testType="13cdc9d9-ddb5-4fa4-a97d-d965ccfc6d4b" outcome="Passed" testListId="8c84fa94-04c1-424b-9868-57a2d4851a1d" relativeResultsDirectory="10918c5d-d04a-461f-ac66-91195b85664e" />
    <UnitTestResult executionId="eefa56c6-77ac-4835-9beb-c05b126e0fc9" testId="ec9f67f9-0e8b-8657-767a-ec28d6445fc9" testName="pto.track.tests.AbsencesAuthorizationTests.CancelAbsenceRequest_WrongUser_LogsWarning" computerName="QUANTUM" duration="00:00:00.0052046" startTime="2025-12-09T11:41:34.0127626-10:00" endTime="2025-12-09T11:41:34.0127630-10:00" testType="13cdc9d9-ddb5-4fa4-a97d-d965ccfc6d4b" outcome="Passed" testListId="8c84fa94-04c1-424b-9868-57a2d4851a1d" relativeResultsDirectory="eefa56c6-77ac-4835-9beb-c05b126e0fc9" />
  </Results>
  <TestDefinitions>
    <UnitTest name="pto.track.tests.AbsencesAuthorizationTests.PutAbsenceRequest_UserUpdatesOwnRequest_Succeeds" storage="c:\code\dotnet\pto\pto.track.tests\bin\debug\net9.0\pto.track.tests.dll" id="9cf355e6-3a0e-a2cf-1555-8b8f43c23452">
      <Execution id="915759e6-7674-49de-ac2b-9d99d0706f07" />
      <TestMethod codeBase="C:\code\dotnet\pto\pto.track.tests\bin\Debug\net9.0\pto.track.tests.dll" adapterTypeName="executor://xunit/VsTestRunner2/netcoreapp" className="pto.track.tests.AbsencesAuthorizationTests" name="PutAbsenceRequest_UserUpdatesOwnRequest_Succeeds" />
    </UnitTest>
    <UnitTest name="pto.track.tests.ResourcesControllerTests.GetResources_ReturnsResourcesWithCorrectData" storage="c:\code\dotnet\pto\pto.track.tests\bin\debug\net9.0\pto.track.tests.dll" id="e60e4aec-df6c-0910-3810-9fcdc1f3d52b">
      <Execution id="12df30ee-0644-4549-86dc-aaf585298410" />
      <TestMethod codeBase="C:\code\dotnet\pto\pto.track.tests\bin\Debug\net9.0\pto.track.tests.dll" adapterTypeName="executor://xunit/VsTestRunner2/netcoreapp" className="pto.track.tests.ResourcesControllerTests" name="GetResources_ReturnsResourcesWithCorrectData" />
    </UnitTest>
    <UnitTest name="pto.track.tests.EventsControllerTests.PostSchedulerEvent_WithValidEvent_ReturnsCreatedAtAction" storage="c:\code\dotnet\pto\pto.track.tests\bin\debug\net9.0\pto.track.tests.dll" id="50da599c-32d6-26e5-fd3d-ca76298b9111">
      <Execution id="3c57194b-5740-47d7-80bf-4ba8353ead93" />
      <TestMethod codeBase="C:\code\dotnet\pto\pto.track.tests\bin\Debug\net9.0\pto.track.tests.dll" adapterTypeName="executor://xunit/VsTestRunner2/netcoreapp" className="pto.track.tests.EventsControllerTests" name="PostSchedulerEvent_WithValidEvent_ReturnsCreatedAtAction" />
    </UnitTest>
    <UnitTest name="pto.track.tests.GroupsControllerTests.CreateGroup_AsNonAdmin_ReturnsForbid" storage="c:\code\dotnet\pto\pto.track.tests\bin\debug\net9.0\pto.track.tests.dll" id="e31c2b7b-50ff-86b9-ca3f-a2a4077259c0">
      <Execution id="44433246-b7c3-47dd-b8c2-a386247d2120" />
      <TestMethod codeBase="C:\code\dotnet\pto\pto.track.tests\bin\Debug\net9.0\pto.track.tests.dll" adapterTypeName="executor://xunit/VsTestRunner2/netcoreapp" className="pto.track.tests.GroupsControllerTests" name="CreateGroup_AsNonAdmin_ReturnsForbid" />
    </UnitTest>
    <UnitTest name="pto.track.tests.ImpersonationTests.Impersonation_ManagerCanViewAllAbsences" storage="c:\code\dotnet\pto\pto.track.tests\bin\debug\net9.0\pto.track.tests.dll" id="305d28f9-9680-d169-7383-643e13aac596">
      <Execution id="0c299c44-6b99-4bb3-a5da-d060c43a67c9" />
      <TestMethod codeBase="C:\code\dotnet\pto\pto.track.tests\bin\Debug\net9.0\pto.track.tests.dll" adapterTypeName="executor://xunit/VsTestRunner2/netcoreapp" className="pto.track.tests.ImpersonationTests" name="Impersonation_ManagerCanViewAllAbsences" />
    </UnitTest>
    <UnitTest name="pto.track.tests.AbsencesAuthorizationTests.PutAbsenceRequest_NonexistentRequest_ReturnsNotFound" storage="c:\code\dotnet\pto\pto.track.tests\bin\debug\net9.0\pto.track.tests.dll" id="3d5ca1c2-9cc0-87a5-961c-71ef4fa42665">
      <Execution id="792b1f65-5683-4f84-ac79-848e4fbd29a1" />
      <TestMethod codeBase="C:\code\dotnet\pto\pto.track.tests\bin\Debug\net9.0\pto.track.tests.dll" adapterTypeName="executor://xunit/VsTestRunner2/netcoreapp" className="pto.track.tests.AbsencesAuthorizationTests" name="PutAbsenceRequest_NonexistentRequest_ReturnsNotFound" />
    </UnitTest>
    <UnitTest name="pto.track.tests.Integration.IntegrationTests.GetEvents_ReturnsSeededEventsForRange" storage="c:\code\dotnet\pto\pto.track.tests\bin\debug\net9.0\pto.track.tests.dll" id="488d2acd-68d4-0727-e75a-e4d914236601">
      <Execution id="c4367b8a-b9a2-45d8-8bbd-b628bc8e746b" />
      <TestMethod codeBase="C:\code\dotnet\pto\pto.track.tests\bin\Debug\net9.0\pto.track.tests.dll" adapterTypeName="executor://xunit/VsTestRunner2/netcoreapp" className="pto.track.tests.Integration.IntegrationTests" name="GetEvents_ReturnsSeededEventsForRange" />
    </UnitTest>
    <UnitTest name="pto.track.tests.GroupsControllerTests.GetGroupById_AsNonAdmin_ReturnsForbid" storage="c:\code\dotnet\pto\pto.track.tests\bin\debug\net9.0\pto.track.tests.dll" id="62cb0098-4653-4041-e017-8e024d556643">
      <Execution id="59a048fa-ab39-4d74-bb53-33a4df4d406f" />
      <TestMethod codeBase="C:\code\dotnet\pto\pto.track.tests\bin\Debug\net9.0\pto.track.tests.dll" adapterTypeName="executor://xunit/VsTestRunner2/netcoreapp" className="pto.track.tests.GroupsControllerTests" name="GetGroupById_AsNonAdmin_ReturnsForbid" />
    </UnitTest>
    <UnitTest name="pto.track.tests.ResourcesControllerTests.GetResources_ReturnsAllResources" storage="c:\code\dotnet\pto\pto.track.tests\bin\debug\net9.0\pto.track.tests.dll" id="903dda55-45c0-7f0e-df27-ab93d297b7ff">
      <Execution id="7787f0be-338d-48ab-9b2e-89480ac569b7" />
      <TestMethod codeBase="C:\code\dotnet\pto\pto.track.tests\bin\Debug\net9.0\pto.track.tests.dll" adapterTypeName="executor://xunit/VsTestRunner2/netcoreapp" className="pto.track.tests.ResourcesControllerTests" name="GetResources_ReturnsAllResources" />
    </UnitTest>
    <UnitTest name="pto.track.tests.AbsencesAuthorizationTests.RejectAbsenceRequest_WithManagerRole_Succeeds" storage="c:\code\dotnet\pto\pto.track.tests\bin\debug\net9.0\pto.track.tests.dll" id="e04d5d9b-056e-6b66-522c-3c5e74641a02">
      <Execution id="28628c99-b02b-48d0-99a0-df3f9963f976" />
      <TestMethod codeBase="C:\code\dotnet\pto\pto.track.tests\bin\Debug\net9.0\pto.track.tests.dll" adapterTypeName="executor://xunit/VsTestRunner2/netcoreapp" className="pto.track.tests.AbsencesAuthorizationTests" name="RejectAbsenceRequest_WithManagerRole_Succeeds" />
    </UnitTest>
    <UnitTest name="pto.track.tests.GlobalExceptionHandlerTests.TryHandleAsync_WithAbsenceNotFoundException_Returns404" storage="c:\code\dotnet\pto\pto.track.tests\bin\debug\net9.0\pto.track.tests.dll" id="9cdbf214-8709-8747-d515-349e1a8091e0">
      <Execution id="b7304b5f-270c-452d-898a-0904dfe204fe" />
      <TestMethod codeBase="C:\code\dotnet\pto\pto.track.tests\bin\Debug\net9.0\pto.track.tests.dll" adapterTypeName="executor://xunit/VsTestRunner2/netcoreapp" className="pto.track.tests.GlobalExceptionHandlerTests" name="TryHandleAsync_WithAbsenceNotFoundException_Returns404" />
    </UnitTest>
    <UnitTest name="pto.track.tests.AbsencesAuthorizationTests.CancelAbsenceRequest_UserCancelsOthersRequest_ReturnsForbid" storage="c:\code\dotnet\pto\pto.track.tests\bin\debug\net9.0\pto.track.tests.dll" id="60dd4c62-d8d6-ce3a-e6b2-fac4cbccf9f3">
      <Execution id="5ba2c64f-9bfc-49dd-bd9a-eea174a429b7" />
      <TestMethod codeBase="C:\code\dotnet\pto\pto.track.tests\bin\Debug\net9.0\pto.track.tests.dll" adapterTypeName="executor://xunit/VsTestRunner2/netcoreapp" className="pto.track.tests.AbsencesAuthorizationTests" name="CancelAbsenceRequest_UserCancelsOthersRequest_ReturnsForbid" />
    </UnitTest>
    <UnitTest name="pto.track.tests.AbsencesAuthorizationTests.CancelAbsenceRequest_UserCancelsOwnRequest_Succeeds" storage="c:\code\dotnet\pto\pto.track.tests\bin\debug\net9.0\pto.track.tests.dll" id="7afdb553-0b5f-0598-c04a-7f09a73e18b8">
      <Execution id="2e07e6cf-adc6-41c3-832a-06d17e3a2df0" />
      <TestMethod codeBase="C:\code\dotnet\pto\pto.track.tests\bin\Debug\net9.0\pto.track.tests.dll" adapterTypeName="executor://xunit/VsTestRunner2/netcoreapp" className="pto.track.tests.AbsencesAuthorizationTests" name="CancelAbsenceRequest_UserCancelsOwnRequest_Succeeds" />
    </UnitTest>
    <UnitTest name="pto.track.tests.ImpersonationTests.CurrentUser_WithImpersonation_ReturnsImpersonatedUser" storage="c:\code\dotnet\pto\pto.track.tests\bin\debug\net9.0\pto.track.tests.dll" id="643f34ae-17d6-ede1-215f-b05a7aea8176">
      <Execution id="fc95ec3f-5d3b-4a3b-8dfd-b2b01f741fe8" />
      <TestMethod codeBase="C:\code\dotnet\pto\pto.track.tests\bin\Debug\net9.0\pto.track.tests.dll" adapterTypeName="executor://xunit/VsTestRunner2/netcoreapp" className="pto.track.tests.ImpersonationTests" name="CurrentUser_WithImpersonation_ReturnsImpersonatedUser" />
    </UnitTest>
    <UnitTest name="pto.track.tests.ImpersonationTests.CurrentUser_ImpersonatedAsAdmin_ReturnsAdminRole" storage="c:\code\dotnet\pto\pto.track.tests\bin\debug\net9.0\pto.track.tests.dll" id="13361b48-8e5b-53df-c19a-a8746d73fd05">
      <Execution id="9c32f2ef-213c-4a82-8922-b2da40eb3094" />
      <TestMethod codeBase="C:\code\dotnet\pto\pto.track.tests\bin\Debug\net9.0\pto.track.tests.dll" adapterTypeName="executor://xunit/VsTestRunner2/netcoreapp" className="pto.track.tests.ImpersonationTests" name="CurrentUser_ImpersonatedAsAdmin_ReturnsAdminRole" />
    </UnitTest>
    <UnitTest name="pto.track.tests.GroupsControllerTests.UpdateGroup_AsNonAdmin_ReturnsForbid" storage="c:\code\dotnet\pto\pto.track.tests\bin\debug\net9.0\pto.track.tests.dll" id="54d203ce-ca4e-7d62-ba78-529e7d1455be">
      <Execution id="7f7aedc9-1e77-4692-bd65-374284335ad7" />
      <TestMethod codeBase="C:\code\dotnet\pto\pto.track.tests\bin\Debug\net9.0\pto.track.tests.dll" adapterTypeName="executor://xunit/VsTestRunner2/netcoreapp" className="pto.track.tests.GroupsControllerTests" name="UpdateGroup_AsNonAdmin_ReturnsForbid" />
    </UnitTest>
    <UnitTest name="pto.track.tests.GlobalExceptionHandlerTests.TryHandleAsync_WritesValidProblemDetailsJson" storage="c:\code\dotnet\pto\pto.track.tests\bin\debug\net9.0\pto.track.tests.dll" id="21cb7c35-6e1c-b8e5-7e4a-f4ce081c5c3b">
      <Execution id="ef508b64-0af4-4fd4-8a59-96a0d4a7c313" />
      <TestMethod codeBase="C:\code\dotnet\pto\pto.track.tests\bin\Debug\net9.0\pto.track.tests.dll" adapterTypeName="executor://xunit/VsTestRunner2/netcoreapp" className="pto.track.tests.GlobalExceptionHandlerTests" name="TryHandleAsync_WritesValidProblemDetailsJson" />
    </UnitTest>
    <UnitTest name="pto.track.tests.EventsControllerTests.GetSchedulerEvent_WithValidId_ReturnsEvent" storage="c:\code\dotnet\pto\pto.track.tests\bin\debug\net9.0\pto.track.tests.dll" id="2e7c6399-54b3-ccef-1d0b-944eebf3e920">
      <Execution id="68b4dc8c-d696-4cc1-a17e-39db7682bb16" />
      <TestMethod codeBase="C:\code\dotnet\pto\pto.track.tests\bin\Debug\net9.0\pto.track.tests.dll" adapterTypeName="executor://xunit/VsTestRunner2/netcoreapp" className="pto.track.tests.EventsControllerTests" name="GetSchedulerEvent_WithValidId_ReturnsEvent" />
    </UnitTest>
    <UnitTest name="pto.track.tests.GroupsControllerTests.GetResourcesForGroup_AsAdmin_ReturnsResources" storage="c:\code\dotnet\pto\pto.track.tests\bin\debug\net9.0\pto.track.tests.dll" id="ba4263a2-6e50-810a-a999-1bc756c3e843">
      <Execution id="ee0f528f-5edc-46b5-8410-a0dac6497a20" />
      <TestMethod codeBase="C:\code\dotnet\pto\pto.track.tests\bin\Debug\net9.0\pto.track.tests.dll" adapterTypeName="executor://xunit/VsTestRunner2/netcoreapp" className="pto.track.tests.GroupsControllerTests" name="GetResourcesForGroup_AsAdmin_ReturnsResources" />
    </UnitTest>
    <UnitTest name="pto.track.tests.HostingExtensionsTests.ConfigurePipeline_ComposesWithoutError" storage="c:\code\dotnet\pto\pto.track.tests\bin\debug\net9.0\pto.track.tests.dll" id="8fd5d91b-75d6-b6e9-99d1-521019cdbea8">
      <Execution id="08b5e0fc-4728-44a6-9647-db8de2b11f5d" />
      <TestMethod codeBase="C:\code\dotnet\pto\pto.track.tests\bin\Debug\net9.0\pto.track.tests.dll" adapterTypeName="executor://xunit/VsTestRunner2/netcoreapp" className="pto.track.tests.HostingExtensionsTests" name="ConfigurePipeline_ComposesWithoutError" />
    </UnitTest>
    <UnitTest name="pto.track.tests.ImpersonationTests.CurrentUser_ImpersonatedAsManager_ReturnsManagerRole" storage="c:\code\dotnet\pto\pto.track.tests\bin\debug\net9.0\pto.track.tests.dll" id="baa2a96d-7c0f-ee54-8659-8eca2940bffd">
      <Execution id="919048d3-3e72-4cad-a55b-1ee2217d0137" />
      <TestMethod codeBase="C:\code\dotnet\pto\pto.track.tests\bin\Debug\net9.0\pto.track.tests.dll" adapterTypeName="executor://xunit/VsTestRunner2/netcoreapp" className="pto.track.tests.ImpersonationTests" name="CurrentUser_ImpersonatedAsManager_ReturnsManagerRole" />
    </UnitTest>
    <UnitTest name="pto.track.tests.AbsencesAuthorizationTests.RejectAbsenceRequest_WithEmployeeRole_ReturnsForbid" storage="c:\code\dotnet\pto\pto.track.tests\bin\debug\net9.0\pto.track.tests.dll" id="e98403aa-1713-5955-3ebd-158ab71afac7">
      <Execution id="ed93bbb8-7537-412f-be5d-3af1adfe0723" />
      <TestMethod codeBase="C:\code\dotnet\pto\pto.track.tests\bin\Debug\net9.0\pto.track.tests.dll" adapterTypeName="executor://xunit/VsTestRunner2/netcoreapp" className="pto.track.tests.AbsencesAuthorizationTests" name="RejectAbsenceRequest_WithEmployeeRole_ReturnsForbid" />
    </UnitTest>
    <UnitTest name="pto.track.tests.CodeMetricsAnalyzer.AnalyzeClassCoupling" storage="c:\code\dotnet\pto\pto.track.tests\bin\debug\net9.0\pto.track.tests.dll" id="1fca10f9-695f-c311-c684-cf2e2afbd073">
      <Execution id="2122771d-2f19-41d2-8ce9-4e20fea1a193" />
      <TestMethod codeBase="C:\code\dotnet\pto\pto.track.tests\bin\Debug\net9.0\pto.track.tests.dll" adapterTypeName="executor://xunit/VsTestRunner2/netcoreapp" className="pto.track.tests.CodeMetricsAnalyzer" name="AnalyzeClassCoupling" />
    </UnitTest>
    <UnitTest name="pto.track.tests.ImpersonationTests.CurrentUser_WithoutImpersonation_ReturnsDefaultUser" storage="c:\code\dotnet\pto\pto.track.tests\bin\debug\net9.0\pto.track.tests.dll" id="6d1677dc-8e8a-8c63-72ca-7647a476bbd6">
      <Execution id="9e44c621-479d-46ac-a020-69fbe10c1fbc" />
      <TestMethod codeBase="C:\code\dotnet\pto\pto.track.tests\bin\Debug\net9.0\pto.track.tests.dll" adapterTypeName="executor://xunit/VsTestRunner2/netcoreapp" className="pto.track.tests.ImpersonationTests" name="CurrentUser_WithoutImpersonation_ReturnsDefaultUser" />
    </UnitTest>
    <UnitTest name="pto.track.tests.HostingExtensionsTests.ConfigureAppConfiguration_AddsUserSecrets_ForLocalEnvironment" storage="c:\code\dotnet\pto\pto.track.tests\bin\debug\net9.0\pto.track.tests.dll" id="37b0ef78-312e-08af-84d1-6c47974fb765">
      <Execution id="01c76b7e-a4eb-43dc-812c-916b02ee79f6" />
      <TestMethod codeBase="C:\code\dotnet\pto\pto.track.tests\bin\Debug\net9.0\pto.track.tests.dll" adapterTypeName="executor://xunit/VsTestRunner2/netcoreapp" className="pto.track.tests.HostingExtensionsTests" name="ConfigureAppConfiguration_AddsUserSecrets_ForLocalEnvironment" />
    </UnitTest>
    <UnitTest name="pto.track.tests.Integration.IntegrationTests.GetResourcesByGroup_WithValidGroup_Returns200" storage="c:\code\dotnet\pto\pto.track.tests\bin\debug\net9.0\pto.track.tests.dll" id="4578d6ec-3976-e52d-0070-d16aedc10512">
      <Execution id="c4efbc13-ed7e-444a-8ca2-5515479ab286" />
      <TestMethod codeBase="C:\code\dotnet\pto\pto.track.tests\bin\Debug\net9.0\pto.track.tests.dll" adapterTypeName="executor://xunit/VsTestRunner2/netcoreapp" className="pto.track.tests.Integration.IntegrationTests" name="GetResourcesByGroup_WithValidGroup_Returns200" />
    </UnitTest>
    <UnitTest name="pto.track.tests.EventsControllerTests.DeleteSchedulerEvent_WithValidId_ReturnsNoContent" storage="c:\code\dotnet\pto\pto.track.tests\bin\debug\net9.0\pto.track.tests.dll" id="cb208eed-7075-da9e-b48e-3a8f52d7a8ad">
      <Execution id="012944f2-b906-4ced-9555-fc024f23d05f" />
      <TestMethod codeBase="C:\code\dotnet\pto\pto.track.tests\bin\Debug\net9.0\pto.track.tests.dll" adapterTypeName="executor://xunit/VsTestRunner2/netcoreapp" className="pto.track.tests.EventsControllerTests" name="DeleteSchedulerEvent_WithValidId_ReturnsNoContent" />
    </UnitTest>
    <UnitTest name="pto.track.tests.AbsencesAuthorizationTests.ApproveAbsenceRequest_WithoutRole_LogsWarning" storage="c:\code\dotnet\pto\pto.track.tests\bin\debug\net9.0\pto.track.tests.dll" id="4ba0b6b8-7ef2-ab8f-cfc3-00672d550b5d">
      <Execution id="8715b734-2395-4efd-8f6b-b83f5ce17884" />
      <TestMethod codeBase="C:\code\dotnet\pto\pto.track.tests\bin\Debug\net9.0\pto.track.tests.dll" adapterTypeName="executor://xunit/VsTestRunner2/netcoreapp" className="pto.track.tests.AbsencesAuthorizationTests" name="ApproveAbsenceRequest_WithoutRole_LogsWarning" />
    </UnitTest>
    <UnitTest name="pto.track.tests.ImpersonationTests.Impersonation_PersistsAcrossMultipleRequests" storage="c:\code\dotnet\pto\pto.track.tests\bin\debug\net9.0\pto.track.tests.dll" id="d2ac0bf3-b332-8885-3705-9239146513b1">
      <Execution id="1355c7eb-0a08-4cf0-a358-6301fb86cc41" />
      <TestMethod codeBase="C:\code\dotnet\pto\pto.track.tests\bin\Debug\net9.0\pto.track.tests.dll" adapterTypeName="executor://xunit/VsTestRunner2/netcoreapp" className="pto.track.tests.ImpersonationTests" name="Impersonation_PersistsAcrossMultipleRequests" />
    </UnitTest>
    <UnitTest name="pto.track.tests.Integration.IntegrationTests.GetResources_ReturnsSeededResources" storage="c:\code\dotnet\pto\pto.track.tests\bin\debug\net9.0\pto.track.tests.dll" id="aea03ba3-8a05-8636-c470-a972efbb5826">
      <Execution id="d987a06c-6408-4676-8ef3-d09694615742" />
      <TestMethod codeBase="C:\code\dotnet\pto\pto.track.tests\bin\Debug\net9.0\pto.track.tests.dll" adapterTypeName="executor://xunit/VsTestRunner2/netcoreapp" className="pto.track.tests.Integration.IntegrationTests" name="GetResources_ReturnsSeededResources" />
    </UnitTest>
    <UnitTest name="pto.track.tests.AbsencesAuthorizationTests.PutAbsenceRequest_UserUpdatesOthersRequest_ReturnsForbid" storage="c:\code\dotnet\pto\pto.track.tests\bin\debug\net9.0\pto.track.tests.dll" id="93a4ab0a-bd09-0868-875c-c27594763709">
      <Execution id="a7371753-3264-402f-b812-87a973cd08c6" />
      <TestMethod codeBase="C:\code\dotnet\pto\pto.track.tests\bin\Debug\net9.0\pto.track.tests.dll" adapterTypeName="executor://xunit/VsTestRunner2/netcoreapp" className="pto.track.tests.AbsencesAuthorizationTests" name="PutAbsenceRequest_UserUpdatesOthersRequest_ReturnsForbid" />
    </UnitTest>
    <UnitTest name="pto.track.tests.GroupsControllerTests.CreateGroup_AsAdmin_CreatesGroup" storage="c:\code\dotnet\pto\pto.track.tests\bin\debug\net9.0\pto.track.tests.dll" id="a88e8dff-9c6c-725f-98aa-225219e14ee9">
      <Execution id="0db29ac2-c2a7-46a3-8f48-1fc1d77d5519" />
      <TestMethod codeBase="C:\code\dotnet\pto\pto.track.tests\bin\Debug\net9.0\pto.track.tests.dll" adapterTypeName="executor://xunit/VsTestRunner2/netcoreapp" className="pto.track.tests.GroupsControllerTests" name="CreateGroup_AsAdmin_CreatesGroup" />
    </UnitTest>
    <UnitTest name="pto.track.tests.GlobalExceptionHandlerTests.TryHandleAsync_WithEventNotFoundException_Returns404" storage="c:\code\dotnet\pto\pto.track.tests\bin\debug\net9.0\pto.track.tests.dll" id="c32b95fb-4e40-8534-c4ae-51923929600d">
      <Execution id="79cd8811-f275-414c-8fdf-753c706b6f39" />
      <TestMethod codeBase="C:\code\dotnet\pto\pto.track.tests\bin\Debug\net9.0\pto.track.tests.dll" adapterTypeName="executor://xunit/VsTestRunner2/netcoreapp" className="pto.track.tests.GlobalExceptionHandlerTests" name="TryHandleAsync_WithEventNotFoundException_Returns404" />
    </UnitTest>
    <UnitTest name="pto.track.tests.AbsencesAuthorizationTests.ApproveAbsenceRequest_WithApproverRole_Succeeds" storage="c:\code\dotnet\pto\pto.track.tests\bin\debug\net9.0\pto.track.tests.dll" id="293b3356-bb5d-9c0f-8ac7-0567c76148f6">
      <Execution id="4637a587-a973-4d12-8b0d-d093c15314da" />
      <TestMethod codeBase="C:\code\dotnet\pto\pto.track.tests\bin\Debug\net9.0\pto.track.tests.dll" adapterTypeName="executor://xunit/VsTestRunner2/netcoreapp" className="pto.track.tests.AbsencesAuthorizationTests" name="ApproveAbsenceRequest_WithApproverRole_Succeeds" />
    </UnitTest>
    <UnitTest name="pto.track.tests.CodeMetricsAnalyzer.AnalyzeInheritanceDepth" storage="c:\code\dotnet\pto\pto.track.tests\bin\debug\net9.0\pto.track.tests.dll" id="f59bdd1f-03ca-5baa-6b52-0bb4ef2b8b52">
      <Execution id="67082e16-9153-4a81-bcfb-81074940bf83" />
      <TestMethod codeBase="C:\code\dotnet\pto\pto.track.tests\bin\Debug\net9.0\pto.track.tests.dll" adapterTypeName="executor://xunit/VsTestRunner2/netcoreapp" className="pto.track.tests.CodeMetricsAnalyzer" name="AnalyzeInheritanceDepth" />
    </UnitTest>
    <UnitTest name="pto.track.tests.GroupsControllerTests.GetGroupById_AsAdmin_ReturnsGroup" storage="c:\code\dotnet\pto\pto.track.tests\bin\debug\net9.0\pto.track.tests.dll" id="85f27422-80ac-e86d-a35d-d753a801da0e">
      <Execution id="f5fa4359-3043-43a4-b23c-861aebdcb321" />
      <TestMethod codeBase="C:\code\dotnet\pto\pto.track.tests\bin\Debug\net9.0\pto.track.tests.dll" adapterTypeName="executor://xunit/VsTestRunner2/netcoreapp" className="pto.track.tests.GroupsControllerTests" name="GetGroupById_AsAdmin_ReturnsGroup" />
    </UnitTest>
    <UnitTest name="pto.track.tests.GroupsControllerTests.DeleteGroup_AsNonAdmin_ReturnsForbid" storage="c:\code\dotnet\pto\pto.track.tests\bin\debug\net9.0\pto.track.tests.dll" id="c8b34002-4788-3b4e-8175-5af24bc5f122">
      <Execution id="a1b0b066-ac04-4c9b-bfd1-31ae021d4de3" />
      <TestMethod codeBase="C:\code\dotnet\pto\pto.track.tests\bin\Debug\net9.0\pto.track.tests.dll" adapterTypeName="executor://xunit/VsTestRunner2/netcoreapp" className="pto.track.tests.GroupsControllerTests" name="DeleteGroup_AsNonAdmin_ReturnsForbid" />
    </UnitTest>
    <UnitTest name="pto.track.tests.GlobalExceptionHandlerTests.TryHandleAsync_WithInvalidAbsenceOperationException_Returns400" storage="c:\code\dotnet\pto\pto.track.tests\bin\debug\net9.0\pto.track.tests.dll" id="95a7f3d8-2249-5b2c-d3ad-26f33a5fa8cf">
      <Execution id="578de56a-c1a6-4420-831e-3f8e3a142801" />
      <TestMethod codeBase="C:\code\dotnet\pto\pto.track.tests\bin\Debug\net9.0\pto.track.tests.dll" adapterTypeName="executor://xunit/VsTestRunner2/netcoreapp" className="pto.track.tests.GlobalExceptionHandlerTests" name="TryHandleAsync_WithInvalidAbsenceOperationException_Returns400" />
    </UnitTest>
    <UnitTest name="pto.track.tests.ImpersonationMiddlewareTests.InvokeAsync_WhenMockMode_AndImpersonationCookieExists_AuthenticatesImpersonatedUser" storage="c:\code\dotnet\pto\pto.track.tests\bin\debug\net9.0\pto.track.tests.dll" id="c09018c2-1595-8dd7-97d7-4b72afc32753">
      <Execution id="73930626-e1f7-4979-82aa-e4c407ad01bf" />
      <TestMethod codeBase="C:\code\dotnet\pto\pto.track.tests\bin\Debug\net9.0\pto.track.tests.dll" adapterTypeName="executor://xunit/VsTestRunner2/netcoreapp" className="pto.track.tests.ImpersonationMiddlewareTests" name="InvokeAsync_WhenMockMode_AndImpersonationCookieExists_AuthenticatesImpersonatedUser" />
    </UnitTest>
    <UnitTest name="pto.track.tests.CodeMetricsAnalyzer.AnalyzeLinesOfCode" storage="c:\code\dotnet\pto\pto.track.tests\bin\debug\net9.0\pto.track.tests.dll" id="8e565d72-32d2-8e8d-372e-92b32b1e0388">
      <Execution id="10918c5d-d04a-461f-ac66-91195b85664e" />
      <TestMethod codeBase="C:\code\dotnet\pto\pto.track.tests\bin\Debug\net9.0\pto.track.tests.dll" adapterTypeName="executor://xunit/VsTestRunner2/netcoreapp" className="pto.track.tests.CodeMetricsAnalyzer" name="AnalyzeLinesOfCode" />
    </UnitTest>
    <UnitTest name="pto.track.tests.EventsControllerTests.DeleteSchedulerEvent_WithInvalidId_ThrowsException" storage="c:\code\dotnet\pto\pto.track.tests\bin\debug\net9.0\pto.track.tests.dll" id="a957c5fe-cf4f-80d9-68c7-f1c3a3ba8007">
      <Execution id="de085853-c473-4303-b504-be7270ce3146" />
      <TestMethod codeBase="C:\code\dotnet\pto\pto.track.tests\bin\Debug\net9.0\pto.track.tests.dll" adapterTypeName="executor://xunit/VsTestRunner2/netcoreapp" className="pto.track.tests.EventsControllerTests" name="DeleteSchedulerEvent_WithInvalidId_ThrowsException" />
    </UnitTest>
    <UnitTest name="pto.track.tests.GroupsAuthorizationTests.GroupsPage_ManagerWithoutAdmin_RedirectsToHome" storage="c:\code\dotnet\pto\pto.track.tests\bin\debug\net9.0\pto.track.tests.dll" id="dc89fb61-f14c-c4e0-c07e-4d0ab00c8d1b">
      <Execution id="d54fe5ec-0b11-4bd0-b159-d21a22258e13" />
      <TestMethod codeBase="C:\code\dotnet\pto\pto.track.tests\bin\Debug\net9.0\pto.track.tests.dll" adapterTypeName="executor://xunit/VsTestRunner2/netcoreapp" className="pto.track.tests.GroupsAuthorizationTests" name="GroupsPage_ManagerWithoutAdmin_RedirectsToHome" />
    </UnitTest>
    <UnitTest name="pto.track.tests.AbsencesControllerTests.GetAbsenceRequests_WithDateRange_ManagerSeesAll" storage="c:\code\dotnet\pto\pto.track.tests\bin\debug\net9.0\pto.track.tests.dll" id="3f9b5ec9-afcb-0670-7819-1c0b10282c9e">
      <Execution id="b737c327-2cc0-4e1b-80ae-0cb0a8a491fa" />
      <TestMethod codeBase="C:\code\dotnet\pto\pto.track.tests\bin\Debug\net9.0\pto.track.tests.dll" adapterTypeName="executor://xunit/VsTestRunner2/netcoreapp" className="pto.track.tests.AbsencesControllerTests" name="GetAbsenceRequests_WithDateRange_ManagerSeesAll" />
    </UnitTest>
    <UnitTest name="pto.track.tests.ImpersonationMiddlewareTests.InvokeAsync_WhenNotMockMode_DoesNotAuthenticate" storage="c:\code\dotnet\pto\pto.track.tests\bin\debug\net9.0\pto.track.tests.dll" id="fa64d201-e4b3-ed76-fa11-d549b5085196">
      <Execution id="5a709dd7-b023-45ec-b2e4-379e78620222" />
      <TestMethod codeBase="C:\code\dotnet\pto\pto.track.tests\bin\Debug\net9.0\pto.track.tests.dll" adapterTypeName="executor://xunit/VsTestRunner2/netcoreapp" className="pto.track.tests.ImpersonationMiddlewareTests" name="InvokeAsync_WhenNotMockMode_DoesNotAuthenticate" />
    </UnitTest>
    <UnitTest name="pto.track.tests.GlobalExceptionHandlerTests.TryHandleAsync_WithResourceNotFoundException_Returns404" storage="c:\code\dotnet\pto\pto.track.tests\bin\debug\net9.0\pto.track.tests.dll" id="e7ed8809-9d69-26ea-7483-8017cf77e6ea">
[...]
  [62.6] PtoTrackDbContext.OnModelCreating&#xD;
      in pto.track.data\PtoTrackDbContext.cs&#xD;
  [62.8] HostingExtensions.ConfigureExceptionHandling&#xD;
      in pto.track\HostingExtensions.cs&#xD;
  [63.1] UserSyncService.DetermineRole&#xD;
      in pto.track.services\UserSyncService.cs&#xD;
  [63.2] HostingExtensions.ConfigureHealthEndpoints&#xD;
      in pto.track\HostingExtensions.cs&#xD;
  [63.3] MockAuthenticationMiddleware.InvokeAsync&#xD;
      in pto.track\Middleware\MockAuthenticationMiddleware.cs&#xD;
  [63.7] QueryableExtensions.ApplySpecification&#xD;
      in pto.track.services\Specifications\SpecificationEvaluator.cs&#xD;
  [64.4] HostingExtensions.ConfigurePathBase&#xD;
      in pto.track\HostingExtensions.cs&#xD;
  [64.7] ImpersonationController.ClearImpersonation&#xD;
      in pto.track\Controllers\ImpersonationController.cs&#xD;
Consider refactoring these methods to improve maintainability.&#xD;
dbug: pto.track.Controllers.GroupsController[0]&#xD;
      CreateGroup called with name To Delete&#xD;
dbug: pto.track.Controllers.GroupsController[0]&#xD;
      Created group with ID 2&#xD;
dbug: pto.track.Controllers.GroupsController[0]&#xD;
      DeleteGroup called for group 2&#xD;
dbug: pto.track.Controllers.GroupsController[0]&#xD;
      Deleted group 2&#xD;
warn: Microsoft.AspNetCore.HttpsPolicy.HttpsRedirectionMiddleware[3]&#xD;
      Failed to determine the https port for redirect.&#xD;
dbug: pto.track.Controllers.ResourcesController[0]&#xD;
      GetResources called&#xD;
dbug: pto.track.Controllers.ResourcesController[0]&#xD;
      Returning 2 resources&#xD;
dbug: pto.track.Controllers.GroupsController[0]&#xD;
      GetGroupById called for group 2&#xD;
warn: pto.track.Controllers.GroupsController[0]&#xD;
      Group 2 not found&#xD;
dbug: pto.track.Controllers.GroupsController[0]&#xD;
      CreateGroup called with name Old Name&#xD;
dbug: pto.track.Controllers.GroupsController[0]&#xD;
      Created group with ID 3&#xD;
dbug: pto.track.Controllers.GroupsController[0]&#xD;
      CreateGroup called with name Resource Group&#xD;
dbug: pto.track.Controllers.GroupsController[0]&#xD;
      Created group with ID 4&#xD;
dbug: pto.track.Controllers.GroupsController[0]&#xD;
      GetResourcesForGroup called for group 4&#xD;
warn: Microsoft.AspNetCore.HttpsPolicy.HttpsRedirectionMiddleware[3]&#xD;
      Failed to determine the https port for redirect.&#xD;
dbug: pto.track.Controllers.GroupsController[0]&#xD;
      Returning 0 resources for group 4&#xD;
info: pto.track.Controllers.ImpersonationController[0]&#xD;
      Impersonation set for MGR001 with roles Employee, Manager&#xD;
=== Cyclomatic Complexity Report ===&#xD;
Analyzed 65 source files&#xD;
� All methods have acceptable complexity (�10)&#xD;
dbug: pto.track.Controllers.GroupsController[0]&#xD;
      CreateGroup called with name Old Name&#xD;
dbug: pto.track.Controllers.GroupsController[0]&#xD;
      Created group with ID 5&#xD;
dbug: pto.track.Controllers.AbsencesController[0]&#xD;
      GetAbsenceRequests called with start=12/09/2025 00:00:00, end=12/16/2025 00:00:00, employeeId=(null), status=&#xD;
info: pto.track.Controllers.AbsencesController[0]&#xD;
      No status filters provided, will return all statuses&#xD;
dbug: pto.track.Controllers.GroupsController[0]&#xD;
      UpdateGroup called for group 5&#xD;
dbug: pto.track.Controllers.GroupsController[0]&#xD;
      Updated group 5&#xD;
dbug: pto.track.Controllers.GroupsController[0]&#xD;
      GetGroupById called for group 5&#xD;
dbug: pto.track.Controllers.GroupsController[0]&#xD;
      CreateGroup called with name Integration Group&#xD;
dbug: pto.track.Controllers.GroupsController[0]&#xD;
      Created group with ID 6&#xD;
warn: Microsoft.AspNetCore.HttpsPolicy.HttpsRedirectionMiddleware[3]&#xD;
      Failed to determine the https port for redirect.&#xD;
dbug: pto.track.Controllers.GroupsController[0]&#xD;
      GetGroupById called for group 6&#xD;
dbug: pto.track.Controllers.GroupsController[0]&#xD;
      CreateGroup called with name Integration Group&#xD;
dbug: pto.track.Controllers.GroupsController[0]&#xD;
      Created group with ID 7&#xD;
dbug: pto.track.Controllers.GroupsController[0]&#xD;
      CreateGroup called with name To Delete&#xD;
dbug: pto.track.Controllers.GroupsController[0]&#xD;
      Created group with ID 8&#xD;
dbug: pto.track.Controllers.GroupsController[0]&#xD;
      CreateGroup called with name Integration Group&#xD;
dbug: pto.track.Controllers.GroupsController[0]&#xD;
      Created group with ID 9&#xD;
dbug: pto.track.Controllers.AbsencesController[0]&#xD;
      Returning 3 of 3 absences for date range&#xD;
warn: Microsoft.AspNetCore.HttpsPolicy.HttpsRedirectionMiddleware[3]&#xD;
      Failed to determine the https port for redirect.&#xD;
dbug: pto.track.Controllers.EventsController[0]&#xD;
      GetSchedulerEvents called with start=11/13/2025 00:00:00, end=11/13/2025 23:59:59&#xD;
dbug: pto.track.Controllers.EventsController[0]&#xD;
      Returning 1 events&#xD;
warn: Microsoft.AspNetCore.HttpsPolicy.HttpsRedirectionMiddleware[3]&#xD;
      Failed to determine the https port for redirect.&#xD;
info: pto.track.Controllers.ImpersonationController[0]&#xD;
      Impersonation set for EMP002 with roles Employee&#xD;
=== Lines of Code Report ===&#xD;
Analyzed 65 source files&#xD;
Found 5 method(s) &gt; 50 lines:&#xD;
  [80 lines] AppServiceExtensions.ConfigureServices&#xD;
      in pto.track\AppServiceExtensions.cs&#xD;
  [80 lines] HostingExtensions.ConfigureStaticFiles&#xD;
      in pto.track\HostingExtensions.cs&#xD;
  [65 lines] ServiceCollectionExtensions.AddSchedulerServices&#xD;
      in pto.track.services\ServiceCollectionExtensions.cs&#xD;
  [57 lines] GlobalExceptionHandler.TryHandleAsync&#xD;
      in pto.track\Middleware\GlobalExceptionHandler.cs&#xD;
  [53 lines] SpecificationEvaluator.GetQuery&#xD;
      in pto.track.services\Specifications\SpecificationEvaluator.cs&#xD;
� All classes �500 lines&#xD;
info: pto.track.Controllers.ImpersonationController[0]&#xD;
      Impersonation set for MGR001 with roles Employee, Manager&#xD;
info: pto.track.Controllers.ImpersonationController[0]&#xD;
      Impersonation set for ADMIN001 with roles Employee, Manager, Approver, Admin&#xD;
warn: Microsoft.AspNetCore.HttpsPolicy.HttpsRedirectionMiddleware[3]&#xD;
      Failed to determine the https port for redirect.&#xD;
dbug: pto.track.Controllers.ResourcesController[0]&#xD;
      GetResourcesByGroup called for group 1&#xD;
dbug: pto.track.Controllers.ResourcesController[0]&#xD;
      Returning 1 resources for group 1&#xD;
warn: Microsoft.AspNetCore.HttpsPolicy.HttpsRedirectionMiddleware[3]&#xD;
      Failed to determine the https port for redirect.&#xD;
=== Inheritance Depth Report ===&#xD;
Analyzed 65 source files&#xD;
� All classes have inheritance depth �4&#xD;
warn: Microsoft.AspNetCore.HttpsPolicy.HttpsRedirectionMiddleware[3]&#xD;
      Failed to determine the https port for redirect.&#xD;
dbug: pto.track.Controllers.ResourcesController[0]&#xD;
      GetResourcesByGroup called for group 1&#xD;
dbug: pto.track.Controllers.ResourcesController[0]&#xD;
      Returning 2 resources for group 1&#xD;
warn: Microsoft.AspNetCore.HttpsPolicy.HttpsRedirectionMiddleware[3]&#xD;
      Failed to determine the https port for redirect.&#xD;
info: pto.track.Controllers.ImpersonationController[0]&#xD;
      Impersonation set for EMP002 with roles Employee&#xD;
info: pto.track.Controllers.ImpersonationController[0]&#xD;
      Impersonation cleared&#xD;
warn: Microsoft.AspNetCore.HttpsPolicy.HttpsRedirectionMiddleware[3]&#xD;
      Failed to determine the https port for redirect.&#xD;
dbug: pto.track.Controllers.ResourcesController[0]&#xD;
      GetResourcesByGroup called for group 1&#xD;
dbug: pto.track.Controllers.ResourcesController[0]&#xD;
      Returning 5 resources for group 1&#xD;
warn: Microsoft.AspNetCore.HttpsPolicy.HttpsRedirectionMiddleware[3]&#xD;
      Failed to determine the https port for redirect.&#xD;
info: pto.track.Controllers.ImpersonationController[0]&#xD;
      Impersonation set for MGR001 with roles Employee, Manager&#xD;
=== Class Coupling Report ===&#xD;
Analyzed 65 source files&#xD;
� All classes have �10 dependencies&#xD;
warn: Microsoft.AspNetCore.HttpsPolicy.HttpsRedirectionMiddleware[3]&#xD;
      Failed to determine the https port for redirect.&#xD;
dbug: pto.track.Controllers.EventsController[0]&#xD;
      PostSchedulerEvent called&#xD;
dbug: pto.track.Controllers.EventsController[0]&#xD;
      Event created with id=3be3c6f6-c25e-484b-af52-448be3cb438d&#xD;
dbug: pto.track.Controllers.EventsController[0]&#xD;
      GetSchedulerEvent called with id=3be3c6f6-c25e-484b-af52-448be3cb438d&#xD;
dbug: pto.track.Controllers.EventsController[0]&#xD;
      PutSchedulerEvent called with id=3be3c6f6-c25e-484b-af52-448be3cb438d&#xD;
dbug: pto.track.Controllers.EventsController[0]&#xD;
      GetSchedulerEvent called with id=3be3c6f6-c25e-484b-af52-448be3cb438d&#xD;
dbug: pto.track.Controllers.EventsController[0]&#xD;
      DeleteSchedulerEvent called with id=3be3c6f6-c25e-484b-af52-448be3cb438d&#xD;
dbug: pto.track.Controllers.EventsController[0]&#xD;
      Event 3be3c6f6-c25e-484b-af52-448be3cb438d deleted successfully&#xD;
dbug: pto.track.Controllers.EventsController[0]&#xD;
      GetSchedulerEvent called with id=3be3c6f6-c25e-484b-af52-448be3cb438d&#xD;
fail: Microsoft.AspNetCore.Diagnostics.ExceptionHandlerMiddleware[1]&#xD;
      An unhandled exception has occurred while executing the request.&#xD;
      pto.track.services.Exceptions.EventNotFoundException: Event with ID '3be3c6f6-c25e-484b-af52-448be3cb438d' was not found.&#xD;
         at pto.track.services.EventService.GetEventByIdAsync(Guid id, CancellationToken cancellationToken) in C:\code\dotnet\pto\pto.track.services\EventService.cs:line 47&#xD;
         at pto.track.Controllers.EventsController.GetSchedulerEvent(Guid id) in C:\code\dotnet\pto\pto.track\Controllers\EventsController.cs:line 43&#xD;
         at lambda_method1238(Closure, Object)&#xD;
         at Microsoft.AspNetCore.Mvc.Infrastructure.ActionMethodExecutor.AwaitableObjectResultExecutor.Execute(ActionContext actionContext, IActionResultTypeMapper mapper, ObjectMethodExecutor executor, Object controller, Object[] arguments)&#xD;
         at Microsoft.AspNetCore.Mvc.Infrastructure.ControllerActionInvoker.&lt;InvokeActionMethodAsync&gt;g__Awaited|12_0(ControllerActionInvoker invoker, ValueTask`1 actionResultValueTask)&#xD;
         at Microsoft.AspNetCore.Mvc.Infrastructure.ControllerActionInvoker.&lt;InvokeNextActionFilterAsync&gt;g__Awaited|10_0(ControllerActionInvoker invoker, Task lastTask, State next, Scope scope, Object state, Boolean isCompleted)&#xD;
         at Microsoft.AspNetCore.Mvc.Infrastructure.ControllerActionInvoker.Rethrow(ActionExecutedContextSealed context)&#xD;
         at Microsoft.AspNetCore.Mvc.Infrastructure.ControllerActionInvoker.Next(State&amp; next, Scope&amp; scope, Object&amp; state, Boolean&amp; isCompleted)&#xD;
         at Microsoft.AspNetCore.Mvc.Infrastructure.ControllerActionInvoker.InvokeInnerFilterAsync()&#xD;
      --- End of stack trace from previous location ---&#xD;
         at Microsoft.AspNetCore.Mvc.Infrastructure.ResourceInvoker.&lt;InvokeNextResourceFilter&gt;g__Awaited|25_0(ResourceInvoker invoker, Task lastTask, State next, Scope scope, Object state, Boolean isCompleted)&#xD;
         at Microsoft.AspNetCore.Mvc.Infrastructure.ResourceInvoker.Rethrow(ResourceExecutedContextSealed context)&#xD;
         at Microsoft.AspNetCore.Mvc.Infrastructure.ResourceInvoker.Next(State&amp; next, Scope&amp; scope, Object&amp; state, Boolean&amp; isCompleted)&#xD;
         at Microsoft.AspNetCore.Mvc.Infrastructure.ResourceInvoker.InvokeFilterPipelineAsync()&#xD;
      --- End of stack trace from previous location ---&#xD;
         at Microsoft.AspNetCore.Mvc.Infrastructure.ResourceInvoker.&lt;InvokeAsync&gt;g__Awaited|17_0(ResourceInvoker invoker, Task task, IDisposable scope)&#xD;
         at Microsoft.AspNetCore.Mvc.Infrastructure.ResourceInvoker.&lt;InvokeAsync&gt;g__Awaited|17_0(ResourceInvoker invoker, Task task, IDisposable scope)&#xD;
         at Microsoft.AspNetCore.Authorization.AuthorizationMiddleware.Invoke(HttpContext context)&#xD;
         at pto.track.Middleware.MockAuthenticationMiddleware.InvokeAsync(HttpContext context) in C:\code\dotnet\pto\pto.track\Middleware\MockAuthenticationMiddleware.cs:line 37&#xD;
         at Microsoft.AspNetCore.Authentication.AuthenticationMiddleware.Invoke(HttpContext context)&#xD;
         at Microsoft.AspNetCore.Diagnostics.ExceptionHandlerMiddlewareImpl.&lt;Invoke&gt;g__Awaited|10_0(ExceptionHandlerMiddlewareImpl middleware, HttpContext context, Task task)&#xD;
fail: pto.track.Middleware.GlobalExceptionHandler[0]&#xD;
      An unhandled exception occurred: Event with ID '3be3c6f6-c25e-484b-af52-448be3cb438d' was not found.&#xD;
      pto.track.services.Exceptions.EventNotFoundException: Event with ID '3be3c6f6-c25e-484b-af52-448be3cb438d' was not found.&#xD;
         at pto.track.services.EventService.GetEventByIdAsync(Guid id, CancellationToken cancellationToken) in C:\code\dotnet\pto\pto.track.services\EventService.cs:line 47&#xD;
         at pto.track.Controllers.EventsController.GetSchedulerEvent(Guid id) in C:\code\dotnet\pto\pto.track\Controllers\EventsController.cs:line 43&#xD;
         at lambda_method1238(Closure, Object)&#xD;
         at Microsoft.AspNetCore.Mvc.Infrastructure.ActionMethodExecutor.AwaitableObjectResultExecutor.Execute(ActionContext actionContext, IActionResultTypeMapper mapper, ObjectMethodExecutor executor, Object controller, Object[] arguments)&#xD;
         at Microsoft.AspNetCore.Mvc.Infrastructure.ControllerActionInvoker.&lt;InvokeActionMethodAsync&gt;g__Awaited|12_0(ControllerActionInvoker invoker, ValueTask`1 actionResultValueTask)&#xD;
         at Microsoft.AspNetCore.Mvc.Infrastructure.ControllerActionInvoker.&lt;InvokeNextActionFilterAsync&gt;g__Awaited|10_0(ControllerActionInvoker invoker, Task lastTask, State next, Scope scope, Object state, Boolean isCompleted)&#xD;
         at Microsoft.AspNetCore.Mvc.Infrastructure.ControllerActionInvoker.Rethrow(ActionExecutedContextSealed context)&#xD;
         at Microsoft.AspNetCore.Mvc.Infrastructure.ControllerActionInvoker.Next(State&amp; next, Scope&amp; scope, Object&amp; state, Boolean&amp; isCompleted)&#xD;
         at Microsoft.AspNetCore.Mvc.Infrastructure.ControllerActionInvoker.InvokeInnerFilterAsync()&#xD;
      --- End of stack trace from previous location ---&#xD;
         at Microsoft.AspNetCore.Mvc.Infrastructure.ResourceInvoker.&lt;InvokeNextResourceFilter&gt;g__Awaited|25_0(ResourceInvoker invoker, Task lastTask, State next, Scope scope, Object state, Boolean isCompleted)&#xD;
         at Microsoft.AspNetCore.Mvc.Infrastructure.ResourceInvoker.Rethrow(ResourceExecutedContextSealed context)&#xD;
         at Microsoft.AspNetCore.Mvc.Infrastructure.ResourceInvoker.Next(State&amp; next, Scope&amp; scope, Object&amp; state, Boolean&amp; isCompleted)&#xD;
         at Microsoft.AspNetCore.Mvc.Infrastructure.ResourceInvoker.InvokeFilterPipelineAsync()&#xD;
      --- End of stack trace from previous location ---&#xD;
         at Microsoft.AspNetCore.Mvc.Infrastructure.ResourceInvoker.&lt;InvokeAsync&gt;g__Awaited|17_0(ResourceInvoker invoker, Task task, IDisposable scope)&#xD;
         at Microsoft.AspNetCore.Mvc.Infrastructure.ResourceInvoker.&lt;InvokeAsync&gt;g__Awaited|17_0(ResourceInvoker invoker, Task task, IDisposable scope)&#xD;
         at Microsoft.AspNetCore.Authorization.AuthorizationMiddleware.Invoke(HttpContext context)&#xD;
         at pto.track.Middleware.MockAuthenticationMiddleware.InvokeAsync(HttpContext context) in C:\code\dotnet\pto\pto.track\Middleware\MockAuthenticationMiddleware.cs:line 37&#xD;
         at Microsoft.AspNetCore.Authentication.AuthenticationMiddleware.Invoke(HttpContext context)&#xD;
         at Microsoft.AspNetCore.Diagnostics.ExceptionHandlerMiddlewareImpl.&lt;Invoke&gt;g__Awaited|10_0(ExceptionHandlerMiddlewareImpl middleware, HttpContext context, Task task)&#xD;
warn: Microsoft.AspNetCore.HttpsPolicy.HttpsRedirectionMiddleware[3]&#xD;
      Failed to determine the https port for redirect.&#xD;
info: pto.track.Controllers.ImpersonationController[0]&#xD;
      Impersonation set for ADMIN001 with roles Employee, Manager, Approver, Admin&#xD;
=== Method Parameter Count Report ===&#xD;
Analyzed 65 source files&#xD;
Found 2 method(s) with &gt;5 parameters:&#xD;
  [8 params] PtoTrackDbContext.CreateResource&#xD;
      in pto.track.data\PtoTrackDbContext.cs&#xD;
  [6 params] UserSyncService.UpdateExistingUser&#xD;
      in pto.track.services\UserSyncService.cs&#xD;
Consider using parameter objects or builder pattern.&#xD;
warn: Microsoft.AspNetCore.HttpsPolicy.HttpsRedirectionMiddleware[3]&#xD;
      Failed to determine the https port for redirect.&#xD;
warn: Microsoft.AspNetCore.HttpsPolicy.HttpsRedirectionMiddleware[3]&#xD;
      Failed to determine the https port for redirect.&#xD;
info: pto.track.Controllers.ImpersonationController[0]&#xD;
      Impersonation set for MGR001 with roles Employee, Manager&#xD;
dbug: pto.track.Controllers.EventsController[0]&#xD;
      GetSchedulerEvent called with id=cc466205-532d-4cb3-9c9b-e959171837de&#xD;
=== Nesting Depth Report ===&#xD;
Analyzed 65 source files&#xD;
� All methods have nesting depth �4&#xD;
warn: Microsoft.AspNetCore.HttpsPolicy.HttpsRedirectionMiddleware[3]&#xD;
      Failed to determine the https port for redirect.&#xD;
info: pto.track.Controllers.ImpersonationController[0]&#xD;
      Impersonation set for EMP002 with roles Employee&#xD;
warn: Microsoft.AspNetCore.HttpsPolicy.HttpsRedirectionMiddleware[3]&#xD;
      Failed to determine the https port for redirect.&#xD;
info: pto.track.Controllers.ImpersonationController[0]&#xD;
      Impersonation set for EMP002 with roles Employee&#xD;
dbug: pto.track.Controllers.AbsencesController[0]&#xD;
      GetAbsenceRequests called with start=12/08/2025 00:00:00, end=12/16/2025 00:00:00, employeeId=(null), status=&#xD;
info: pto.track.Controllers.AbsencesController[0]&#xD;
      No status filters provided, will return all statuses&#xD;
dbug: pto.track.Controllers.AbsencesController[0]&#xD;
      Returning 2 of 3 absences for date range&#xD;
warn: Microsoft.AspNetCore.HttpsPolicy.HttpsRedirectionMiddleware[3]&#xD;
      Failed to determine the https port for redirect.&#xD;
warn: Microsoft.AspNetCore.HttpsPolicy.HttpsRedirectionMiddleware[3]&#xD;
      Failed to determine the https port for redirect.&#xD;
info: pto.track.Controllers.ImpersonationController[0]&#xD;
      Impersonation set for ADMIN001 with roles Employee, Manager, Approver, Admin&#xD;
info: pto.track.Controllers.ImpersonationController[0]&#xD;
      Impersonation set for MGR001 with roles Employee, Manager&#xD;
info: pto.track.Controllers.ImpersonationController[0]&#xD;
      Impersonation set for APR001 with roles Employee, Approver&#xD;
[xUnit.net 00:00:04.96]   Finished:    pto.track.tests&#xD;
</StdOut>
    </Output>
    <RunInfos>
      <RunInfo computerName="QUANTUM" outcome="Error" timestamp="2025-12-09T11:41:33.9557677-10:00">
        <Text>[xUnit.net 00:00:03.16]     pto.track.tests.HostingExtensionsTests.ConfigureAppConfiguration_AddsUserSecrets_ForLocalEnvironment [FAIL]</Text>
      </RunInfo>
      <RunInfo computerName="QUANTUM" outcome="Error" timestamp="2025-12-09T11:41:33.9583027-10:00">
        <Text>[xUnit.net 00:00:03.17]     pto.track.tests.HostingExtensionsTests.ConfigurePipeline_ComposesWithoutError [FAIL]</Text>
      </RunInfo>
      <RunInfo computerName="QUANTUM" outcome="Error" timestamp="2025-12-09T11:41:33.9594641-10:00">
        <Text>[xUnit.net 00:00:03.17]     pto.track.tests.HostingExtensionsTests.ConfigureServices_RegistersExpectedServices [FAIL]</Text>
      </RunInfo>
    </RunInfos>
  </ResultSummary>
</TestRun>